[0.013s] Invoking command in '/develop_ws/ardupilot/Tools/ros2/build/ardupilot_msgs': CMAKE_PREFIX_PATH=${CMAKE_PREFIX_PATH}:/opt/ros/humble /usr/bin/cmake /develop_ws/ardupilot/Tools/ros2/ardupilot_msgs -DCMAKE_INSTALL_PREFIX=/develop_ws/ardupilot/Tools/ros2/install/ardupilot_msgs
[0.026s] -- Found ament_cmake: 1.3.14 (/opt/ros/humble/share/ament_cmake/cmake)
[0.130s] -- Found geometry_msgs: 4.9.1 (/opt/ros/humble/share/geometry_msgs/cmake)
[0.150s] -- Found rosidl_generator_c: 3.1.8 (/opt/ros/humble/share/rosidl_generator_c/cmake)
[0.152s] -- Found rosidl_adapter: 3.1.8 (/opt/ros/humble/share/rosidl_adapter/cmake)
[0.157s] -- Found rosidl_generator_cpp: 3.1.8 (/opt/ros/humble/share/rosidl_generator_cpp/cmake)
[0.166s] -- Using all available rosidl_typesupport_c: rosidl_typesupport_fastrtps_c;rosidl_typesupport_introspection_c
[0.177s] -- Using all available rosidl_typesupport_cpp: rosidl_typesupport_fastrtps_cpp;rosidl_typesupport_introspection_cpp
[0.209s] -- Found rosidl_default_generators: 1.2.1 (/opt/ros/humble/share/rosidl_default_generators/cmake)
[0.557s] -- Found ament_cmake_cppcheck: 0.12.15 (/opt/ros/humble/share/ament_cmake_cppcheck/cmake)
[0.557s] -- Found ament_cmake_cpplint: 0.12.15 (/opt/ros/humble/share/ament_cmake_cpplint/cmake)
[0.558s] -- Found ament_cmake_uncrustify: 0.12.15 (/opt/ros/humble/share/ament_cmake_uncrustify/cmake)
[0.559s] -- Found ament_cmake_ros: 0.10.0 (/opt/ros/humble/share/ament_cmake_ros/cmake)
[0.898s] -- Using all available rosidl_typesupport_c: rosidl_typesupport_fastrtps_c;rosidl_typesupport_introspection_c
[1.032s] -- Using all available rosidl_typesupport_cpp: rosidl_typesupport_fastrtps_cpp;rosidl_typesupport_introspection_cpp
[1.048s] -- Found python_cmake_module: 0.10.0 (/opt/ros/humble/share/python_cmake_module/cmake)
[1.064s] -- Using PYTHON_EXECUTABLE: /usr/bin/python3
[1.064s] -- Using PYTHON_INCLUDE_DIRS: /usr/include/python3.10
[1.064s] -- Using PYTHON_LIBRARIES: /usr/lib/x86_64-linux-gnu/libpython3.10.so
[1.169s] -- Using numpy include directory: /usr/local/lib/python3.10/dist-packages/numpy/_core/include
[1.179s] -- Found ament_cmake_flake8: 0.12.15 (/opt/ros/humble/share/ament_cmake_flake8/cmake)
[1.179s] -- Found ament_cmake_pep257: 0.12.15 (/opt/ros/humble/share/ament_cmake_pep257/cmake)
[1.249s] -- Found ament_lint_auto: 0.12.15 (/opt/ros/humble/share/ament_lint_auto/cmake)
[1.263s] -- Added test 'copyright' to check source files copyright and LICENSE
[1.263s] -- Added test 'xmllint' to check XML markup files
[1.269s] -- Configuring done
[1.355s] -- Generating done
[1.371s] -- Build files have been written to: /develop_ws/ardupilot/Tools/ros2/build/ardupilot_msgs
[1.380s] Invoked command in '/develop_ws/ardupilot/Tools/ros2/build/ardupilot_msgs' returned '0': CMAKE_PREFIX_PATH=${CMAKE_PREFIX_PATH}:/opt/ros/humble /usr/bin/cmake /develop_ws/ardupilot/Tools/ros2/ardupilot_msgs -DCMAKE_INSTALL_PREFIX=/develop_ws/ardupilot/Tools/ros2/install/ardupilot_msgs
[1.381s] Invoking command in '/develop_ws/ardupilot/Tools/ros2/build/ardupilot_msgs': CMAKE_PREFIX_PATH=${CMAKE_PREFIX_PATH}:/opt/ros/humble /usr/bin/cmake --build /develop_ws/ardupilot/Tools/ros2/build/ardupilot_msgs -- -j8 -l8
[1.419s] [  1%] [34m[1mGenerating C code for ROS interfaces[0m
[1.430s] [  2%] [34m[1mGenerating Rust code for ROS interfaces[0m
[1.431s] [  2%] [34m[1mGenerating C++ code for ROS interfaces[0m
[1.458s] [  2%] Built target ament_cmake_python_copy_ardupilot_msgs
[1.789s] running egg_info
[1.801s] writing ardupilot_msgs.egg-info/PKG-INFO
[1.801s] writing dependency_links to ardupilot_msgs.egg-info/dependency_links.txt
[1.802s] writing top-level names to ardupilot_msgs.egg-info/top_level.txt
[1.838s] reading manifest file 'ardupilot_msgs.egg-info/SOURCES.txt'
[1.839s] writing manifest file 'ardupilot_msgs.egg-info/SOURCES.txt'
[1.882s] [  2%] Built target ament_cmake_python_build_ardupilot_msgs_egg
[2.307s] [  2%] Built target ardupilot_msgs__rs
[2.822s] [35m[1mConsolidate compiler generated dependencies of target ardupilot_msgs__rosidl_generator_c[0m
[2.829s] [  3%] [32mBuilding C object CMakeFiles/ardupilot_msgs__rosidl_generator_c.dir/rosidl_generator_c/ardupilot_msgs/msg/detail/global_position__functions.c.o[0m
[2.830s] [  4%] [32mBuilding C object CMakeFiles/ardupilot_msgs__rosidl_generator_c.dir/rosidl_generator_c/ardupilot_msgs/msg/detail/status__functions.c.o[0m
[2.830s] [  5%] [32mBuilding C object CMakeFiles/ardupilot_msgs__rosidl_generator_c.dir/rosidl_generator_c/ardupilot_msgs/msg/detail/rc__functions.c.o[0m
[2.835s] [  6%] [32mBuilding C object CMakeFiles/ardupilot_msgs__rosidl_generator_c.dir/rosidl_generator_c/ardupilot_msgs/msg/detail/airspeed__functions.c.o[0m
[2.836s] [  7%] [32mBuilding C object CMakeFiles/ardupilot_msgs__rosidl_generator_c.dir/rosidl_generator_c/ardupilot_msgs/msg/detail/rc_out__functions.c.o[0m
[2.838s] [  8%] [32mBuilding C object CMakeFiles/ardupilot_msgs__rosidl_generator_c.dir/rosidl_generator_c/ardupilot_msgs/msg/detail/rc_in__functions.c.o[0m
[2.840s] [  8%] Built target ardupilot_msgs__cpp
[2.852s] [  8%] [32mBuilding C object CMakeFiles/ardupilot_msgs__rosidl_generator_c.dir/rosidl_generator_c/ardupilot_msgs/msg/detail/pitot__functions.c.o[0m
[2.859s] [  9%] [34m[1mGenerating C++ type support for eProsima Fast-RTPS[0m
[2.936s] [ 11%] [32mBuilding C object CMakeFiles/ardupilot_msgs__rosidl_generator_c.dir/rosidl_generator_c/ardupilot_msgs/srv/detail/arm_motors__functions.c.o[0m
[2.936s] [ 11%] [32mBuilding C object CMakeFiles/ardupilot_msgs__rosidl_generator_c.dir/rosidl_generator_c/ardupilot_msgs/msg/detail/propulsion__functions.c.o[0m
[2.939s] [ 12%] [34m[1mGenerating C++ introspection for ROS interfaces[0m
[2.959s] [ 13%] [34m[1mGenerating C++ type support dispatch for ROS interfaces[0m
[2.967s] [ 14%] [32mBuilding C object CMakeFiles/ardupilot_msgs__rosidl_generator_c.dir/rosidl_generator_c/ardupilot_msgs/srv/detail/mode_switch__functions.c.o[0m
[2.978s] [ 15%] [32mBuilding C object CMakeFiles/ardupilot_msgs__rosidl_generator_c.dir/rosidl_generator_c/ardupilot_msgs/srv/detail/takeoff__functions.c.o[0m
[3.103s] [ 16%] [32m[1mLinking C shared library libardupilot_msgs__rosidl_generator_c.so[0m
[3.148s] [ 16%] Built target ardupilot_msgs__rosidl_generator_c
[3.161s] [ 17%] [34m[1mGenerating C type support for eProsima Fast-RTPS[0m
[3.161s] [ 18%] [34m[1mGenerating C introspection for ROS interfaces[0m
[3.162s] [ 19%] [34m[1mGenerating C type support dispatch for ROS interfaces[0m
[3.989s] [35m[1mConsolidate compiler generated dependencies of target ardupilot_msgs__rosidl_typesupport_cpp[0m
[4.007s] [ 20%] [32mBuilding CXX object CMakeFiles/ardupilot_msgs__rosidl_typesupport_cpp.dir/rosidl_typesupport_cpp/ardupilot_msgs/msg/global_position__type_support.cpp.o[0m
[4.012s] [ 21%] [32mBuilding CXX object CMakeFiles/ardupilot_msgs__rosidl_typesupport_cpp.dir/rosidl_typesupport_cpp/ardupilot_msgs/msg/status__type_support.cpp.o[0m
[4.018s] [ 22%] [32mBuilding CXX object CMakeFiles/ardupilot_msgs__rosidl_typesupport_cpp.dir/rosidl_typesupport_cpp/ardupilot_msgs/msg/rc__type_support.cpp.o[0m
[4.277s] [35m[1mConsolidate compiler generated dependencies of target ardupilot_msgs__rosidl_typesupport_c[0m
[4.297s] [35m[1mConsolidate compiler generated dependencies of target ardupilot_msgs__rosidl_typesupport_introspection_cpp[0m
[4.297s] [ 22%] [32mBuilding CXX object CMakeFiles/ardupilot_msgs__rosidl_typesupport_c.dir/rosidl_typesupport_c/ardupilot_msgs/msg/global_position__type_support.cpp.o[0m
[4.312s] [ 23%] [32mBuilding CXX object CMakeFiles/ardupilot_msgs__rosidl_typesupport_introspection_cpp.dir/rosidl_typesupport_introspection_cpp/ardupilot_msgs/msg/detail/global_position__type_support.cpp.o[0m
[4.322s] [35m[1mConsolidate compiler generated dependencies of target ardupilot_msgs__rosidl_typesupport_fastrtps_cpp[0m
[4.356s] [ 24%] [32mBuilding CXX object CMakeFiles/ardupilot_msgs__rosidl_typesupport_fastrtps_cpp.dir/rosidl_typesupport_fastrtps_cpp/ardupilot_msgs/msg/detail/dds_fastrtps/global_position__type_support.cpp.o[0m
[4.362s] [ 25%] [32mBuilding CXX object CMakeFiles/ardupilot_msgs__rosidl_typesupport_c.dir/rosidl_typesupport_c/ardupilot_msgs/msg/rc__type_support.cpp.o[0m
[4.400s] [ 26%] [32mBuilding CXX object CMakeFiles/ardupilot_msgs__rosidl_typesupport_c.dir/rosidl_typesupport_c/ardupilot_msgs/msg/status__type_support.cpp.o[0m
[4.429s] [ 26%] [32mBuilding CXX object CMakeFiles/ardupilot_msgs__rosidl_typesupport_cpp.dir/rosidl_typesupport_cpp/ardupilot_msgs/msg/airspeed__type_support.cpp.o[0m
[4.433s] [ 27%] [32mBuilding CXX object CMakeFiles/ardupilot_msgs__rosidl_typesupport_c.dir/rosidl_typesupport_c/ardupilot_msgs/msg/airspeed__type_support.cpp.o[0m
[4.450s] [ 28%] [32mBuilding CXX object CMakeFiles/ardupilot_msgs__rosidl_typesupport_introspection_cpp.dir/rosidl_typesupport_introspection_cpp/ardupilot_msgs/msg/detail/rc__type_support.cpp.o[0m
[4.461s] [ 29%] [32mBuilding CXX object CMakeFiles/ardupilot_msgs__rosidl_typesupport_introspection_cpp.dir/rosidl_typesupport_introspection_cpp/ardupilot_msgs/msg/detail/status__type_support.cpp.o[0m
[4.515s] [ 30%] [32mBuilding CXX object CMakeFiles/ardupilot_msgs__rosidl_typesupport_c.dir/rosidl_typesupport_c/ardupilot_msgs/msg/rc_out__type_support.cpp.o[0m
[4.540s] [35m[1mConsolidate compiler generated dependencies of target ardupilot_msgs__rosidl_typesupport_introspection_c[0m
[4.551s] [35m[1mConsolidate compiler generated dependencies of target ardupilot_msgs__rosidl_typesupport_fastrtps_c[0m
[4.557s] [ 30%] [32mBuilding C object CMakeFiles/ardupilot_msgs__rosidl_typesupport_introspection_c.dir/rosidl_typesupport_introspection_c/ardupilot_msgs/msg/detail/global_position__type_support.c.o[0m
[4.562s] [ 31%] [32mBuilding CXX object CMakeFiles/ardupilot_msgs__rosidl_typesupport_c.dir/rosidl_typesupport_c/ardupilot_msgs/msg/rc_in__type_support.cpp.o[0m
[4.580s] [ 31%] [32mBuilding CXX object CMakeFiles/ardupilot_msgs__rosidl_typesupport_fastrtps_c.dir/rosidl_typesupport_fastrtps_c/ardupilot_msgs/msg/detail/global_position__type_support_c.cpp.o[0m
[4.638s] [ 32%] [32mBuilding C object CMakeFiles/ardupilot_msgs__rosidl_typesupport_introspection_c.dir/rosidl_typesupport_introspection_c/ardupilot_msgs/msg/detail/rc__type_support.c.o[0m
[4.663s] [ 33%] [32mBuilding CXX object CMakeFiles/ardupilot_msgs__rosidl_typesupport_c.dir/rosidl_typesupport_c/ardupilot_msgs/msg/pitot__type_support.cpp.o[0m
[4.763s] [ 34%] [32mBuilding C object CMakeFiles/ardupilot_msgs__rosidl_typesupport_introspection_c.dir/rosidl_typesupport_introspection_c/ardupilot_msgs/msg/detail/status__type_support.c.o[0m
[4.782s] [ 35%] [32mBuilding CXX object CMakeFiles/ardupilot_msgs__rosidl_typesupport_c.dir/rosidl_typesupport_c/ardupilot_msgs/msg/propulsion__type_support.cpp.o[0m
[4.891s] [ 36%] [32mBuilding CXX object CMakeFiles/ardupilot_msgs__rosidl_typesupport_c.dir/rosidl_typesupport_c/ardupilot_msgs/srv/arm_motors__type_support.cpp.o[0m
[4.903s] [ 37%] [32mBuilding C object CMakeFiles/ardupilot_msgs__rosidl_typesupport_introspection_c.dir/rosidl_typesupport_introspection_c/ardupilot_msgs/msg/detail/airspeed__type_support.c.o[0m
[4.929s] [ 38%] [32mBuilding C object CMakeFiles/ardupilot_msgs__rosidl_typesupport_introspection_c.dir/rosidl_typesupport_introspection_c/ardupilot_msgs/msg/detail/rc_out__type_support.c.o[0m
[4.934s] [ 39%] [32mBuilding CXX object CMakeFiles/ardupilot_msgs__rosidl_typesupport_cpp.dir/rosidl_typesupport_cpp/ardupilot_msgs/msg/rc_out__type_support.cpp.o[0m
[4.962s] [ 39%] [32mBuilding CXX object CMakeFiles/ardupilot_msgs__rosidl_typesupport_c.dir/rosidl_typesupport_c/ardupilot_msgs/srv/mode_switch__type_support.cpp.o[0m
[4.979s] [ 40%] [32mBuilding CXX object CMakeFiles/ardupilot_msgs__rosidl_typesupport_c.dir/rosidl_typesupport_c/ardupilot_msgs/srv/takeoff__type_support.cpp.o[0m
[5.027s] [ 41%] [32mBuilding CXX object CMakeFiles/ardupilot_msgs__rosidl_typesupport_fastrtps_cpp.dir/rosidl_typesupport_fastrtps_cpp/ardupilot_msgs/msg/detail/dds_fastrtps/rc__type_support.cpp.o[0m
[5.038s] [ 42%] [32mBuilding C object CMakeFiles/ardupilot_msgs__rosidl_typesupport_introspection_c.dir/rosidl_typesupport_introspection_c/ardupilot_msgs/msg/detail/rc_in__type_support.c.o[0m
[5.055s] [ 43%] [32m[1mLinking CXX shared library libardupilot_msgs__rosidl_typesupport_c.so[0m
[5.060s] [ 44%] [32mBuilding CXX object CMakeFiles/ardupilot_msgs__rosidl_typesupport_fastrtps_c.dir/rosidl_typesupport_fastrtps_c/ardupilot_msgs/msg/detail/rc__type_support_c.cpp.o[0m
[5.108s] [ 44%] [32mBuilding CXX object CMakeFiles/ardupilot_msgs__rosidl_typesupport_introspection_cpp.dir/rosidl_typesupport_introspection_cpp/ardupilot_msgs/msg/detail/airspeed__type_support.cpp.o[0m
[5.123s] [ 45%] [32mBuilding CXX object CMakeFiles/ardupilot_msgs__rosidl_typesupport_introspection_cpp.dir/rosidl_typesupport_introspection_cpp/ardupilot_msgs/msg/detail/rc_out__type_support.cpp.o[0m
[5.138s] [ 46%] [32mBuilding C object CMakeFiles/ardupilot_msgs__rosidl_typesupport_introspection_c.dir/rosidl_typesupport_introspection_c/ardupilot_msgs/msg/detail/pitot__type_support.c.o[0m
[5.138s] [ 46%] Built target ardupilot_msgs__rosidl_typesupport_c
[5.154s] [ 47%] [32mBuilding CXX object CMakeFiles/ardupilot_msgs__rosidl_typesupport_fastrtps_c.dir/rosidl_typesupport_fastrtps_c/ardupilot_msgs/msg/detail/status__type_support_c.cpp.o[0m
[5.167s] [ 48%] [32mBuilding CXX object CMakeFiles/ardupilot_msgs__rosidl_typesupport_fastrtps_cpp.dir/rosidl_typesupport_fastrtps_cpp/ardupilot_msgs/msg/detail/dds_fastrtps/status__type_support.cpp.o[0m
[5.217s] [ 49%] [32mBuilding C object CMakeFiles/ardupilot_msgs__rosidl_typesupport_introspection_c.dir/rosidl_typesupport_introspection_c/ardupilot_msgs/msg/detail/propulsion__type_support.c.o[0m
[5.297s] [ 50%] [32mBuilding C object CMakeFiles/ardupilot_msgs__rosidl_typesupport_introspection_c.dir/rosidl_typesupport_introspection_c/ardupilot_msgs/srv/detail/arm_motors__type_support.c.o[0m
[5.355s] [ 51%] [32mBuilding CXX object CMakeFiles/ardupilot_msgs__rosidl_typesupport_cpp.dir/rosidl_typesupport_cpp/ardupilot_msgs/msg/rc_in__type_support.cpp.o[0m
[5.359s] [ 51%] [32mBuilding C object CMakeFiles/ardupilot_msgs__rosidl_typesupport_introspection_c.dir/rosidl_typesupport_introspection_c/ardupilot_msgs/srv/detail/mode_switch__type_support.c.o[0m
[5.470s] [ 52%] [32mBuilding C object CMakeFiles/ardupilot_msgs__rosidl_typesupport_introspection_c.dir/rosidl_typesupport_introspection_c/ardupilot_msgs/srv/detail/takeoff__type_support.c.o[0m
[5.594s] [ 53%] [32m[1mLinking C shared library libardupilot_msgs__rosidl_typesupport_introspection_c.so[0m
[5.616s] [ 54%] [32mBuilding CXX object CMakeFiles/ardupilot_msgs__rosidl_typesupport_cpp.dir/rosidl_typesupport_cpp/ardupilot_msgs/msg/pitot__type_support.cpp.o[0m
[5.662s] [ 54%] Built target ardupilot_msgs__rosidl_typesupport_introspection_c
[5.663s] [ 55%] [32mBuilding CXX object CMakeFiles/ardupilot_msgs__rosidl_typesupport_fastrtps_c.dir/rosidl_typesupport_fastrtps_c/ardupilot_msgs/msg/detail/airspeed__type_support_c.cpp.o[0m
[5.674s] [ 56%] [32mBuilding CXX object CMakeFiles/ardupilot_msgs__rosidl_typesupport_introspection_cpp.dir/rosidl_typesupport_introspection_cpp/ardupilot_msgs/msg/detail/rc_in__type_support.cpp.o[0m
[5.679s] [ 57%] [32mBuilding CXX object CMakeFiles/ardupilot_msgs__rosidl_typesupport_introspection_cpp.dir/rosidl_typesupport_introspection_cpp/ardupilot_msgs/msg/detail/pitot__type_support.cpp.o[0m
[5.726s] [ 57%] [32mBuilding CXX object CMakeFiles/ardupilot_msgs__rosidl_typesupport_fastrtps_cpp.dir/rosidl_typesupport_fastrtps_cpp/ardupilot_msgs/msg/detail/dds_fastrtps/airspeed__type_support.cpp.o[0m
[5.746s] [ 58%] [32mBuilding CXX object CMakeFiles/ardupilot_msgs__rosidl_typesupport_fastrtps_cpp.dir/rosidl_typesupport_fastrtps_cpp/ardupilot_msgs/msg/detail/dds_fastrtps/rc_out__type_support.cpp.o[0m
[5.785s] [ 59%] [32mBuilding CXX object CMakeFiles/ardupilot_msgs__rosidl_typesupport_fastrtps_cpp.dir/rosidl_typesupport_fastrtps_cpp/ardupilot_msgs/msg/detail/dds_fastrtps/rc_in__type_support.cpp.o[0m
[5.837s] [ 60%] [32mBuilding CXX object CMakeFiles/ardupilot_msgs__rosidl_typesupport_fastrtps_cpp.dir/rosidl_typesupport_fastrtps_cpp/ardupilot_msgs/msg/detail/dds_fastrtps/pitot__type_support.cpp.o[0m
[6.038s] [ 61%] [32mBuilding CXX object CMakeFiles/ardupilot_msgs__rosidl_typesupport_cpp.dir/rosidl_typesupport_cpp/ardupilot_msgs/msg/propulsion__type_support.cpp.o[0m
[6.180s] [ 62%] [32mBuilding CXX object CMakeFiles/ardupilot_msgs__rosidl_typesupport_fastrtps_c.dir/rosidl_typesupport_fastrtps_c/ardupilot_msgs/msg/detail/rc_out__type_support_c.cpp.o[0m
[6.226s] [ 63%] [32mBuilding CXX object CMakeFiles/ardupilot_msgs__rosidl_typesupport_cpp.dir/rosidl_typesupport_cpp/ardupilot_msgs/srv/arm_motors__type_support.cpp.o[0m
[6.263s] [ 64%] [32mBuilding CXX object CMakeFiles/ardupilot_msgs__rosidl_typesupport_cpp.dir/rosidl_typesupport_cpp/ardupilot_msgs/srv/mode_switch__type_support.cpp.o[0m
[6.299s] [ 65%] [32mBuilding CXX object CMakeFiles/ardupilot_msgs__rosidl_typesupport_introspection_cpp.dir/rosidl_typesupport_introspection_cpp/ardupilot_msgs/msg/detail/propulsion__type_support.cpp.o[0m
[6.402s] [ 66%] [32mBuilding CXX object CMakeFiles/ardupilot_msgs__rosidl_typesupport_introspection_cpp.dir/rosidl_typesupport_introspection_cpp/ardupilot_msgs/srv/detail/arm_motors__type_support.cpp.o[0m
[6.418s] [ 67%] [32mBuilding CXX object CMakeFiles/ardupilot_msgs__rosidl_typesupport_fastrtps_c.dir/rosidl_typesupport_fastrtps_c/ardupilot_msgs/msg/detail/rc_in__type_support_c.cpp.o[0m
[6.437s] [ 68%] [32mBuilding CXX object CMakeFiles/ardupilot_msgs__rosidl_typesupport_fastrtps_cpp.dir/rosidl_typesupport_fastrtps_cpp/ardupilot_msgs/msg/detail/dds_fastrtps/propulsion__type_support.cpp.o[0m
[6.520s] [ 69%] [32mBuilding CXX object CMakeFiles/ardupilot_msgs__rosidl_typesupport_fastrtps_cpp.dir/rosidl_typesupport_fastrtps_cpp/ardupilot_msgs/srv/detail/dds_fastrtps/arm_motors__type_support.cpp.o[0m
[6.620s] [ 70%] [32mBuilding CXX object CMakeFiles/ardupilot_msgs__rosidl_typesupport_fastrtps_cpp.dir/rosidl_typesupport_fastrtps_cpp/ardupilot_msgs/srv/detail/dds_fastrtps/mode_switch__type_support.cpp.o[0m
[6.662s] [ 71%] [32mBuilding CXX object CMakeFiles/ardupilot_msgs__rosidl_typesupport_cpp.dir/rosidl_typesupport_cpp/ardupilot_msgs/srv/takeoff__type_support.cpp.o[0m
[6.738s] [ 72%] [32mBuilding CXX object CMakeFiles/ardupilot_msgs__rosidl_typesupport_fastrtps_c.dir/rosidl_typesupport_fastrtps_c/ardupilot_msgs/msg/detail/pitot__type_support_c.cpp.o[0m
[6.903s] [ 73%] [32mBuilding CXX object CMakeFiles/ardupilot_msgs__rosidl_typesupport_introspection_cpp.dir/rosidl_typesupport_introspection_cpp/ardupilot_msgs/srv/detail/mode_switch__type_support.cpp.o[0m
[6.915s] [ 74%] [32mBuilding CXX object CMakeFiles/ardupilot_msgs__rosidl_typesupport_introspection_cpp.dir/rosidl_typesupport_introspection_cpp/ardupilot_msgs/srv/detail/takeoff__type_support.cpp.o[0m
[6.930s] [ 75%] [32mBuilding CXX object CMakeFiles/ardupilot_msgs__rosidl_typesupport_fastrtps_cpp.dir/rosidl_typesupport_fastrtps_cpp/ardupilot_msgs/srv/detail/dds_fastrtps/takeoff__type_support.cpp.o[0m
[7.116s] [ 76%] [32m[1mLinking CXX shared library libardupilot_msgs__rosidl_typesupport_cpp.so[0m
[7.183s] [ 77%] [32mBuilding CXX object CMakeFiles/ardupilot_msgs__rosidl_typesupport_fastrtps_c.dir/rosidl_typesupport_fastrtps_c/ardupilot_msgs/msg/detail/propulsion__type_support_c.cpp.o[0m
[7.195s] [ 78%] Built target ardupilot_msgs__rosidl_typesupport_cpp
[7.198s] [ 78%] [32mBuilding CXX object CMakeFiles/ardupilot_msgs__rosidl_typesupport_fastrtps_c.dir/rosidl_typesupport_fastrtps_c/ardupilot_msgs/srv/detail/arm_motors__type_support_c.cpp.o[0m
[7.204s] [ 78%] [32mBuilding CXX object CMakeFiles/ardupilot_msgs__rosidl_typesupport_fastrtps_c.dir/rosidl_typesupport_fastrtps_c/ardupilot_msgs/srv/detail/mode_switch__type_support_c.cpp.o[0m
[7.217s] [ 79%] [32mBuilding CXX object CMakeFiles/ardupilot_msgs__rosidl_typesupport_fastrtps_c.dir/rosidl_typesupport_fastrtps_c/ardupilot_msgs/srv/detail/takeoff__type_support_c.cpp.o[0m
[7.475s] [ 80%] [32m[1mLinking CXX shared library libardupilot_msgs__rosidl_typesupport_introspection_cpp.so[0m
[7.576s] [ 80%] Built target ardupilot_msgs__rosidl_typesupport_introspection_cpp
[7.577s] [ 81%] [32m[1mLinking CXX shared library libardupilot_msgs__rosidl_typesupport_fastrtps_cpp.so[0m
[7.667s] [ 81%] Built target ardupilot_msgs__rosidl_typesupport_fastrtps_cpp
[7.709s] [ 82%] [32m[1mLinking CXX shared library libardupilot_msgs__rosidl_typesupport_fastrtps_c.so[0m
[7.793s] [ 82%] Built target ardupilot_msgs__rosidl_typesupport_fastrtps_c
[7.813s] [ 82%] Built target ardupilot_msgs
[7.833s] [ 83%] [34m[1mGenerating Python code for ROS interfaces[0m
[9.927s] [ 83%] Built target ardupilot_msgs__py
[9.943s] [35m[1mConsolidate compiler generated dependencies of target ardupilot_msgs__rosidl_generator_py[0m
[9.963s] [ 84%] [32mBuilding C object CMakeFiles/ardupilot_msgs__rosidl_generator_py.dir/rosidl_generator_py/ardupilot_msgs/msg/_global_position_s.c.o[0m
[9.963s] [ 84%] [32mBuilding C object CMakeFiles/ardupilot_msgs__rosidl_generator_py.dir/rosidl_generator_py/ardupilot_msgs/msg/_airspeed_s.c.o[0m
[9.963s] [ 87%] [32mBuilding C object CMakeFiles/ardupilot_msgs__rosidl_generator_py.dir/rosidl_generator_py/ardupilot_msgs/msg/_status_s.c.o[0m
[9.963s] [ 87%] [32mBuilding C object CMakeFiles/ardupilot_msgs__rosidl_generator_py.dir/rosidl_generator_py/ardupilot_msgs/msg/_rc_s.c.o[0m
[9.963s] [ 87%] [32mBuilding C object CMakeFiles/ardupilot_msgs__rosidl_generator_py.dir/rosidl_generator_py/ardupilot_msgs/msg/_rc_out_s.c.o[0m
[9.966s] [ 88%] [32mBuilding C object CMakeFiles/ardupilot_msgs__rosidl_generator_py.dir/rosidl_generator_py/ardupilot_msgs/msg/_rc_in_s.c.o[0m
[9.974s] [ 90%] [32mBuilding C object CMakeFiles/ardupilot_msgs__rosidl_generator_py.dir/rosidl_generator_py/ardupilot_msgs/msg/_pitot_s.c.o[0m
[9.974s] [ 90%] [32mBuilding C object CMakeFiles/ardupilot_msgs__rosidl_generator_py.dir/rosidl_generator_py/ardupilot_msgs/msg/_propulsion_s.c.o[0m
[10.176s] [ 91%] [32mBuilding C object CMakeFiles/ardupilot_msgs__rosidl_generator_py.dir/rosidl_generator_py/ardupilot_msgs/srv/_arm_motors_s.c.o[0m
[10.177s] [ 92%] [32mBuilding C object CMakeFiles/ardupilot_msgs__rosidl_generator_py.dir/rosidl_generator_py/ardupilot_msgs/srv/_mode_switch_s.c.o[0m
[10.182s] [ 93%] [32mBuilding C object CMakeFiles/ardupilot_msgs__rosidl_generator_py.dir/rosidl_generator_py/ardupilot_msgs/srv/_takeoff_s.c.o[0m
[10.364s] [ 94%] [32m[1mLinking C shared library rosidl_generator_py/ardupilot_msgs/libardupilot_msgs__rosidl_generator_py.so[0m
[10.414s] [ 94%] Built target ardupilot_msgs__rosidl_generator_py
[10.424s] [35m[1mConsolidate compiler generated dependencies of target ardupilot_msgs__rosidl_typesupport_fastrtps_c__pyext[0m
[10.425s] [35m[1mConsolidate compiler generated dependencies of target ardupilot_msgs__rosidl_typesupport_c__pyext[0m
[10.425s] [35m[1mConsolidate compiler generated dependencies of target ardupilot_msgs__rosidl_typesupport_introspection_c__pyext[0m
[10.437s] [ 95%] [32mBuilding C object CMakeFiles/ardupilot_msgs__rosidl_typesupport_fastrtps_c__pyext.dir/rosidl_generator_py/ardupilot_msgs/_ardupilot_msgs_s.ep.rosidl_typesupport_fastrtps_c.c.o[0m
[10.438s] [ 97%] [32mBuilding C object CMakeFiles/ardupilot_msgs__rosidl_typesupport_introspection_c__pyext.dir/rosidl_generator_py/ardupilot_msgs/_ardupilot_msgs_s.ep.rosidl_typesupport_introspection_c.c.o[0m
[10.438s] [ 97%] [32mBuilding C object CMakeFiles/ardupilot_msgs__rosidl_typesupport_c__pyext.dir/rosidl_generator_py/ardupilot_msgs/_ardupilot_msgs_s.ep.rosidl_typesupport_c.c.o[0m
[10.658s] [100%] [32m[1mLinking C shared library rosidl_generator_py/ardupilot_msgs/ardupilot_msgs_s__rosidl_typesupport_c.cpython-310-x86_64-linux-gnu.so[0m
[10.658s] [100%] [32m[1mLinking C shared library rosidl_generator_py/ardupilot_msgs/ardupilot_msgs_s__rosidl_typesupport_fastrtps_c.cpython-310-x86_64-linux-gnu.so[0m
[10.659s] [100%] [32m[1mLinking C shared library rosidl_generator_py/ardupilot_msgs/ardupilot_msgs_s__rosidl_typesupport_introspection_c.cpython-310-x86_64-linux-gnu.so[0m
[10.703s] [100%] Built target ardupilot_msgs__rosidl_typesupport_c__pyext
[10.703s] [100%] Built target ardupilot_msgs__rosidl_typesupport_introspection_c__pyext
[10.703s] [100%] Built target ardupilot_msgs__rosidl_typesupport_fastrtps_c__pyext
[10.717s] Invoked command in '/develop_ws/ardupilot/Tools/ros2/build/ardupilot_msgs' returned '0': CMAKE_PREFIX_PATH=${CMAKE_PREFIX_PATH}:/opt/ros/humble /usr/bin/cmake --build /develop_ws/ardupilot/Tools/ros2/build/ardupilot_msgs -- -j8 -l8
[10.727s] Invoking command in '/develop_ws/ardupilot/Tools/ros2/build/ardupilot_msgs': CMAKE_PREFIX_PATH=${CMAKE_PREFIX_PATH}:/opt/ros/humble /usr/bin/cmake --install /develop_ws/ardupilot/Tools/ros2/build/ardupilot_msgs
[10.734s] -- Install configuration: ""
[10.735s] -- Installing: /develop_ws/ardupilot/Tools/ros2/install/ardupilot_msgs/share/ament_index/resource_index/rosidl_interfaces/ardupilot_msgs
[10.735s] -- Up-to-date: /develop_ws/ardupilot/Tools/ros2/install/ardupilot_msgs/include/ardupilot_msgs/ardupilot_msgs
[10.735s] -- Up-to-date: /develop_ws/ardupilot/Tools/ros2/install/ardupilot_msgs/include/ardupilot_msgs/ardupilot_msgs/srv
[10.735s] -- Up-to-date: /develop_ws/ardupilot/Tools/ros2/install/ardupilot_msgs/include/ardupilot_msgs/ardupilot_msgs/srv/detail
[10.735s] -- Installing: /develop_ws/ardupilot/Tools/ros2/install/ardupilot_msgs/include/ardupilot_msgs/ardupilot_msgs/srv/detail/takeoff__type_support.h
[10.735s] -- Installing: /develop_ws/ardupilot/Tools/ros2/install/ardupilot_msgs/include/ardupilot_msgs/ardupilot_msgs/srv/detail/arm_motors__type_support.h
[10.736s] -- Installing: /develop_ws/ardupilot/Tools/ros2/install/ardupilot_msgs/include/ardupilot_msgs/ardupilot_msgs/srv/detail/takeoff__struct.h
[10.736s] -- Installing: /develop_ws/ardupilot/Tools/ros2/install/ardupilot_msgs/include/ardupilot_msgs/ardupilot_msgs/srv/detail/arm_motors__functions.h
[10.736s] -- Installing: /develop_ws/ardupilot/Tools/ros2/install/ardupilot_msgs/include/ardupilot_msgs/ardupilot_msgs/srv/detail/arm_motors__struct.h
[10.736s] -- Installing: /develop_ws/ardupilot/Tools/ros2/install/ardupilot_msgs/include/ardupilot_msgs/ardupilot_msgs/srv/detail/mode_switch__functions.h
[10.736s] -- Installing: /develop_ws/ardupilot/Tools/ros2/install/ardupilot_msgs/include/ardupilot_msgs/ardupilot_msgs/srv/detail/takeoff__functions.h
[10.736s] -- Installing: /develop_ws/ardupilot/Tools/ros2/install/ardupilot_msgs/include/ardupilot_msgs/ardupilot_msgs/srv/detail/mode_switch__struct.h
[10.737s] -- Installing: /develop_ws/ardupilot/Tools/ros2/install/ardupilot_msgs/include/ardupilot_msgs/ardupilot_msgs/srv/detail/arm_motors__functions.c
[10.737s] -- Installing: /develop_ws/ardupilot/Tools/ros2/install/ardupilot_msgs/include/ardupilot_msgs/ardupilot_msgs/srv/detail/mode_switch__type_support.h
[10.737s] -- Installing: /develop_ws/ardupilot/Tools/ros2/install/ardupilot_msgs/include/ardupilot_msgs/ardupilot_msgs/srv/detail/mode_switch__functions.c
[10.737s] -- Installing: /develop_ws/ardupilot/Tools/ros2/install/ardupilot_msgs/include/ardupilot_msgs/ardupilot_msgs/srv/detail/takeoff__functions.c
[10.737s] -- Installing: /develop_ws/ardupilot/Tools/ros2/install/ardupilot_msgs/include/ardupilot_msgs/ardupilot_msgs/srv/arm_motors.h
[10.737s] -- Installing: /develop_ws/ardupilot/Tools/ros2/install/ardupilot_msgs/include/ardupilot_msgs/ardupilot_msgs/srv/takeoff.h
[10.738s] -- Installing: /develop_ws/ardupilot/Tools/ros2/install/ardupilot_msgs/include/ardupilot_msgs/ardupilot_msgs/srv/mode_switch.h
[10.738s] -- Up-to-date: /develop_ws/ardupilot/Tools/ros2/install/ardupilot_msgs/include/ardupilot_msgs/ardupilot_msgs/msg
[10.738s] -- Installing: /develop_ws/ardupilot/Tools/ros2/install/ardupilot_msgs/include/ardupilot_msgs/ardupilot_msgs/msg/rc.h
[10.738s] -- Up-to-date: /develop_ws/ardupilot/Tools/ros2/install/ardupilot_msgs/include/ardupilot_msgs/ardupilot_msgs/msg/detail
[10.738s] -- Installing: /develop_ws/ardupilot/Tools/ros2/install/ardupilot_msgs/include/ardupilot_msgs/ardupilot_msgs/msg/detail/airspeed__struct.h
[10.738s] -- Installing: /develop_ws/ardupilot/Tools/ros2/install/ardupilot_msgs/include/ardupilot_msgs/ardupilot_msgs/msg/detail/airspeed__functions.h
[10.739s] -- Installing: /develop_ws/ardupilot/Tools/ros2/install/ardupilot_msgs/include/ardupilot_msgs/ardupilot_msgs/msg/detail/propulsion__type_support.h
[10.739s] -- Installing: /develop_ws/ardupilot/Tools/ros2/install/ardupilot_msgs/include/ardupilot_msgs/ardupilot_msgs/msg/detail/pitot__functions.c
[10.739s] -- Installing: /develop_ws/ardupilot/Tools/ros2/install/ardupilot_msgs/include/ardupilot_msgs/ardupilot_msgs/msg/detail/rc__struct.h
[10.739s] -- Installing: /develop_ws/ardupilot/Tools/ros2/install/ardupilot_msgs/include/ardupilot_msgs/ardupilot_msgs/msg/detail/global_position__functions.c
[10.739s] -- Installing: /develop_ws/ardupilot/Tools/ros2/install/ardupilot_msgs/include/ardupilot_msgs/ardupilot_msgs/msg/detail/rc_out__functions.c
[10.740s] -- Installing: /develop_ws/ardupilot/Tools/ros2/install/ardupilot_msgs/include/ardupilot_msgs/ardupilot_msgs/msg/detail/propulsion__functions.h
[10.740s] -- Installing: /develop_ws/ardupilot/Tools/ros2/install/ardupilot_msgs/include/ardupilot_msgs/ardupilot_msgs/msg/detail/rc_out__type_support.h
[10.740s] -- Installing: /develop_ws/ardupilot/Tools/ros2/install/ardupilot_msgs/include/ardupilot_msgs/ardupilot_msgs/msg/detail/propulsion__struct.h
[10.740s] -- Installing: /develop_ws/ardupilot/Tools/ros2/install/ardupilot_msgs/include/ardupilot_msgs/ardupilot_msgs/msg/detail/rc__type_support.h
[10.741s] -- Installing: /develop_ws/ardupilot/Tools/ros2/install/ardupilot_msgs/include/ardupilot_msgs/ardupilot_msgs/msg/detail/rc__functions.h
[10.741s] -- Installing: /develop_ws/ardupilot/Tools/ros2/install/ardupilot_msgs/include/ardupilot_msgs/ardupilot_msgs/msg/detail/global_position__type_support.h
[10.741s] -- Installing: /develop_ws/ardupilot/Tools/ros2/install/ardupilot_msgs/include/ardupilot_msgs/ardupilot_msgs/msg/detail/status__struct.h
[10.741s] -- Installing: /develop_ws/ardupilot/Tools/ros2/install/ardupilot_msgs/include/ardupilot_msgs/ardupilot_msgs/msg/detail/rc_out__struct.h
[10.741s] -- Installing: /develop_ws/ardupilot/Tools/ros2/install/ardupilot_msgs/include/ardupilot_msgs/ardupilot_msgs/msg/detail/pitot__functions.h
[10.742s] -- Installing: /develop_ws/ardupilot/Tools/ros2/install/ardupilot_msgs/include/ardupilot_msgs/ardupilot_msgs/msg/detail/propulsion__functions.c
[10.742s] -- Installing: /develop_ws/ardupilot/Tools/ros2/install/ardupilot_msgs/include/ardupilot_msgs/ardupilot_msgs/msg/detail/airspeed__functions.c
[10.742s] -- Installing: /develop_ws/ardupilot/Tools/ros2/install/ardupilot_msgs/include/ardupilot_msgs/ardupilot_msgs/msg/detail/rc_in__functions.h
[10.742s] -- Installing: /develop_ws/ardupilot/Tools/ros2/install/ardupilot_msgs/include/ardupilot_msgs/ardupilot_msgs/msg/detail/pitot__type_support.h
[10.743s] -- Installing: /develop_ws/ardupilot/Tools/ros2/install/ardupilot_msgs/include/ardupilot_msgs/ardupilot_msgs/msg/detail/rc_in__type_support.h
[10.743s] -- Installing: /develop_ws/ardupilot/Tools/ros2/install/ardupilot_msgs/include/ardupilot_msgs/ardupilot_msgs/msg/detail/airspeed__type_support.h
[10.743s] -- Installing: /develop_ws/ardupilot/Tools/ros2/install/ardupilot_msgs/include/ardupilot_msgs/ardupilot_msgs/msg/detail/status__functions.h
[10.744s] -- Installing: /develop_ws/ardupilot/Tools/ros2/install/ardupilot_msgs/include/ardupilot_msgs/ardupilot_msgs/msg/detail/pitot__struct.h
[10.744s] -- Installing: /develop_ws/ardupilot/Tools/ros2/install/ardupilot_msgs/include/ardupilot_msgs/ardupilot_msgs/msg/detail/global_position__struct.h
[10.744s] -- Installing: /develop_ws/ardupilot/Tools/ros2/install/ardupilot_msgs/include/ardupilot_msgs/ardupilot_msgs/msg/detail/global_position__functions.h
[10.744s] -- Installing: /develop_ws/ardupilot/Tools/ros2/install/ardupilot_msgs/include/ardupilot_msgs/ardupilot_msgs/msg/detail/status__functions.c
[10.744s] -- Installing: /develop_ws/ardupilot/Tools/ros2/install/ardupilot_msgs/include/ardupilot_msgs/ardupilot_msgs/msg/detail/rc_out__functions.h
[10.744s] -- Installing: /develop_ws/ardupilot/Tools/ros2/install/ardupilot_msgs/include/ardupilot_msgs/ardupilot_msgs/msg/detail/status__type_support.h
[10.745s] -- Installing: /develop_ws/ardupilot/Tools/ros2/install/ardupilot_msgs/include/ardupilot_msgs/ardupilot_msgs/msg/detail/rc_in__functions.c
[10.745s] -- Installing: /develop_ws/ardupilot/Tools/ros2/install/ardupilot_msgs/include/ardupilot_msgs/ardupilot_msgs/msg/detail/rc__functions.c
[10.745s] -- Installing: /develop_ws/ardupilot/Tools/ros2/install/ardupilot_msgs/include/ardupilot_msgs/ardupilot_msgs/msg/detail/rc_in__struct.h
[10.745s] -- Installing: /develop_ws/ardupilot/Tools/ros2/install/ardupilot_msgs/include/ardupilot_msgs/ardupilot_msgs/msg/global_position.h
[10.745s] -- Installing: /develop_ws/ardupilot/Tools/ros2/install/ardupilot_msgs/include/ardupilot_msgs/ardupilot_msgs/msg/pitot.h
[10.745s] -- Installing: /develop_ws/ardupilot/Tools/ros2/install/ardupilot_msgs/include/ardupilot_msgs/ardupilot_msgs/msg/rc_out.h
[10.746s] -- Installing: /develop_ws/ardupilot/Tools/ros2/install/ardupilot_msgs/include/ardupilot_msgs/ardupilot_msgs/msg/rc_in.h
[10.746s] -- Installing: /develop_ws/ardupilot/Tools/ros2/install/ardupilot_msgs/include/ardupilot_msgs/ardupilot_msgs/msg/status.h
[10.746s] -- Installing: /develop_ws/ardupilot/Tools/ros2/install/ardupilot_msgs/include/ardupilot_msgs/ardupilot_msgs/msg/propulsion.h
[10.746s] -- Up-to-date: /develop_ws/ardupilot/Tools/ros2/install/ardupilot_msgs/include/ardupilot_msgs/ardupilot_msgs/msg/rosidl_generator_c__visibility_control.h
[10.746s] -- Installing: /develop_ws/ardupilot/Tools/ros2/install/ardupilot_msgs/include/ardupilot_msgs/ardupilot_msgs/msg/airspeed.h
[10.746s] -- Up-to-date: /develop_ws/ardupilot/Tools/ros2/install/ardupilot_msgs/share/ardupilot_msgs/environment/library_path.sh
[10.746s] -- Installing: /develop_ws/ardupilot/Tools/ros2/install/ardupilot_msgs/share/ardupilot_msgs/environment/library_path.dsv
[10.748s] -- Installing: /develop_ws/ardupilot/Tools/ros2/install/ardupilot_msgs/lib/libardupilot_msgs__rosidl_generator_c.so
[10.749s] -- Set runtime path of "/develop_ws/ardupilot/Tools/ros2/install/ardupilot_msgs/lib/libardupilot_msgs__rosidl_generator_c.so" to ""
[10.749s] -- Up-to-date: /develop_ws/ardupilot/Tools/ros2/install/ardupilot_msgs/include/ardupilot_msgs/ardupilot_msgs
[10.749s] -- Up-to-date: /develop_ws/ardupilot/Tools/ros2/install/ardupilot_msgs/include/ardupilot_msgs/ardupilot_msgs/srv
[10.749s] -- Up-to-date: /develop_ws/ardupilot/Tools/ros2/install/ardupilot_msgs/include/ardupilot_msgs/ardupilot_msgs/srv/detail
[10.750s] -- Installing: /develop_ws/ardupilot/Tools/ros2/install/ardupilot_msgs/include/ardupilot_msgs/ardupilot_msgs/srv/detail/takeoff__rosidl_typesupport_fastrtps_c.h
[10.750s] -- Installing: /develop_ws/ardupilot/Tools/ros2/install/ardupilot_msgs/include/ardupilot_msgs/ardupilot_msgs/srv/detail/arm_motors__rosidl_typesupport_fastrtps_c.h
[10.750s] -- Installing: /develop_ws/ardupilot/Tools/ros2/install/ardupilot_msgs/include/ardupilot_msgs/ardupilot_msgs/srv/detail/mode_switch__rosidl_typesupport_fastrtps_c.h
[10.750s] -- Up-to-date: /develop_ws/ardupilot/Tools/ros2/install/ardupilot_msgs/include/ardupilot_msgs/ardupilot_msgs/msg
[10.750s] -- Up-to-date: /develop_ws/ardupilot/Tools/ros2/install/ardupilot_msgs/include/ardupilot_msgs/ardupilot_msgs/msg/detail
[10.750s] -- Installing: /develop_ws/ardupilot/Tools/ros2/install/ardupilot_msgs/include/ardupilot_msgs/ardupilot_msgs/msg/detail/pitot__rosidl_typesupport_fastrtps_c.h
[10.750s] -- Installing: /develop_ws/ardupilot/Tools/ros2/install/ardupilot_msgs/include/ardupilot_msgs/ardupilot_msgs/msg/detail/rc_out__rosidl_typesupport_fastrtps_c.h
[10.751s] -- Installing: /develop_ws/ardupilot/Tools/ros2/install/ardupilot_msgs/include/ardupilot_msgs/ardupilot_msgs/msg/detail/propulsion__rosidl_typesupport_fastrtps_c.h
[10.751s] -- Installing: /develop_ws/ardupilot/Tools/ros2/install/ardupilot_msgs/include/ardupilot_msgs/ardupilot_msgs/msg/detail/airspeed__rosidl_typesupport_fastrtps_c.h
[10.751s] -- Installing: /develop_ws/ardupilot/Tools/ros2/install/ardupilot_msgs/include/ardupilot_msgs/ardupilot_msgs/msg/detail/rc_in__rosidl_typesupport_fastrtps_c.h
[10.751s] -- Installing: /develop_ws/ardupilot/Tools/ros2/install/ardupilot_msgs/include/ardupilot_msgs/ardupilot_msgs/msg/detail/global_position__rosidl_typesupport_fastrtps_c.h
[10.751s] -- Installing: /develop_ws/ardupilot/Tools/ros2/install/ardupilot_msgs/include/ardupilot_msgs/ardupilot_msgs/msg/detail/rc__rosidl_typesupport_fastrtps_c.h
[10.751s] -- Installing: /develop_ws/ardupilot/Tools/ros2/install/ardupilot_msgs/include/ardupilot_msgs/ardupilot_msgs/msg/detail/status__rosidl_typesupport_fastrtps_c.h
[10.751s] -- Up-to-date: /develop_ws/ardupilot/Tools/ros2/install/ardupilot_msgs/include/ardupilot_msgs/ardupilot_msgs/msg/rosidl_typesupport_fastrtps_c__visibility_control.h
[10.752s] -- Installing: /develop_ws/ardupilot/Tools/ros2/install/ardupilot_msgs/lib/libardupilot_msgs__rosidl_typesupport_fastrtps_c.so
[10.753s] -- Set runtime path of "/develop_ws/ardupilot/Tools/ros2/install/ardupilot_msgs/lib/libardupilot_msgs__rosidl_typesupport_fastrtps_c.so" to ""
[10.753s] -- Up-to-date: /develop_ws/ardupilot/Tools/ros2/install/ardupilot_msgs/include/ardupilot_msgs/ardupilot_msgs
[10.753s] -- Up-to-date: /develop_ws/ardupilot/Tools/ros2/install/ardupilot_msgs/include/ardupilot_msgs/ardupilot_msgs/srv
[10.753s] -- Up-to-date: /develop_ws/ardupilot/Tools/ros2/install/ardupilot_msgs/include/ardupilot_msgs/ardupilot_msgs/srv/detail
[10.754s] -- Installing: /develop_ws/ardupilot/Tools/ros2/install/ardupilot_msgs/include/ardupilot_msgs/ardupilot_msgs/srv/detail/mode_switch__struct.hpp
[10.754s] -- Installing: /develop_ws/ardupilot/Tools/ros2/install/ardupilot_msgs/include/ardupilot_msgs/ardupilot_msgs/srv/detail/takeoff__builder.hpp
[10.754s] -- Installing: /develop_ws/ardupilot/Tools/ros2/install/ardupilot_msgs/include/ardupilot_msgs/ardupilot_msgs/srv/detail/takeoff__type_support.hpp
[10.754s] -- Installing: /develop_ws/ardupilot/Tools/ros2/install/ardupilot_msgs/include/ardupilot_msgs/ardupilot_msgs/srv/detail/arm_motors__type_support.hpp
[10.754s] -- Installing: /develop_ws/ardupilot/Tools/ros2/install/ardupilot_msgs/include/ardupilot_msgs/ardupilot_msgs/srv/detail/arm_motors__struct.hpp
[10.755s] -- Installing: /develop_ws/ardupilot/Tools/ros2/install/ardupilot_msgs/include/ardupilot_msgs/ardupilot_msgs/srv/detail/mode_switch__type_support.hpp
[10.755s] -- Installing: /develop_ws/ardupilot/Tools/ros2/install/ardupilot_msgs/include/ardupilot_msgs/ardupilot_msgs/srv/detail/arm_motors__traits.hpp
[10.755s] -- Installing: /develop_ws/ardupilot/Tools/ros2/install/ardupilot_msgs/include/ardupilot_msgs/ardupilot_msgs/srv/detail/takeoff__traits.hpp
[10.755s] -- Installing: /develop_ws/ardupilot/Tools/ros2/install/ardupilot_msgs/include/ardupilot_msgs/ardupilot_msgs/srv/detail/mode_switch__builder.hpp
[10.755s] -- Installing: /develop_ws/ardupilot/Tools/ros2/install/ardupilot_msgs/include/ardupilot_msgs/ardupilot_msgs/srv/detail/takeoff__struct.hpp
[10.756s] -- Installing: /develop_ws/ardupilot/Tools/ros2/install/ardupilot_msgs/include/ardupilot_msgs/ardupilot_msgs/srv/detail/arm_motors__builder.hpp
[10.756s] -- Installing: /develop_ws/ardupilot/Tools/ros2/install/ardupilot_msgs/include/ardupilot_msgs/ardupilot_msgs/srv/detail/mode_switch__traits.hpp
[10.756s] -- Installing: /develop_ws/ardupilot/Tools/ros2/install/ardupilot_msgs/include/ardupilot_msgs/ardupilot_msgs/srv/takeoff.hpp
[10.756s] -- Installing: /develop_ws/ardupilot/Tools/ros2/install/ardupilot_msgs/include/ardupilot_msgs/ardupilot_msgs/srv/mode_switch.hpp
[10.756s] -- Installing: /develop_ws/ardupilot/Tools/ros2/install/ardupilot_msgs/include/ardupilot_msgs/ardupilot_msgs/srv/arm_motors.hpp
[10.757s] -- Up-to-date: /develop_ws/ardupilot/Tools/ros2/install/ardupilot_msgs/include/ardupilot_msgs/ardupilot_msgs/msg
[10.757s] -- Installing: /develop_ws/ardupilot/Tools/ros2/install/ardupilot_msgs/include/ardupilot_msgs/ardupilot_msgs/msg/rc.hpp
[10.757s] -- Up-to-date: /develop_ws/ardupilot/Tools/ros2/install/ardupilot_msgs/include/ardupilot_msgs/ardupilot_msgs/msg/detail
[10.757s] -- Installing: /develop_ws/ardupilot/Tools/ros2/install/ardupilot_msgs/include/ardupilot_msgs/ardupilot_msgs/msg/detail/global_position__builder.hpp
[10.758s] -- Installing: /develop_ws/ardupilot/Tools/ros2/install/ardupilot_msgs/include/ardupilot_msgs/ardupilot_msgs/msg/detail/airspeed__struct.hpp
[10.758s] -- Installing: /develop_ws/ardupilot/Tools/ros2/install/ardupilot_msgs/include/ardupilot_msgs/ardupilot_msgs/msg/detail/status__traits.hpp
[10.758s] -- Installing: /develop_ws/ardupilot/Tools/ros2/install/ardupilot_msgs/include/ardupilot_msgs/ardupilot_msgs/msg/detail/global_position__struct.hpp
[10.758s] -- Installing: /develop_ws/ardupilot/Tools/ros2/install/ardupilot_msgs/include/ardupilot_msgs/ardupilot_msgs/msg/detail/rc_out__type_support.hpp
[10.759s] -- Installing: /develop_ws/ardupilot/Tools/ros2/install/ardupilot_msgs/include/ardupilot_msgs/ardupilot_msgs/msg/detail/rc__struct.hpp
[10.759s] -- Installing: /develop_ws/ardupilot/Tools/ros2/install/ardupilot_msgs/include/ardupilot_msgs/ardupilot_msgs/msg/detail/global_position__traits.hpp
[10.760s] -- Installing: /develop_ws/ardupilot/Tools/ros2/install/ardupilot_msgs/include/ardupilot_msgs/ardupilot_msgs/msg/detail/status__builder.hpp
[10.760s] -- Installing: /develop_ws/ardupilot/Tools/ros2/install/ardupilot_msgs/include/ardupilot_msgs/ardupilot_msgs/msg/detail/rc_in__builder.hpp
[10.760s] -- Installing: /develop_ws/ardupilot/Tools/ros2/install/ardupilot_msgs/include/ardupilot_msgs/ardupilot_msgs/msg/detail/status__type_support.hpp
[10.760s] -- Installing: /develop_ws/ardupilot/Tools/ros2/install/ardupilot_msgs/include/ardupilot_msgs/ardupilot_msgs/msg/detail/propulsion__type_support.hpp
[10.760s] -- Installing: /develop_ws/ardupilot/Tools/ros2/install/ardupilot_msgs/include/ardupilot_msgs/ardupilot_msgs/msg/detail/airspeed__type_support.hpp
[10.760s] -- Installing: /develop_ws/ardupilot/Tools/ros2/install/ardupilot_msgs/include/ardupilot_msgs/ardupilot_msgs/msg/detail/rc_in__traits.hpp
[10.761s] -- Installing: /develop_ws/ardupilot/Tools/ros2/install/ardupilot_msgs/include/ardupilot_msgs/ardupilot_msgs/msg/detail/global_position__type_support.hpp
[10.761s] -- Installing: /develop_ws/ardupilot/Tools/ros2/install/ardupilot_msgs/include/ardupilot_msgs/ardupilot_msgs/msg/detail/pitot__builder.hpp
[10.761s] -- Installing: /develop_ws/ardupilot/Tools/ros2/install/ardupilot_msgs/include/ardupilot_msgs/ardupilot_msgs/msg/detail/airspeed__builder.hpp
[10.761s] -- Installing: /develop_ws/ardupilot/Tools/ros2/install/ardupilot_msgs/include/ardupilot_msgs/ardupilot_msgs/msg/detail/rc__builder.hpp
[10.762s] -- Installing: /develop_ws/ardupilot/Tools/ros2/install/ardupilot_msgs/include/ardupilot_msgs/ardupilot_msgs/msg/detail/rc_out__struct.hpp
[10.762s] -- Installing: /develop_ws/ardupilot/Tools/ros2/install/ardupilot_msgs/include/ardupilot_msgs/ardupilot_msgs/msg/detail/rc__traits.hpp
[10.762s] -- Installing: /develop_ws/ardupilot/Tools/ros2/install/ardupilot_msgs/include/ardupilot_msgs/ardupilot_msgs/msg/detail/rc__type_support.hpp
[10.762s] -- Installing: /develop_ws/ardupilot/Tools/ros2/install/ardupilot_msgs/include/ardupilot_msgs/ardupilot_msgs/msg/detail/rc_out__traits.hpp
[10.763s] -- Installing: /develop_ws/ardupilot/Tools/ros2/install/ardupilot_msgs/include/ardupilot_msgs/ardupilot_msgs/msg/detail/propulsion__traits.hpp
[10.763s] -- Installing: /develop_ws/ardupilot/Tools/ros2/install/ardupilot_msgs/include/ardupilot_msgs/ardupilot_msgs/msg/detail/airspeed__traits.hpp
[10.763s] -- Installing: /develop_ws/ardupilot/Tools/ros2/install/ardupilot_msgs/include/ardupilot_msgs/ardupilot_msgs/msg/detail/rc_out__builder.hpp
[10.763s] -- Installing: /develop_ws/ardupilot/Tools/ros2/install/ardupilot_msgs/include/ardupilot_msgs/ardupilot_msgs/msg/detail/propulsion__struct.hpp
[10.763s] -- Installing: /develop_ws/ardupilot/Tools/ros2/install/ardupilot_msgs/include/ardupilot_msgs/ardupilot_msgs/msg/detail/pitot__type_support.hpp
[10.764s] -- Installing: /develop_ws/ardupilot/Tools/ros2/install/ardupilot_msgs/include/ardupilot_msgs/ardupilot_msgs/msg/detail/propulsion__builder.hpp
[10.764s] -- Installing: /develop_ws/ardupilot/Tools/ros2/install/ardupilot_msgs/include/ardupilot_msgs/ardupilot_msgs/msg/detail/pitot__struct.hpp
[10.764s] -- Installing: /develop_ws/ardupilot/Tools/ros2/install/ardupilot_msgs/include/ardupilot_msgs/ardupilot_msgs/msg/detail/rc_in__struct.hpp
[10.764s] -- Installing: /develop_ws/ardupilot/Tools/ros2/install/ardupilot_msgs/include/ardupilot_msgs/ardupilot_msgs/msg/detail/pitot__traits.hpp
[10.764s] -- Installing: /develop_ws/ardupilot/Tools/ros2/install/ardupilot_msgs/include/ardupilot_msgs/ardupilot_msgs/msg/detail/status__struct.hpp
[10.765s] -- Installing: /develop_ws/ardupilot/Tools/ros2/install/ardupilot_msgs/include/ardupilot_msgs/ardupilot_msgs/msg/detail/rc_in__type_support.hpp
[10.765s] -- Installing: /develop_ws/ardupilot/Tools/ros2/install/ardupilot_msgs/include/ardupilot_msgs/ardupilot_msgs/msg/rc_in.hpp
[10.765s] -- Installing: /develop_ws/ardupilot/Tools/ros2/install/ardupilot_msgs/include/ardupilot_msgs/ardupilot_msgs/msg/propulsion.hpp
[10.765s] -- Up-to-date: /develop_ws/ardupilot/Tools/ros2/install/ardupilot_msgs/include/ardupilot_msgs/ardupilot_msgs/msg/rosidl_generator_cpp__visibility_control.hpp
[10.765s] -- Installing: /develop_ws/ardupilot/Tools/ros2/install/ardupilot_msgs/include/ardupilot_msgs/ardupilot_msgs/msg/airspeed.hpp
[10.765s] -- Installing: /develop_ws/ardupilot/Tools/ros2/install/ardupilot_msgs/include/ardupilot_msgs/ardupilot_msgs/msg/rc_out.hpp
[10.766s] -- Installing: /develop_ws/ardupilot/Tools/ros2/install/ardupilot_msgs/include/ardupilot_msgs/ardupilot_msgs/msg/global_position.hpp
[10.766s] -- Installing: /develop_ws/ardupilot/Tools/ros2/install/ardupilot_msgs/include/ardupilot_msgs/ardupilot_msgs/msg/pitot.hpp
[10.766s] -- Installing: /develop_ws/ardupilot/Tools/ros2/install/ardupilot_msgs/include/ardupilot_msgs/ardupilot_msgs/msg/status.hpp
[10.766s] -- Up-to-date: /develop_ws/ardupilot/Tools/ros2/install/ardupilot_msgs/include/ardupilot_msgs/ardupilot_msgs
[10.766s] -- Up-to-date: /develop_ws/ardupilot/Tools/ros2/install/ardupilot_msgs/include/ardupilot_msgs/ardupilot_msgs/srv
[10.766s] -- Up-to-date: /develop_ws/ardupilot/Tools/ros2/install/ardupilot_msgs/include/ardupilot_msgs/ardupilot_msgs/srv/detail
[10.767s] -- Installing: /develop_ws/ardupilot/Tools/ros2/install/ardupilot_msgs/include/ardupilot_msgs/ardupilot_msgs/srv/detail/takeoff__rosidl_typesupport_fastrtps_cpp.hpp
[10.767s] -- Installing: /develop_ws/ardupilot/Tools/ros2/install/ardupilot_msgs/include/ardupilot_msgs/ardupilot_msgs/srv/detail/arm_motors__rosidl_typesupport_fastrtps_cpp.hpp
[10.767s] -- Up-to-date: /develop_ws/ardupilot/Tools/ros2/install/ardupilot_msgs/include/ardupilot_msgs/ardupilot_msgs/srv/detail/dds_fastrtps
[10.767s] -- Installing: /develop_ws/ardupilot/Tools/ros2/install/ardupilot_msgs/include/ardupilot_msgs/ardupilot_msgs/srv/detail/mode_switch__rosidl_typesupport_fastrtps_cpp.hpp
[10.767s] -- Up-to-date: /develop_ws/ardupilot/Tools/ros2/install/ardupilot_msgs/include/ardupilot_msgs/ardupilot_msgs/msg
[10.767s] -- Up-to-date: /develop_ws/ardupilot/Tools/ros2/install/ardupilot_msgs/include/ardupilot_msgs/ardupilot_msgs/msg/detail
[10.767s] -- Installing: /develop_ws/ardupilot/Tools/ros2/install/ardupilot_msgs/include/ardupilot_msgs/ardupilot_msgs/msg/detail/global_position__rosidl_typesupport_fastrtps_cpp.hpp
[10.768s] -- Installing: /develop_ws/ardupilot/Tools/ros2/install/ardupilot_msgs/include/ardupilot_msgs/ardupilot_msgs/msg/detail/rc_out__rosidl_typesupport_fastrtps_cpp.hpp
[10.768s] -- Installing: /develop_ws/ardupilot/Tools/ros2/install/ardupilot_msgs/include/ardupilot_msgs/ardupilot_msgs/msg/detail/pitot__rosidl_typesupport_fastrtps_cpp.hpp
[10.768s] -- Installing: /develop_ws/ardupilot/Tools/ros2/install/ardupilot_msgs/include/ardupilot_msgs/ardupilot_msgs/msg/detail/rc__rosidl_typesupport_fastrtps_cpp.hpp
[10.768s] -- Installing: /develop_ws/ardupilot/Tools/ros2/install/ardupilot_msgs/include/ardupilot_msgs/ardupilot_msgs/msg/detail/rc_in__rosidl_typesupport_fastrtps_cpp.hpp
[10.768s] -- Installing: /develop_ws/ardupilot/Tools/ros2/install/ardupilot_msgs/include/ardupilot_msgs/ardupilot_msgs/msg/detail/airspeed__rosidl_typesupport_fastrtps_cpp.hpp
[10.768s] -- Up-to-date: /develop_ws/ardupilot/Tools/ros2/install/ardupilot_msgs/include/ardupilot_msgs/ardupilot_msgs/msg/detail/dds_fastrtps
[10.768s] -- Installing: /develop_ws/ardupilot/Tools/ros2/install/ardupilot_msgs/include/ardupilot_msgs/ardupilot_msgs/msg/detail/status__rosidl_typesupport_fastrtps_cpp.hpp
[10.768s] -- Installing: /develop_ws/ardupilot/Tools/ros2/install/ardupilot_msgs/include/ardupilot_msgs/ardupilot_msgs/msg/detail/propulsion__rosidl_typesupport_fastrtps_cpp.hpp
[10.768s] -- Up-to-date: /develop_ws/ardupilot/Tools/ros2/install/ardupilot_msgs/include/ardupilot_msgs/ardupilot_msgs/msg/rosidl_typesupport_fastrtps_cpp__visibility_control.h
[10.770s] -- Installing: /develop_ws/ardupilot/Tools/ros2/install/ardupilot_msgs/lib/libardupilot_msgs__rosidl_typesupport_fastrtps_cpp.so
[10.772s] -- Set runtime path of "/develop_ws/ardupilot/Tools/ros2/install/ardupilot_msgs/lib/libardupilot_msgs__rosidl_typesupport_fastrtps_cpp.so" to ""
[10.772s] -- Up-to-date: /develop_ws/ardupilot/Tools/ros2/install/ardupilot_msgs/include/ardupilot_msgs/ardupilot_msgs
[10.773s] -- Up-to-date: /develop_ws/ardupilot/Tools/ros2/install/ardupilot_msgs/include/ardupilot_msgs/ardupilot_msgs/srv
[10.773s] -- Up-to-date: /develop_ws/ardupilot/Tools/ros2/install/ardupilot_msgs/include/ardupilot_msgs/ardupilot_msgs/srv/detail
[10.773s] -- Installing: /develop_ws/ardupilot/Tools/ros2/install/ardupilot_msgs/include/ardupilot_msgs/ardupilot_msgs/srv/detail/arm_motors__rosidl_typesupport_introspection_c.h
[10.773s] -- Installing: /develop_ws/ardupilot/Tools/ros2/install/ardupilot_msgs/include/ardupilot_msgs/ardupilot_msgs/srv/detail/arm_motors__type_support.c
[10.774s] -- Installing: /develop_ws/ardupilot/Tools/ros2/install/ardupilot_msgs/include/ardupilot_msgs/ardupilot_msgs/srv/detail/mode_switch__type_support.c
[10.774s] -- Installing: /develop_ws/ardupilot/Tools/ros2/install/ardupilot_msgs/include/ardupilot_msgs/ardupilot_msgs/srv/detail/takeoff__type_support.c
[10.774s] -- Installing: /develop_ws/ardupilot/Tools/ros2/install/ardupilot_msgs/include/ardupilot_msgs/ardupilot_msgs/srv/detail/takeoff__rosidl_typesupport_introspection_c.h
[10.774s] -- Installing: /develop_ws/ardupilot/Tools/ros2/install/ardupilot_msgs/include/ardupilot_msgs/ardupilot_msgs/srv/detail/mode_switch__rosidl_typesupport_introspection_c.h
[10.774s] -- Up-to-date: /develop_ws/ardupilot/Tools/ros2/install/ardupilot_msgs/include/ardupilot_msgs/ardupilot_msgs/msg
[10.774s] -- Up-to-date: /develop_ws/ardupilot/Tools/ros2/install/ardupilot_msgs/include/ardupilot_msgs/ardupilot_msgs/msg/detail
[10.774s] -- Installing: /develop_ws/ardupilot/Tools/ros2/install/ardupilot_msgs/include/ardupilot_msgs/ardupilot_msgs/msg/detail/airspeed__rosidl_typesupport_introspection_c.h
[10.774s] -- Installing: /develop_ws/ardupilot/Tools/ros2/install/ardupilot_msgs/include/ardupilot_msgs/ardupilot_msgs/msg/detail/rc__type_support.c
[10.775s] -- Installing: /develop_ws/ardupilot/Tools/ros2/install/ardupilot_msgs/include/ardupilot_msgs/ardupilot_msgs/msg/detail/airspeed__type_support.c
[10.775s] -- Installing: /develop_ws/ardupilot/Tools/ros2/install/ardupilot_msgs/include/ardupilot_msgs/ardupilot_msgs/msg/detail/pitot__type_support.c
[10.775s] -- Installing: /develop_ws/ardupilot/Tools/ros2/install/ardupilot_msgs/include/ardupilot_msgs/ardupilot_msgs/msg/detail/global_position__rosidl_typesupport_introspection_c.h
[10.775s] -- Installing: /develop_ws/ardupilot/Tools/ros2/install/ardupilot_msgs/include/ardupilot_msgs/ardupilot_msgs/msg/detail/rc_in__type_support.c
[10.775s] -- Installing: /develop_ws/ardupilot/Tools/ros2/install/ardupilot_msgs/include/ardupilot_msgs/ardupilot_msgs/msg/detail/status__type_support.c
[10.775s] -- Installing: /develop_ws/ardupilot/Tools/ros2/install/ardupilot_msgs/include/ardupilot_msgs/ardupilot_msgs/msg/detail/propulsion__rosidl_typesupport_introspection_c.h
[10.776s] -- Installing: /develop_ws/ardupilot/Tools/ros2/install/ardupilot_msgs/include/ardupilot_msgs/ardupilot_msgs/msg/detail/status__rosidl_typesupport_introspection_c.h
[10.776s] -- Installing: /develop_ws/ardupilot/Tools/ros2/install/ardupilot_msgs/include/ardupilot_msgs/ardupilot_msgs/msg/detail/rc__rosidl_typesupport_introspection_c.h
[10.776s] -- Installing: /develop_ws/ardupilot/Tools/ros2/install/ardupilot_msgs/include/ardupilot_msgs/ardupilot_msgs/msg/detail/rc_in__rosidl_typesupport_introspection_c.h
[10.776s] -- Installing: /develop_ws/ardupilot/Tools/ros2/install/ardupilot_msgs/include/ardupilot_msgs/ardupilot_msgs/msg/detail/rc_out__rosidl_typesupport_introspection_c.h
[10.776s] -- Installing: /develop_ws/ardupilot/Tools/ros2/install/ardupilot_msgs/include/ardupilot_msgs/ardupilot_msgs/msg/detail/pitot__rosidl_typesupport_introspection_c.h
[10.776s] -- Installing: /develop_ws/ardupilot/Tools/ros2/install/ardupilot_msgs/include/ardupilot_msgs/ardupilot_msgs/msg/detail/global_position__type_support.c
[10.776s] -- Installing: /develop_ws/ardupilot/Tools/ros2/install/ardupilot_msgs/include/ardupilot_msgs/ardupilot_msgs/msg/detail/propulsion__type_support.c
[10.776s] -- Installing: /develop_ws/ardupilot/Tools/ros2/install/ardupilot_msgs/include/ardupilot_msgs/ardupilot_msgs/msg/detail/rc_out__type_support.c
[10.776s] -- Up-to-date: /develop_ws/ardupilot/Tools/ros2/install/ardupilot_msgs/include/ardupilot_msgs/ardupilot_msgs/msg/rosidl_typesupport_introspection_c__visibility_control.h
[10.777s] -- Installing: /develop_ws/ardupilot/Tools/ros2/install/ardupilot_msgs/lib/libardupilot_msgs__rosidl_typesupport_introspection_c.so
[10.778s] -- Set runtime path of "/develop_ws/ardupilot/Tools/ros2/install/ardupilot_msgs/lib/libardupilot_msgs__rosidl_typesupport_introspection_c.so" to ""
[10.779s] -- Installing: /develop_ws/ardupilot/Tools/ros2/install/ardupilot_msgs/lib/libardupilot_msgs__rosidl_typesupport_c.so
[10.779s] -- Set runtime path of "/develop_ws/ardupilot/Tools/ros2/install/ardupilot_msgs/lib/libardupilot_msgs__rosidl_typesupport_c.so" to ""
[10.780s] -- Up-to-date: /develop_ws/ardupilot/Tools/ros2/install/ardupilot_msgs/include/ardupilot_msgs/ardupilot_msgs
[10.780s] -- Up-to-date: /develop_ws/ardupilot/Tools/ros2/install/ardupilot_msgs/include/ardupilot_msgs/ardupilot_msgs/srv
[10.780s] -- Up-to-date: /develop_ws/ardupilot/Tools/ros2/install/ardupilot_msgs/include/ardupilot_msgs/ardupilot_msgs/srv/detail
[10.780s] -- Installing: /develop_ws/ardupilot/Tools/ros2/install/ardupilot_msgs/include/ardupilot_msgs/ardupilot_msgs/srv/detail/mode_switch__type_support.cpp
[10.780s] -- Installing: /develop_ws/ardupilot/Tools/ros2/install/ardupilot_msgs/include/ardupilot_msgs/ardupilot_msgs/srv/detail/arm_motors__rosidl_typesupport_introspection_cpp.hpp
[10.781s] -- Installing: /develop_ws/ardupilot/Tools/ros2/install/ardupilot_msgs/include/ardupilot_msgs/ardupilot_msgs/srv/detail/takeoff__type_support.cpp
[10.781s] -- Installing: /develop_ws/ardupilot/Tools/ros2/install/ardupilot_msgs/include/ardupilot_msgs/ardupilot_msgs/srv/detail/arm_motors__type_support.cpp
[10.781s] -- Installing: /develop_ws/ardupilot/Tools/ros2/install/ardupilot_msgs/include/ardupilot_msgs/ardupilot_msgs/srv/detail/mode_switch__rosidl_typesupport_introspection_cpp.hpp
[10.781s] -- Installing: /develop_ws/ardupilot/Tools/ros2/install/ardupilot_msgs/include/ardupilot_msgs/ardupilot_msgs/srv/detail/takeoff__rosidl_typesupport_introspection_cpp.hpp
[10.782s] -- Up-to-date: /develop_ws/ardupilot/Tools/ros2/install/ardupilot_msgs/include/ardupilot_msgs/ardupilot_msgs/msg
[10.782s] -- Up-to-date: /develop_ws/ardupilot/Tools/ros2/install/ardupilot_msgs/include/ardupilot_msgs/ardupilot_msgs/msg/detail
[10.782s] -- Installing: /develop_ws/ardupilot/Tools/ros2/install/ardupilot_msgs/include/ardupilot_msgs/ardupilot_msgs/msg/detail/pitot__rosidl_typesupport_introspection_cpp.hpp
[10.782s] -- Installing: /develop_ws/ardupilot/Tools/ros2/install/ardupilot_msgs/include/ardupilot_msgs/ardupilot_msgs/msg/detail/rc_out__rosidl_typesupport_introspection_cpp.hpp
[10.782s] -- Installing: /develop_ws/ardupilot/Tools/ros2/install/ardupilot_msgs/include/ardupilot_msgs/ardupilot_msgs/msg/detail/airspeed__type_support.cpp
[10.783s] -- Installing: /develop_ws/ardupilot/Tools/ros2/install/ardupilot_msgs/include/ardupilot_msgs/ardupilot_msgs/msg/detail/rc_out__type_support.cpp
[10.783s] -- Installing: /develop_ws/ardupilot/Tools/ros2/install/ardupilot_msgs/include/ardupilot_msgs/ardupilot_msgs/msg/detail/rc__type_support.cpp
[10.783s] -- Installing: /develop_ws/ardupilot/Tools/ros2/install/ardupilot_msgs/include/ardupilot_msgs/ardupilot_msgs/msg/detail/status__rosidl_typesupport_introspection_cpp.hpp
[10.783s] -- Installing: /develop_ws/ardupilot/Tools/ros2/install/ardupilot_msgs/include/ardupilot_msgs/ardupilot_msgs/msg/detail/pitot__type_support.cpp
[10.784s] -- Installing: /develop_ws/ardupilot/Tools/ros2/install/ardupilot_msgs/include/ardupilot_msgs/ardupilot_msgs/msg/detail/status__type_support.cpp
[10.784s] -- Installing: /develop_ws/ardupilot/Tools/ros2/install/ardupilot_msgs/include/ardupilot_msgs/ardupilot_msgs/msg/detail/propulsion__rosidl_typesupport_introspection_cpp.hpp
[10.784s] -- Installing: /develop_ws/ardupilot/Tools/ros2/install/ardupilot_msgs/include/ardupilot_msgs/ardupilot_msgs/msg/detail/rc__rosidl_typesupport_introspection_cpp.hpp
[10.784s] -- Installing: /develop_ws/ardupilot/Tools/ros2/install/ardupilot_msgs/include/ardupilot_msgs/ardupilot_msgs/msg/detail/propulsion__type_support.cpp
[10.784s] -- Installing: /develop_ws/ardupilot/Tools/ros2/install/ardupilot_msgs/include/ardupilot_msgs/ardupilot_msgs/msg/detail/global_position__rosidl_typesupport_introspection_cpp.hpp
[10.784s] -- Installing: /develop_ws/ardupilot/Tools/ros2/install/ardupilot_msgs/include/ardupilot_msgs/ardupilot_msgs/msg/detail/rc_in__rosidl_typesupport_introspection_cpp.hpp
[10.784s] -- Installing: /develop_ws/ardupilot/Tools/ros2/install/ardupilot_msgs/include/ardupilot_msgs/ardupilot_msgs/msg/detail/airspeed__rosidl_typesupport_introspection_cpp.hpp
[10.784s] -- Installing: /develop_ws/ardupilot/Tools/ros2/install/ardupilot_msgs/include/ardupilot_msgs/ardupilot_msgs/msg/detail/rc_in__type_support.cpp
[10.784s] -- Installing: /develop_ws/ardupilot/Tools/ros2/install/ardupilot_msgs/include/ardupilot_msgs/ardupilot_msgs/msg/detail/global_position__type_support.cpp
[10.785s] -- Installing: /develop_ws/ardupilot/Tools/ros2/install/ardupilot_msgs/lib/libardupilot_msgs__rosidl_typesupport_introspection_cpp.so
[10.786s] -- Set runtime path of "/develop_ws/ardupilot/Tools/ros2/install/ardupilot_msgs/lib/libardupilot_msgs__rosidl_typesupport_introspection_cpp.so" to ""
[10.787s] -- Installing: /develop_ws/ardupilot/Tools/ros2/install/ardupilot_msgs/lib/libardupilot_msgs__rosidl_typesupport_cpp.so
[10.788s] -- Set runtime path of "/develop_ws/ardupilot/Tools/ros2/install/ardupilot_msgs/lib/libardupilot_msgs__rosidl_typesupport_cpp.so" to ""
[10.788s] -- Up-to-date: /develop_ws/ardupilot/Tools/ros2/install/ardupilot_msgs/share/ardupilot_msgs/environment/pythonpath.sh
[10.788s] -- Installing: /develop_ws/ardupilot/Tools/ros2/install/ardupilot_msgs/share/ardupilot_msgs/environment/pythonpath.dsv
[10.788s] -- Up-to-date: /develop_ws/ardupilot/Tools/ros2/install/ardupilot_msgs/local/lib/python3.10/dist-packages/ardupilot_msgs-0.0.0-py3.10.egg-info
[10.788s] -- Installing: /develop_ws/ardupilot/Tools/ros2/install/ardupilot_msgs/local/lib/python3.10/dist-packages/ardupilot_msgs-0.0.0-py3.10.egg-info/PKG-INFO
[10.789s] -- Installing: /develop_ws/ardupilot/Tools/ros2/install/ardupilot_msgs/local/lib/python3.10/dist-packages/ardupilot_msgs-0.0.0-py3.10.egg-info/SOURCES.txt
[10.789s] -- Installing: /develop_ws/ardupilot/Tools/ros2/install/ardupilot_msgs/local/lib/python3.10/dist-packages/ardupilot_msgs-0.0.0-py3.10.egg-info/dependency_links.txt
[10.789s] -- Installing: /develop_ws/ardupilot/Tools/ros2/install/ardupilot_msgs/local/lib/python3.10/dist-packages/ardupilot_msgs-0.0.0-py3.10.egg-info/top_level.txt
[10.789s] -- Up-to-date: /develop_ws/ardupilot/Tools/ros2/install/ardupilot_msgs/local/lib/python3.10/dist-packages/ardupilot_msgs
[10.789s] -- Up-to-date: /develop_ws/ardupilot/Tools/ros2/install/ardupilot_msgs/local/lib/python3.10/dist-packages/ardupilot_msgs/srv
[10.789s] -- Installing: /develop_ws/ardupilot/Tools/ros2/install/ardupilot_msgs/local/lib/python3.10/dist-packages/ardupilot_msgs/srv/_mode_switch.py
[10.790s] -- Installing: /develop_ws/ardupilot/Tools/ros2/install/ardupilot_msgs/local/lib/python3.10/dist-packages/ardupilot_msgs/srv/_arm_motors.py
[10.790s] -- Installing: /develop_ws/ardupilot/Tools/ros2/install/ardupilot_msgs/local/lib/python3.10/dist-packages/ardupilot_msgs/srv/_takeoff_s.c
[10.790s] -- Installing: /develop_ws/ardupilot/Tools/ros2/install/ardupilot_msgs/local/lib/python3.10/dist-packages/ardupilot_msgs/srv/_arm_motors_s.c
[10.790s] -- Installing: /develop_ws/ardupilot/Tools/ros2/install/ardupilot_msgs/local/lib/python3.10/dist-packages/ardupilot_msgs/srv/_mode_switch_s.c
[10.790s] -- Installing: /develop_ws/ardupilot/Tools/ros2/install/ardupilot_msgs/local/lib/python3.10/dist-packages/ardupilot_msgs/srv/__init__.py
[10.791s] -- Installing: /develop_ws/ardupilot/Tools/ros2/install/ardupilot_msgs/local/lib/python3.10/dist-packages/ardupilot_msgs/srv/_takeoff.py
[10.791s] -- Up-to-date: /develop_ws/ardupilot/Tools/ros2/install/ardupilot_msgs/local/lib/python3.10/dist-packages/ardupilot_msgs/msg
[10.791s] -- Installing: /develop_ws/ardupilot/Tools/ros2/install/ardupilot_msgs/local/lib/python3.10/dist-packages/ardupilot_msgs/msg/_global_position.py
[10.792s] -- Installing: /develop_ws/ardupilot/Tools/ros2/install/ardupilot_msgs/local/lib/python3.10/dist-packages/ardupilot_msgs/msg/_airspeed.py
[10.792s] -- Installing: /develop_ws/ardupilot/Tools/ros2/install/ardupilot_msgs/local/lib/python3.10/dist-packages/ardupilot_msgs/msg/_rc_out.py
[10.792s] -- Installing: /develop_ws/ardupilot/Tools/ros2/install/ardupilot_msgs/local/lib/python3.10/dist-packages/ardupilot_msgs/msg/_global_position_s.c
[10.793s] -- Installing: /develop_ws/ardupilot/Tools/ros2/install/ardupilot_msgs/local/lib/python3.10/dist-packages/ardupilot_msgs/msg/_propulsion_s.c
[10.793s] -- Installing: /develop_ws/ardupilot/Tools/ros2/install/ardupilot_msgs/local/lib/python3.10/dist-packages/ardupilot_msgs/msg/_airspeed_s.c
[10.793s] -- Installing: /develop_ws/ardupilot/Tools/ros2/install/ardupilot_msgs/local/lib/python3.10/dist-packages/ardupilot_msgs/msg/_status_s.c
[10.793s] -- Installing: /develop_ws/ardupilot/Tools/ros2/install/ardupilot_msgs/local/lib/python3.10/dist-packages/ardupilot_msgs/msg/_rc.py
[10.794s] -- Installing: /develop_ws/ardupilot/Tools/ros2/install/ardupilot_msgs/local/lib/python3.10/dist-packages/ardupilot_msgs/msg/_propulsion.py
[10.794s] -- Installing: /develop_ws/ardupilot/Tools/ros2/install/ardupilot_msgs/local/lib/python3.10/dist-packages/ardupilot_msgs/msg/_rc_in.py
[10.794s] -- Installing: /develop_ws/ardupilot/Tools/ros2/install/ardupilot_msgs/local/lib/python3.10/dist-packages/ardupilot_msgs/msg/_rc_out_s.c
[10.794s] -- Installing: /develop_ws/ardupilot/Tools/ros2/install/ardupilot_msgs/local/lib/python3.10/dist-packages/ardupilot_msgs/msg/_status.py
[10.795s] -- Installing: /develop_ws/ardupilot/Tools/ros2/install/ardupilot_msgs/local/lib/python3.10/dist-packages/ardupilot_msgs/msg/_rc_s.c
[10.795s] -- Installing: /develop_ws/ardupilot/Tools/ros2/install/ardupilot_msgs/local/lib/python3.10/dist-packages/ardupilot_msgs/msg/_pitot.py
[10.795s] -- Installing: /develop_ws/ardupilot/Tools/ros2/install/ardupilot_msgs/local/lib/python3.10/dist-packages/ardupilot_msgs/msg/_rc_in_s.c
[10.795s] -- Installing: /develop_ws/ardupilot/Tools/ros2/install/ardupilot_msgs/local/lib/python3.10/dist-packages/ardupilot_msgs/msg/__init__.py
[10.795s] -- Installing: /develop_ws/ardupilot/Tools/ros2/install/ardupilot_msgs/local/lib/python3.10/dist-packages/ardupilot_msgs/msg/_pitot_s.c
[10.796s] -- Installing: /develop_ws/ardupilot/Tools/ros2/install/ardupilot_msgs/local/lib/python3.10/dist-packages/ardupilot_msgs/_ardupilot_msgs_s.ep.rosidl_typesupport_introspection_c.c
[10.796s] -- Installing: /develop_ws/ardupilot/Tools/ros2/install/ardupilot_msgs/local/lib/python3.10/dist-packages/ardupilot_msgs/_ardupilot_msgs_s.ep.rosidl_typesupport_fastrtps_c.c
[10.796s] -- Installing: /develop_ws/ardupilot/Tools/ros2/install/ardupilot_msgs/local/lib/python3.10/dist-packages/ardupilot_msgs/ardupilot_msgs_s__rosidl_typesupport_c.cpython-310-x86_64-linux-gnu.so
[10.796s] -- Installing: /develop_ws/ardupilot/Tools/ros2/install/ardupilot_msgs/local/lib/python3.10/dist-packages/ardupilot_msgs/ardupilot_msgs_s__rosidl_typesupport_introspection_c.cpython-310-x86_64-linux-gnu.so
[10.796s] -- Installing: /develop_ws/ardupilot/Tools/ros2/install/ardupilot_msgs/local/lib/python3.10/dist-packages/ardupilot_msgs/ardupilot_msgs_s__rosidl_typesupport_fastrtps_c.cpython-310-x86_64-linux-gnu.so
[10.796s] -- Installing: /develop_ws/ardupilot/Tools/ros2/install/ardupilot_msgs/local/lib/python3.10/dist-packages/ardupilot_msgs/__init__.py
[10.797s] -- Installing: /develop_ws/ardupilot/Tools/ros2/install/ardupilot_msgs/local/lib/python3.10/dist-packages/ardupilot_msgs/libardupilot_msgs__rosidl_generator_py.so
[10.797s] -- Installing: /develop_ws/ardupilot/Tools/ros2/install/ardupilot_msgs/local/lib/python3.10/dist-packages/ardupilot_msgs/_ardupilot_msgs_s.ep.rosidl_typesupport_c.c
[10.826s] Listing '/develop_ws/ardupilot/Tools/ros2/install/ardupilot_msgs/local/lib/python3.10/dist-packages/ardupilot_msgs'...
[10.833s] Compiling '/develop_ws/ardupilot/Tools/ros2/install/ardupilot_msgs/local/lib/python3.10/dist-packages/ardupilot_msgs/__init__.py'...
[10.835s] Listing '/develop_ws/ardupilot/Tools/ros2/install/ardupilot_msgs/local/lib/python3.10/dist-packages/ardupilot_msgs/msg'...
[10.835s] Compiling '/develop_ws/ardupilot/Tools/ros2/install/ardupilot_msgs/local/lib/python3.10/dist-packages/ardupilot_msgs/msg/__init__.py'...
[10.836s] Compiling '/develop_ws/ardupilot/Tools/ros2/install/ardupilot_msgs/local/lib/python3.10/dist-packages/ardupilot_msgs/msg/_airspeed.py'...
[10.837s] Compiling '/develop_ws/ardupilot/Tools/ros2/install/ardupilot_msgs/local/lib/python3.10/dist-packages/ardupilot_msgs/msg/_global_position.py'...
[10.840s] Compiling '/develop_ws/ardupilot/Tools/ros2/install/ardupilot_msgs/local/lib/python3.10/dist-packages/ardupilot_msgs/msg/_pitot.py'...
[10.842s] Compiling '/develop_ws/ardupilot/Tools/ros2/install/ardupilot_msgs/local/lib/python3.10/dist-packages/ardupilot_msgs/msg/_propulsion.py'...
[10.843s] Compiling '/develop_ws/ardupilot/Tools/ros2/install/ardupilot_msgs/local/lib/python3.10/dist-packages/ardupilot_msgs/msg/_rc.py'...
[10.845s] Compiling '/develop_ws/ardupilot/Tools/ros2/install/ardupilot_msgs/local/lib/python3.10/dist-packages/ardupilot_msgs/msg/_rc_in.py'...
[10.846s] Compiling '/develop_ws/ardupilot/Tools/ros2/install/ardupilot_msgs/local/lib/python3.10/dist-packages/ardupilot_msgs/msg/_rc_out.py'...
[10.848s] Compiling '/develop_ws/ardupilot/Tools/ros2/install/ardupilot_msgs/local/lib/python3.10/dist-packages/ardupilot_msgs/msg/_status.py'...
[10.850s] Listing '/develop_ws/ardupilot/Tools/ros2/install/ardupilot_msgs/local/lib/python3.10/dist-packages/ardupilot_msgs/srv'...
[10.850s] Compiling '/develop_ws/ardupilot/Tools/ros2/install/ardupilot_msgs/local/lib/python3.10/dist-packages/ardupilot_msgs/srv/__init__.py'...
[10.851s] Compiling '/develop_ws/ardupilot/Tools/ros2/install/ardupilot_msgs/local/lib/python3.10/dist-packages/ardupilot_msgs/srv/_arm_motors.py'...
[10.853s] Compiling '/develop_ws/ardupilot/Tools/ros2/install/ardupilot_msgs/local/lib/python3.10/dist-packages/ardupilot_msgs/srv/_mode_switch.py'...
[10.855s] Compiling '/develop_ws/ardupilot/Tools/ros2/install/ardupilot_msgs/local/lib/python3.10/dist-packages/ardupilot_msgs/srv/_takeoff.py'...
[10.863s] -- Installing: /develop_ws/ardupilot/Tools/ros2/install/ardupilot_msgs/local/lib/python3.10/dist-packages/ardupilot_msgs/ardupilot_msgs_s__rosidl_typesupport_fastrtps_c.cpython-310-x86_64-linux-gnu.so
[10.864s] -- Set runtime path of "/develop_ws/ardupilot/Tools/ros2/install/ardupilot_msgs/local/lib/python3.10/dist-packages/ardupilot_msgs/ardupilot_msgs_s__rosidl_typesupport_fastrtps_c.cpython-310-x86_64-linux-gnu.so" to ""
[10.864s] -- Installing: /develop_ws/ardupilot/Tools/ros2/install/ardupilot_msgs/local/lib/python3.10/dist-packages/ardupilot_msgs/ardupilot_msgs_s__rosidl_typesupport_introspection_c.cpython-310-x86_64-linux-gnu.so
[10.864s] -- Set runtime path of "/develop_ws/ardupilot/Tools/ros2/install/ardupilot_msgs/local/lib/python3.10/dist-packages/ardupilot_msgs/ardupilot_msgs_s__rosidl_typesupport_introspection_c.cpython-310-x86_64-linux-gnu.so" to ""
[10.865s] -- Installing: /develop_ws/ardupilot/Tools/ros2/install/ardupilot_msgs/local/lib/python3.10/dist-packages/ardupilot_msgs/ardupilot_msgs_s__rosidl_typesupport_c.cpython-310-x86_64-linux-gnu.so
[10.865s] -- Set runtime path of "/develop_ws/ardupilot/Tools/ros2/install/ardupilot_msgs/local/lib/python3.10/dist-packages/ardupilot_msgs/ardupilot_msgs_s__rosidl_typesupport_c.cpython-310-x86_64-linux-gnu.so" to ""
[10.868s] -- Installing: /develop_ws/ardupilot/Tools/ros2/install/ardupilot_msgs/lib/libardupilot_msgs__rosidl_generator_py.so
[10.869s] -- Set runtime path of "/develop_ws/ardupilot/Tools/ros2/install/ardupilot_msgs/lib/libardupilot_msgs__rosidl_generator_py.so" to ""
[10.869s] -- Up-to-date: /develop_ws/ardupilot/Tools/ros2/install/ardupilot_msgs/share/ament_index/resource_index/rust_packages/ardupilot_msgs
[10.869s] -- Up-to-date: /develop_ws/ardupilot/Tools/ros2/install/ardupilot_msgs/share/ardupilot_msgs/rust
[10.870s] -- Up-to-date: /develop_ws/ardupilot/Tools/ros2/install/ardupilot_msgs/share/ardupilot_msgs/rust/src
[10.870s] -- Up-to-date: /develop_ws/ardupilot/Tools/ros2/install/ardupilot_msgs/share/ardupilot_msgs/rust/src/srv
[10.870s] -- Installing: /develop_ws/ardupilot/Tools/ros2/install/ardupilot_msgs/share/ardupilot_msgs/rust/src/srv/rmw.rs
[10.870s] -- Installing: /develop_ws/ardupilot/Tools/ros2/install/ardupilot_msgs/share/ardupilot_msgs/rust/src/srv.rs
[10.870s] -- Up-to-date: /develop_ws/ardupilot/Tools/ros2/install/ardupilot_msgs/share/ardupilot_msgs/rust/src/msg
[10.870s] -- Installing: /develop_ws/ardupilot/Tools/ros2/install/ardupilot_msgs/share/ardupilot_msgs/rust/src/msg/rmw.rs
[10.870s] -- Installing: /develop_ws/ardupilot/Tools/ros2/install/ardupilot_msgs/share/ardupilot_msgs/rust/src/msg.rs
[10.871s] -- Installing: /develop_ws/ardupilot/Tools/ros2/install/ardupilot_msgs/share/ardupilot_msgs/rust/src/lib.rs
[10.871s] -- Installing: /develop_ws/ardupilot/Tools/ros2/install/ardupilot_msgs/share/ardupilot_msgs/rust/Cargo.toml
[10.871s] -- Installing: /develop_ws/ardupilot/Tools/ros2/install/ardupilot_msgs/share/ardupilot_msgs/rust/build.rs
[10.871s] -- Up-to-date: /develop_ws/ardupilot/Tools/ros2/install/ardupilot_msgs/share/ardupilot_msgs/msg/GlobalPosition.idl
[10.872s] -- Up-to-date: /develop_ws/ardupilot/Tools/ros2/install/ardupilot_msgs/share/ardupilot_msgs/msg/Rc.idl
[10.872s] -- Up-to-date: /develop_ws/ardupilot/Tools/ros2/install/ardupilot_msgs/share/ardupilot_msgs/msg/Status.idl
[10.872s] -- Up-to-date: /develop_ws/ardupilot/Tools/ros2/install/ardupilot_msgs/share/ardupilot_msgs/msg/Airspeed.idl
[10.872s] -- Installing: /develop_ws/ardupilot/Tools/ros2/install/ardupilot_msgs/share/ardupilot_msgs/msg/RcOut.idl
[10.872s] -- Installing: /develop_ws/ardupilot/Tools/ros2/install/ardupilot_msgs/share/ardupilot_msgs/msg/RcIn.idl
[10.873s] -- Installing: /develop_ws/ardupilot/Tools/ros2/install/ardupilot_msgs/share/ardupilot_msgs/msg/Pitot.idl
[10.873s] -- Installing: /develop_ws/ardupilot/Tools/ros2/install/ardupilot_msgs/share/ardupilot_msgs/msg/Propulsion.idl
[10.873s] -- Up-to-date: /develop_ws/ardupilot/Tools/ros2/install/ardupilot_msgs/share/ardupilot_msgs/srv/ArmMotors.idl
[10.874s] -- Up-to-date: /develop_ws/ardupilot/Tools/ros2/install/ardupilot_msgs/share/ardupilot_msgs/srv/ModeSwitch.idl
[10.874s] -- Up-to-date: /develop_ws/ardupilot/Tools/ros2/install/ardupilot_msgs/share/ardupilot_msgs/srv/Takeoff.idl
[10.875s] -- Up-to-date: /develop_ws/ardupilot/Tools/ros2/install/ardupilot_msgs/share/ardupilot_msgs/msg/GlobalPosition.msg
[10.875s] -- Installing: /develop_ws/ardupilot/Tools/ros2/install/ardupilot_msgs/share/ardupilot_msgs/msg/Rc.msg
[10.875s] -- Up-to-date: /develop_ws/ardupilot/Tools/ros2/install/ardupilot_msgs/share/ardupilot_msgs/msg/Status.msg
[10.876s] -- Up-to-date: /develop_ws/ardupilot/Tools/ros2/install/ardupilot_msgs/share/ardupilot_msgs/msg/Airspeed.msg
[10.876s] -- Installing: /develop_ws/ardupilot/Tools/ros2/install/ardupilot_msgs/share/ardupilot_msgs/msg/RcOut.msg
[10.876s] -- Installing: /develop_ws/ardupilot/Tools/ros2/install/ardupilot_msgs/share/ardupilot_msgs/msg/RcIn.msg
[10.876s] -- Installing: /develop_ws/ardupilot/Tools/ros2/install/ardupilot_msgs/share/ardupilot_msgs/msg/Pitot.msg
[10.876s] -- Installing: /develop_ws/ardupilot/Tools/ros2/install/ardupilot_msgs/share/ardupilot_msgs/msg/Propulsion.msg
[10.876s] -- Up-to-date: /develop_ws/ardupilot/Tools/ros2/install/ardupilot_msgs/share/ardupilot_msgs/srv/ArmMotors.srv
[10.877s] -- Up-to-date: /develop_ws/ardupilot/Tools/ros2/install/ardupilot_msgs/share/ardupilot_msgs/srv/ArmMotors_Request.msg
[10.877s] -- Up-to-date: /develop_ws/ardupilot/Tools/ros2/install/ardupilot_msgs/share/ardupilot_msgs/srv/ArmMotors_Response.msg
[10.877s] -- Up-to-date: /develop_ws/ardupilot/Tools/ros2/install/ardupilot_msgs/share/ardupilot_msgs/srv/ModeSwitch.srv
[10.877s] -- Up-to-date: /develop_ws/ardupilot/Tools/ros2/install/ardupilot_msgs/share/ardupilot_msgs/srv/ModeSwitch_Request.msg
[10.877s] -- Up-to-date: /develop_ws/ardupilot/Tools/ros2/install/ardupilot_msgs/share/ardupilot_msgs/srv/ModeSwitch_Response.msg
[10.877s] -- Up-to-date: /develop_ws/ardupilot/Tools/ros2/install/ardupilot_msgs/share/ardupilot_msgs/srv/Takeoff.srv
[10.877s] -- Up-to-date: /develop_ws/ardupilot/Tools/ros2/install/ardupilot_msgs/share/ardupilot_msgs/srv/Takeoff_Request.msg
[10.877s] -- Up-to-date: /develop_ws/ardupilot/Tools/ros2/install/ardupilot_msgs/share/ardupilot_msgs/srv/Takeoff_Response.msg
[10.877s] -- Up-to-date: /develop_ws/ardupilot/Tools/ros2/install/ardupilot_msgs/share/ament_index/resource_index/package_run_dependencies/ardupilot_msgs
[10.877s] -- Up-to-date: /develop_ws/ardupilot/Tools/ros2/install/ardupilot_msgs/share/ament_index/resource_index/parent_prefix_path/ardupilot_msgs
[10.877s] -- Up-to-date: /develop_ws/ardupilot/Tools/ros2/install/ardupilot_msgs/share/ardupilot_msgs/environment/ament_prefix_path.sh
[10.878s] -- Installing: /develop_ws/ardupilot/Tools/ros2/install/ardupilot_msgs/share/ardupilot_msgs/environment/ament_prefix_path.dsv
[10.878s] -- Up-to-date: /develop_ws/ardupilot/Tools/ros2/install/ardupilot_msgs/share/ardupilot_msgs/environment/path.sh
[10.878s] -- Installing: /develop_ws/ardupilot/Tools/ros2/install/ardupilot_msgs/share/ardupilot_msgs/environment/path.dsv
[10.878s] -- Up-to-date: /develop_ws/ardupilot/Tools/ros2/install/ardupilot_msgs/share/ardupilot_msgs/local_setup.bash
[10.878s] -- Up-to-date: /develop_ws/ardupilot/Tools/ros2/install/ardupilot_msgs/share/ardupilot_msgs/local_setup.sh
[10.878s] -- Up-to-date: /develop_ws/ardupilot/Tools/ros2/install/ardupilot_msgs/share/ardupilot_msgs/local_setup.zsh
[10.878s] -- Installing: /develop_ws/ardupilot/Tools/ros2/install/ardupilot_msgs/share/ardupilot_msgs/local_setup.dsv
[10.878s] -- Installing: /develop_ws/ardupilot/Tools/ros2/install/ardupilot_msgs/share/ardupilot_msgs/package.dsv
[10.878s] -- Up-to-date: /develop_ws/ardupilot/Tools/ros2/install/ardupilot_msgs/share/ament_index/resource_index/packages/ardupilot_msgs
[10.879s] -- Up-to-date: /develop_ws/ardupilot/Tools/ros2/install/ardupilot_msgs/share/ardupilot_msgs/cmake/export_ardupilot_msgs__rosidl_generator_cExport.cmake
[10.879s] -- Up-to-date: /develop_ws/ardupilot/Tools/ros2/install/ardupilot_msgs/share/ardupilot_msgs/cmake/export_ardupilot_msgs__rosidl_generator_cExport-noconfig.cmake
[10.879s] -- Up-to-date: /develop_ws/ardupilot/Tools/ros2/install/ardupilot_msgs/share/ardupilot_msgs/cmake/export_ardupilot_msgs__rosidl_typesupport_fastrtps_cExport.cmake
[10.879s] -- Up-to-date: /develop_ws/ardupilot/Tools/ros2/install/ardupilot_msgs/share/ardupilot_msgs/cmake/export_ardupilot_msgs__rosidl_typesupport_fastrtps_cExport-noconfig.cmake
[10.879s] -- Up-to-date: /develop_ws/ardupilot/Tools/ros2/install/ardupilot_msgs/share/ardupilot_msgs/cmake/export_ardupilot_msgs__rosidl_generator_cppExport.cmake
[10.879s] -- Up-to-date: /develop_ws/ardupilot/Tools/ros2/install/ardupilot_msgs/share/ardupilot_msgs/cmake/export_ardupilot_msgs__rosidl_typesupport_fastrtps_cppExport.cmake
[10.879s] -- Up-to-date: /develop_ws/ardupilot/Tools/ros2/install/ardupilot_msgs/share/ardupilot_msgs/cmake/export_ardupilot_msgs__rosidl_typesupport_fastrtps_cppExport-noconfig.cmake
[10.880s] -- Up-to-date: /develop_ws/ardupilot/Tools/ros2/install/ardupilot_msgs/share/ardupilot_msgs/cmake/ardupilot_msgs__rosidl_typesupport_introspection_cExport.cmake
[10.880s] -- Up-to-date: /develop_ws/ardupilot/Tools/ros2/install/ardupilot_msgs/share/ardupilot_msgs/cmake/ardupilot_msgs__rosidl_typesupport_introspection_cExport-noconfig.cmake
[10.880s] -- Up-to-date: /develop_ws/ardupilot/Tools/ros2/install/ardupilot_msgs/share/ardupilot_msgs/cmake/ardupilot_msgs__rosidl_typesupport_cExport.cmake
[10.880s] -- Up-to-date: /develop_ws/ardupilot/Tools/ros2/install/ardupilot_msgs/share/ardupilot_msgs/cmake/ardupilot_msgs__rosidl_typesupport_cExport-noconfig.cmake
[10.881s] -- Up-to-date: /develop_ws/ardupilot/Tools/ros2/install/ardupilot_msgs/share/ardupilot_msgs/cmake/ardupilot_msgs__rosidl_typesupport_introspection_cppExport.cmake
[10.881s] -- Up-to-date: /develop_ws/ardupilot/Tools/ros2/install/ardupilot_msgs/share/ardupilot_msgs/cmake/ardupilot_msgs__rosidl_typesupport_introspection_cppExport-noconfig.cmake
[10.881s] -- Up-to-date: /develop_ws/ardupilot/Tools/ros2/install/ardupilot_msgs/share/ardupilot_msgs/cmake/ardupilot_msgs__rosidl_typesupport_cppExport.cmake
[10.881s] -- Up-to-date: /develop_ws/ardupilot/Tools/ros2/install/ardupilot_msgs/share/ardupilot_msgs/cmake/ardupilot_msgs__rosidl_typesupport_cppExport-noconfig.cmake
[10.882s] -- Up-to-date: /develop_ws/ardupilot/Tools/ros2/install/ardupilot_msgs/share/ardupilot_msgs/cmake/export_ardupilot_msgs__rosidl_generator_pyExport.cmake
[10.882s] -- Up-to-date: /develop_ws/ardupilot/Tools/ros2/install/ardupilot_msgs/share/ardupilot_msgs/cmake/export_ardupilot_msgs__rosidl_generator_pyExport-noconfig.cmake
[10.882s] -- Installing: /develop_ws/ardupilot/Tools/ros2/install/ardupilot_msgs/share/ardupilot_msgs/cmake/rosidl_cmake-extras.cmake
[10.883s] -- Up-to-date: /develop_ws/ardupilot/Tools/ros2/install/ardupilot_msgs/share/ardupilot_msgs/cmake/ament_cmake_export_dependencies-extras.cmake
[10.883s] -- Up-to-date: /develop_ws/ardupilot/Tools/ros2/install/ardupilot_msgs/share/ardupilot_msgs/cmake/ament_cmake_export_include_directories-extras.cmake
[10.883s] -- Up-to-date: /develop_ws/ardupilot/Tools/ros2/install/ardupilot_msgs/share/ardupilot_msgs/cmake/ament_cmake_export_libraries-extras.cmake
[10.883s] -- Up-to-date: /develop_ws/ardupilot/Tools/ros2/install/ardupilot_msgs/share/ardupilot_msgs/cmake/ament_cmake_export_targets-extras.cmake
[10.883s] -- Up-to-date: /develop_ws/ardupilot/Tools/ros2/install/ardupilot_msgs/share/ardupilot_msgs/cmake/rosidl_cmake_export_typesupport_targets-extras.cmake
[10.883s] -- Up-to-date: /develop_ws/ardupilot/Tools/ros2/install/ardupilot_msgs/share/ardupilot_msgs/cmake/rosidl_cmake_export_typesupport_libraries-extras.cmake
[10.884s] -- Up-to-date: /develop_ws/ardupilot/Tools/ros2/install/ardupilot_msgs/share/ardupilot_msgs/cmake/ardupilot_msgsConfig.cmake
[10.884s] -- Up-to-date: /develop_ws/ardupilot/Tools/ros2/install/ardupilot_msgs/share/ardupilot_msgs/cmake/ardupilot_msgsConfig-version.cmake
[10.884s] -- Up-to-date: /develop_ws/ardupilot/Tools/ros2/install/ardupilot_msgs/share/ardupilot_msgs/package.xml
[10.886s] Invoked command in '/develop_ws/ardupilot/Tools/ros2/build/ardupilot_msgs' returned '0': CMAKE_PREFIX_PATH=${CMAKE_PREFIX_PATH}:/opt/ros/humble /usr/bin/cmake --install /develop_ws/ardupilot/Tools/ros2/build/ardupilot_msgs
