[0.016s] Invoking command in '/develop_ws/ardupilot/Tools/ros2/build/ardupilot_sitl': AMENT_PREFIX_PATH=/develop_ws/ardupilot/Tools/ros2/install/ardupilot_msgs:${AMENT_PREFIX_PATH} CMAKE_PREFIX_PATH=/develop_ws/ardupilot/Tools/ros2/install/ardupilot_msgs:/opt/micro_ros_agent_ws/install:/opt/ros/humble LD_LIBRARY_PATH=/develop_ws/ardupilot/Tools/ros2/install/ardupilot_msgs/lib:${LD_LIBRARY_PATH} PYTHONPATH=/develop_ws/ardupilot/Tools/ros2/install/ardupilot_msgs/local/lib/python3.10/dist-packages:${PYTHONPATH} /usr/bin/cmake --build /develop_ws/ardupilot/Tools/ros2/build/ardupilot_sitl -- -j8 -l8
[0.077s] Built target ament_cmake_python_copy_ardupilot_sitl
[0.165s] [33minvalid lock file in /develop_ws/ardupilot[0m
[0.384s] [32m[0mSetting top to                           :[0m [0m[32m[32m/develop_ws/ardupilot[0m [0m
[0.385s] [32m[0mSetting out to                           :[0m [0m[32m[32m/develop_ws/ardupilot/build[0m [0m
[0.388s] [32m[0mAutoconfiguration                        :[0m [0m[32m[32menabled[0m [0m
[0.389s] [32m[0mChecking for program 'python'            :[0m [0m[32m[32m/usr/bin/python3[0m [0m
[0.390s] running egg_info
[0.403s] writing ardupilot_sitl.egg-info/PKG-INFO
[0.403s] writing dependency_links to ardupilot_sitl.egg-info/dependency_links.txt
[0.403s] writing top-level names to ardupilot_sitl.egg-info/top_level.txt
[0.439s] reading manifest file 'ardupilot_sitl.egg-info/SOURCES.txt'
[0.441s] writing manifest file 'ardupilot_sitl.egg-info/SOURCES.txt'
[0.487s] Built target ament_cmake_python_build_ardupilot_sitl_egg
[0.902s] [32m[0mChecking for python version >= 3.9.0     :[0m [0m[32m[32m3.10.12[0m [0m
[0.905s] [32m[0mSetting board to                         :[0m [0m[32m[32msitl[0m [0m
[0.907s] Processing /develop_ws/ardupilot/libraries/AP_HAL_SITL/hwdef/sitl/hwdef.dat
[0.908s] Writing hwdef setup in /develop_ws/ardupilot/build/sitl/hwdef.h
[0.909s] [32m[0mUsing toolchain                          :[0m [0m[32m[32mnative[0m [0m
[0.932s] [32m[0mChecking for 'g++' (C++ compiler)        :[0m [0m[32m[32m/usr/lib/ccache/g++[0m [0m
[0.955s] [32m[0mChecking for 'gcc' (C compiler)          :[0m [0m[32m[32m/usr/lib/ccache/gcc[0m [0m
[0.993s] [32m[0mChecking for c flags '-MMD'              :[0m [0m[32m[32myes[0m [0m
[1.023s] [32m[0mChecking for cxx flags '-MMD'            :[0m [0m[32m[32myes[0m [0m
[1.024s] [32m[0mCXX Compiler                             :[0m [0m[32m[32mg++ 11.4.0[0m [0m
[1.099s] [32m[0mChecking for need to link with librt     :[0m [0m[32m[32mnot necessary[0m [0m
[1.176s] [32m[0mChecking for feenableexcept              :[0m [0m[32m[32myes[0m [0m
[1.177s] [32m[0mEnabling -Werror                         :[0m [0m[32m[32myes[0m [0m
[1.177s] [32m[0mEnabled OpenDroneID                      :[0m [0m[32m[33mno[0m [0m
[1.177s] [32m[0mEnabled firmware ID checking             :[0m [0m[32m[33mno[0m [0m
[1.177s] [32m[0mGPS Debug Logging                        :[0m [0m[32m[33mno[0m [0m
[1.178s] [32m[0mEnabled DDS                              :[0m [0m[32m[32myes[0m [0m
[1.328s] [32m[0mChecking for HAVE_CMATH_ISFINITE         :[0m [0m[32m[32myes[0m [0m
[1.455s] [32m[0mChecking for HAVE_CMATH_ISINF            :[0m [0m[32m[32myes[0m [0m
[1.586s] [32m[0mChecking for HAVE_CMATH_ISNAN            :[0m [0m[32m[32myes[0m [0m
[1.724s] [32m[0mChecking for NEED_CMATH_ISFINITE_STD_NAMESPACE :[0m [0m[32m[32myes[0m [0m
[1.852s] [32m[0mChecking for NEED_CMATH_ISINF_STD_NAMESPACE    :[0m [0m[32m[32myes[0m [0m
[1.976s] [32m[0mChecking for NEED_CMATH_ISNAN_STD_NAMESPACE    :[0m [0m[32m[32myes[0m [0m
[2.041s] [32m[0mChecking for header endian.h                   :[0m [0m[32m[32myes[0m [0m
[2.105s] [32m[0mChecking for header byteswap.h                 :[0m [0m[32m[32myes[0m [0m
[2.175s] [32m[0mChecking for HAVE_MEMRCHR                      :[0m [0m[32m[32myes[0m [0m
[2.175s] [32m[0mConfigured VSCode Intellisense:                :[0m [0m[32m[33mno[0m [0m
[2.182s] [32m[0mDC_DSDL compiler in                            :[0m [0m[32m[32m/develop_ws/ardupilot/modules/DroneCAN/dronecan_dsdlc[0m [0m
[2.182s] [32m[0mSource is git repository                       :[0m [0m[32m[32myes[0m [0m
[2.182s] [32m[0mUpdate submodules                              :[0m [0m[32m[32myes[0m [0m
[2.184s] [32m[0mChecking for program 'git'                     :[0m [0m[32m[32m/usr/bin/git[0m [0m
[2.185s] [32m[0mLittlefs                                       :[0m [0m[32m[33mdisabled[0m [0m
[2.186s] [32m[0mChecking for program 'size'                    :[0m [0m[32m[32m/usr/bin/size[0m [0m
[2.186s] [32m[0mBenchmarks                                     :[0m [0m[32m[33mdisabled[0m [0m
[2.186s] [32m[0mUnit tests                                     :[0m [0m[32m[32menabled[0m [0m
[2.187s] [32m[0mScripting                                      :[0m [0m[32m[32mmaybe[0m [0m
[2.199s] [32m[0mChecking for program 'microxrceddsgen'         :[0m [0m[32m[32m/dds-gen/scripts/microxrceddsgen[0m [0m
[2.210s] [32m[0mScripting runtime checks                       :[0m [0m[32m[32menabled[0m [0m
[2.210s] [32m[0mDebug build                                    :[0m [0m[32m[33mdisabled[0m [0m
[2.210s] [32m[0mCoverage build                                 :[0m [0m[32m[33mdisabled[0m [0m
[2.211s] [32m[0mConsistent build                               :[0m [0m[32m[33mdisabled[0m [0m
[2.211s] [32m[0mForce 32-bit build                             :[0m [0m[32m[33mdisabled[0m [0m
[2.212s] [32m[0mChecking for program 'rsync'                   :[0m [0m[32m[33mnot found[0m [0m
[2.218s] [32mRemoving target_list file /develop_ws/ardupilot/build/sitl/target_list[0m
[2.291s] [32m'configure' finished successfully (1.908s)[0m
[2.318s] Built target ardupilot_configure
[2.673s] [32mWaf: Entering directory `/develop_ws/ardupilot/build/sitl'[0m
[2.810s] Embedding file default_params/airsim-quadX.parm:Tools/autotest/default_params/airsim-quadX.parm
[2.810s] Embedding file default_params/airsim-rover.parm:Tools/autotest/default_params/airsim-rover.parm
[2.812s] Embedding file default_params/balancebot.parm:Tools/autotest/default_params/balancebot.parm
[2.812s] Embedding file default_params/blimp-motor.parm:Tools/autotest/default_params/blimp-motor.parm
[2.812s] Embedding file default_params/blimp.parm:Tools/autotest/default_params/blimp.parm
[2.812s] Embedding file default_params/copter-X.parm:Tools/autotest/default_params/copter-X.parm
[2.812s] Embedding file default_params/copter-beacon.parm:Tools/autotest/default_params/copter-beacon.parm
[2.812s] Embedding file default_params/copter-bfx.parm:Tools/autotest/default_params/copter-bfx.parm
[2.812s] Embedding file default_params/copter-coax.parm:Tools/autotest/default_params/copter-coax.parm
[2.812s] Embedding file default_params/copter-cwx.parm:Tools/autotest/default_params/copter-cwx.parm
[2.813s] Embedding file default_params/copter-deca-cwx.parm:Tools/autotest/default_params/copter-deca-cwx.parm
[2.813s] Embedding file default_params/copter-deca.parm:Tools/autotest/default_params/copter-deca.parm
[2.813s] Embedding file default_params/copter-djix.parm:Tools/autotest/default_params/copter-djix.parm
[2.813s] Embedding file default_params/copter-dodecahexa.parm:Tools/autotest/default_params/copter-dodecahexa.parm
[2.813s] Embedding file default_params/copter-dotriaconta_octaquad_x.parm:Tools/autotest/default_params/copter-dotriaconta_octaquad_x.parm
[2.813s] Embedding file default_params/copter-gimbal.parm:Tools/autotest/default_params/copter-gimbal.parm
[2.813s] Embedding file default_params/copter-gps-for-yaw-nmea.parm:Tools/autotest/default_params/copter-gps-for-yaw-nmea.parm
[2.813s] Embedding file default_params/copter-gps-for-yaw.parm:Tools/autotest/default_params/copter-gps-for-yaw.parm
[2.813s] Embedding file default_params/copter-heli-ddfptail.parm:Tools/autotest/default_params/copter-heli-ddfptail.parm
[2.813s] Embedding file default_params/copter-heli-ddvptail.parm:Tools/autotest/default_params/copter-heli-ddvptail.parm
[2.813s] Embedding file default_params/copter-heli-dual.parm:Tools/autotest/default_params/copter-heli-dual.parm
[2.813s] Embedding file default_params/copter-heli-gas.parm:Tools/autotest/default_params/copter-heli-gas.parm
[2.814s] Embedding file default_params/copter-heli.parm:Tools/autotest/default_params/copter-heli.parm
[2.814s] Embedding file default_params/copter-heliquad.parm:Tools/autotest/default_params/copter-heliquad.parm
[2.814s] Embedding file default_params/copter-hexa-cwx.parm:Tools/autotest/default_params/copter-hexa-cwx.parm
[2.814s] Embedding file default_params/copter-hexa-dji.parm:Tools/autotest/default_params/copter-hexa-dji.parm
[2.814s] Embedding file default_params/copter-hexa.parm:Tools/autotest/default_params/copter-hexa.parm
[2.814s] Embedding file default_params/copter-hexadeca_octa.parm:Tools/autotest/default_params/copter-hexadeca_octa.parm
[2.814s] Embedding file default_params/copter-hexadeca_octa_cwx.parm:Tools/autotest/default_params/copter-hexadeca_octa_cwx.parm
[2.814s] Embedding file default_params/copter-octa-cwx.parm:Tools/autotest/default_params/copter-octa-cwx.parm
[2.814s] Embedding file default_params/copter-octa-dji.parm:Tools/autotest/default_params/copter-octa-dji.parm
[2.814s] Embedding file default_params/copter-octa.parm:Tools/autotest/default_params/copter-octa.parm
[2.814s] Embedding file default_params/copter-octaquad-cor.parm:Tools/autotest/default_params/copter-octaquad-cor.parm
[2.814s] Embedding file default_params/copter-octaquad-cw-cor.parm:Tools/autotest/default_params/copter-octaquad-cw-cor.parm
[2.814s] Embedding file default_params/copter-octaquad-cwx.parm:Tools/autotest/default_params/copter-octaquad-cwx.parm
[2.814s] Embedding file default_params/copter-octaquad.parm:Tools/autotest/default_params/copter-octaquad.parm
[2.814s] Embedding file default_params/copter-optflow.parm:Tools/autotest/default_params/copter-optflow.parm
[2.815s] Embedding file default_params/copter-ppp-periph.parm:Tools/autotest/default_params/copter-ppp-periph.parm
[2.815s] Embedding file default_params/copter-ppp.parm:Tools/autotest/default_params/copter-ppp.parm
[2.815s] Embedding file default_params/copter-rangefinder.parm:Tools/autotest/default_params/copter-rangefinder.parm
[2.815s] Embedding file default_params/copter-single.parm:Tools/autotest/default_params/copter-single.parm
[2.815s] Embedding file default_params/copter-tri.parm:Tools/autotest/default_params/copter-tri.parm
[2.815s] Embedding file default_params/copter-vicon.parm:Tools/autotest/default_params/copter-vicon.parm
[2.815s] Embedding file default_params/copter-winch.parm:Tools/autotest/default_params/copter-winch.parm
[2.815s] Embedding file default_params/copter-wind-estimates.parm:Tools/autotest/default_params/copter-wind-estimates.parm
[2.815s] Embedding file default_params/copter-y6.parm:Tools/autotest/default_params/copter-y6.parm
[2.815s] Embedding file default_params/copter.parm:Tools/autotest/default_params/copter.parm
[2.815s] Embedding file default_params/firefly.parm:Tools/autotest/default_params/firefly.parm
[2.815s] Embedding file default_params/gazebo-iris.parm:Tools/autotest/default_params/gazebo-iris.parm
[2.815s] Embedding file default_params/gazebo-zephyr.parm:Tools/autotest/default_params/gazebo-zephyr.parm
[2.815s] Embedding file default_params/glider.parm:Tools/autotest/default_params/glider.parm
[2.816s] Embedding file default_params/motorboat.parm:Tools/autotest/default_params/motorboat.parm
[2.816s] Embedding file default_params/msposd.parm:Tools/autotest/default_params/msposd.parm
[2.816s] Embedding file default_params/periph-ppp.parm:Tools/autotest/default_params/periph-ppp.parm
[2.816s] Embedding file default_params/periph.parm:Tools/autotest/default_params/periph.parm
[2.816s] Embedding file default_params/plane-dspoilers.parm:Tools/autotest/default_params/plane-dspoilers.parm
[2.816s] Embedding file default_params/plane-elevons.parm:Tools/autotest/default_params/plane-elevons.parm
[2.816s] Embedding file default_params/plane-ice.parm:Tools/autotest/default_params/plane-ice.parm
[2.816s] Embedding file default_params/plane-jet.parm:Tools/autotest/default_params/plane-jet.parm
[2.816s] Embedding file default_params/plane-jsbsim.parm:Tools/autotest/default_params/plane-jsbsim.parm
[2.816s] Embedding file default_params/plane-redundant.parm:Tools/autotest/default_params/plane-redundant.parm
[2.817s] Embedding file default_params/plane-soaring.parm:Tools/autotest/default_params/plane-soaring.parm
[2.817s] Embedding file default_params/plane-tailsitter.parm:Tools/autotest/default_params/plane-tailsitter.parm
[2.817s] Embedding file default_params/plane-vtail.parm:Tools/autotest/default_params/plane-vtail.parm
[2.817s] Embedding file default_params/quad-can.parm:Tools/autotest/default_params/quad-can.parm
[2.817s] Embedding file default_params/quad-periph.parm:Tools/autotest/default_params/quad-periph.parm
[2.817s] Embedding file default_params/quadplane-can.parm:Tools/autotest/default_params/quadplane-can.parm
[2.817s] Embedding file default_params/quadplane-cl84.parm:Tools/autotest/default_params/quadplane-cl84.parm
[2.817s] Embedding file default_params/quadplane-copter_tailsitter.parm:Tools/autotest/default_params/quadplane-copter_tailsitter.parm
[2.817s] Embedding file default_params/quadplane-ice.parm:Tools/autotest/default_params/quadplane-ice.parm
[2.817s] Embedding file default_params/quadplane-periph.parm:Tools/autotest/default_params/quadplane-periph.parm
[2.817s] Embedding file default_params/quadplane-ppp-periph.parm:Tools/autotest/default_params/quadplane-ppp-periph.parm
[2.817s] Embedding file default_params/quadplane-ppp.parm:Tools/autotest/default_params/quadplane-ppp.parm
[2.817s] Embedding file default_params/quadplane-tilt.parm:Tools/autotest/default_params/quadplane-tilt.parm
[2.817s] Embedding file default_params/quadplane-tilthvec.parm:Tools/autotest/default_params/quadplane-tilthvec.parm
[2.817s] Embedding file default_params/quadplane-tilttri.parm:Tools/autotest/default_params/quadplane-tilttri.parm
[2.818s] Embedding file default_params/quadplane-tilttrivec.parm:Tools/autotest/default_params/quadplane-tilttrivec.parm
[2.818s] Embedding file default_params/quadplane-tri.parm:Tools/autotest/default_params/quadplane-tri.parm
[2.818s] Embedding file default_params/quadplane.parm:Tools/autotest/default_params/quadplane.parm
[2.818s] Embedding file default_params/rover-omni3mecanum.parm:Tools/autotest/default_params/rover-omni3mecanum.parm
[2.818s] Embedding file default_params/rover-skid.parm:Tools/autotest/default_params/rover-skid.parm
[2.818s] Embedding file default_params/rover-vectored.parm:Tools/autotest/default_params/rover-vectored.parm
[2.818s] Embedding file default_params/rover.parm:Tools/autotest/default_params/rover.parm
[2.818s] Embedding file default_params/sailboat-motor.parm:Tools/autotest/default_params/sailboat-motor.parm
[2.818s] Embedding file default_params/sailboat.parm:Tools/autotest/default_params/sailboat.parm
[2.818s] Embedding file default_params/stratoblimp.parm:Tools/autotest/default_params/stratoblimp.parm
[2.818s] Embedding file default_params/sub-6dof.parm:Tools/autotest/default_params/sub-6dof.parm
[2.818s] Embedding file default_params/sub-gps-for-yaw-nmea.parm:Tools/autotest/default_params/sub-gps-for-yaw-nmea.parm
[2.818s] Embedding file default_params/sub.parm:Tools/autotest/default_params/sub.parm
[2.818s] Embedding file default_params/tracker-gps-for-yaw.parm:Tools/autotest/default_params/tracker-gps-for-yaw.parm
[2.818s] Embedding file locations.txt:Tools/autotest/locations.txt
[2.818s] Embedding file models/Callisto.json:Tools/autotest/models/Callisto.json
[2.819s] Embedding file models/Callisto.parm:Tools/autotest/models/Callisto.parm
[2.819s] Embedding file models/freestyle.json:Tools/autotest/models/freestyle.json
[2.819s] Embedding file models/freestyle.parm:Tools/autotest/models/freestyle.parm
[2.819s] Embedding file models/heliquad.json:Tools/autotest/models/heliquad.json
[2.819s] Embedding file models/plane-3d.parm:Tools/autotest/models/plane-3d.parm
[2.819s] Embedding file models/plane.parm:Tools/autotest/models/plane.parm
[2.819s] Embedding file models/skywalker_2013.json:Tools/autotest/models/skywalker_2013.json
[2.819s] Embedding file models/xplane_heli.json:Tools/autotest/models/xplane_heli.json
[2.819s] Embedding file models/xplane_plane.json:Tools/autotest/models/xplane_plane.json
[2.819s] Embedding file vehicleinfo.json:Tools/autotest/pysim/vehicleinfo.json
[2.819s] Building /develop_ws/ardupilot/build/sitl/modules/Micro-XRCE-DDS-Client/include/uxr/client/config.h
[2.819s] Building /develop_ws/ardupilot/build/sitl/modules/Micro-CDR/include/ucdr/config.h
[2.837s]  fatal: detected dubious ownership in repository at '/develop_ws/ardupilot'
[2.837s] To add an exception for this directory, call:
[2.837s] 
[2.837s] 	git config --global --add safe.directory /develop_ws/ardupilot
[2.837s] 
[2.838s] [01;31mCommand ['/usr/bin/git', 'rev-parse', '--short=16', 'HEAD'] returned 128[0m
[2.856s] gmake[2]: *** [CMakeFiles/ardupilot_build.dir/build.make:70: CMakeFiles/ardupilot_build] Error 1
[2.857s] gmake[1]: *** [CMakeFiles/Makefile2:168: CMakeFiles/ardupilot_build.dir/all] Error 2
[2.857s] gmake: *** [Makefile:146: all] Error 2
[2.859s] Invoked command in '/develop_ws/ardupilot/Tools/ros2/build/ardupilot_sitl' returned '2': AMENT_PREFIX_PATH=/develop_ws/ardupilot/Tools/ros2/install/ardupilot_msgs:${AMENT_PREFIX_PATH} CMAKE_PREFIX_PATH=/develop_ws/ardupilot/Tools/ros2/install/ardupilot_msgs:/opt/micro_ros_agent_ws/install:/opt/ros/humble LD_LIBRARY_PATH=/develop_ws/ardupilot/Tools/ros2/install/ardupilot_msgs/lib:${LD_LIBRARY_PATH} PYTHONPATH=/develop_ws/ardupilot/Tools/ros2/install/ardupilot_msgs/local/lib/python3.10/dist-packages:${PYTHONPATH} /usr/bin/cmake --build /develop_ws/ardupilot/Tools/ros2/build/ardupilot_sitl -- -j8 -l8
