[0.013s] Invoking command in '/develop_ws/ardupilot/Tools/ros2/build/ardupilot_sitl': AMENT_PREFIX_PATH=/develop_ws/ardupilot/Tools/ros2/install/ardupilot_msgs:${AMENT_PREFIX_PATH} CMAKE_PREFIX_PATH=/develop_ws/ardupilot/Tools/ros2/install/ardupilot_msgs:/opt/micro_ros_agent_ws/install:/opt/ros/humble LD_LIBRARY_PATH=/develop_ws/ardupilot/Tools/ros2/install/ardupilot_msgs/lib:${LD_LIBRARY_PATH} PYTHONPATH=/develop_ws/ardupilot/Tools/ros2/install/ardupilot_msgs/local/lib/python3.10/dist-packages:${PYTHONPATH} /usr/bin/cmake /develop_ws/ardupilot/Tools/ros2/ardupilot_sitl -DCMAKE_INSTALL_PREFIX=/develop_ws/ardupilot/Tools/ros2/install/ardupilot_sitl
[0.071s] -- The C compiler identification is GNU 11.4.0
[0.131s] -- The CXX compiler identification is GNU 11.4.0
[0.139s] -- Detecting C compiler ABI info
[0.205s] -- Detecting C compiler ABI info - done
[0.207s] -- Check for working C compiler: /usr/lib/ccache/cc - skipped
[0.207s] -- Detecting C compile features
[0.208s] -- Detecting C compile features - done
[0.211s] -- Detecting CXX compiler ABI info
[0.284s] -- Detecting CXX compiler ABI info - done
[0.292s] -- Check for working CXX compiler: /usr/lib/ccache/c++ - skipped
[0.292s] -- Detecting CXX compile features
[0.292s] -- Detecting CXX compile features - done
[0.294s] -- Found ament_cmake: 1.3.14 (/opt/ros/humble/share/ament_cmake/cmake)
[0.916s] -- Found Python3: /usr/bin/python3 (found version "3.10.12") found components: Interpreter 
[1.003s] -- WAF_COMMAND: /develop_ws/ardupilot/waf
[1.118s] -- Found ament_lint_auto: 0.12.15 (/opt/ros/humble/share/ament_lint_auto/cmake)
[1.232s] -- Added test 'copyright' to check source files copyright and LICENSE
[1.233s] -- Added test 'lint_cmake' to check CMake code style
[1.233s] -- Added test 'pep257' to check Python code against some of the docstring style conventions in PEP 257
[1.235s] -- Added test 'xmllint' to check XML markup files
[1.237s] -- Configuring done
[1.246s] -- Generating done
[1.251s] -- Build files have been written to: /develop_ws/ardupilot/Tools/ros2/build/ardupilot_sitl
[1.257s] Invoked command in '/develop_ws/ardupilot/Tools/ros2/build/ardupilot_sitl' returned '0': AMENT_PREFIX_PATH=/develop_ws/ardupilot/Tools/ros2/install/ardupilot_msgs:${AMENT_PREFIX_PATH} CMAKE_PREFIX_PATH=/develop_ws/ardupilot/Tools/ros2/install/ardupilot_msgs:/opt/micro_ros_agent_ws/install:/opt/ros/humble LD_LIBRARY_PATH=/develop_ws/ardupilot/Tools/ros2/install/ardupilot_msgs/lib:${LD_LIBRARY_PATH} PYTHONPATH=/develop_ws/ardupilot/Tools/ros2/install/ardupilot_msgs/local/lib/python3.10/dist-packages:${PYTHONPATH} /usr/bin/cmake /develop_ws/ardupilot/Tools/ros2/ardupilot_sitl -DCMAKE_INSTALL_PREFIX=/develop_ws/ardupilot/Tools/ros2/install/ardupilot_sitl
[1.258s] Invoking command in '/develop_ws/ardupilot/Tools/ros2/build/ardupilot_sitl': AMENT_PREFIX_PATH=/develop_ws/ardupilot/Tools/ros2/install/ardupilot_msgs:${AMENT_PREFIX_PATH} CMAKE_PREFIX_PATH=/develop_ws/ardupilot/Tools/ros2/install/ardupilot_msgs:/opt/micro_ros_agent_ws/install:/opt/ros/humble LD_LIBRARY_PATH=/develop_ws/ardupilot/Tools/ros2/install/ardupilot_msgs/lib:${LD_LIBRARY_PATH} PYTHONPATH=/develop_ws/ardupilot/Tools/ros2/install/ardupilot_msgs/local/lib/python3.10/dist-packages:${PYTHONPATH} /usr/bin/cmake --build /develop_ws/ardupilot/Tools/ros2/build/ardupilot_sitl -- -j8 -l8
[1.320s] Built target ament_cmake_python_copy_ardupilot_sitl
[1.645s] [32m[0mSetting top to                           :[0m [0m[32m[32m/develop_ws/ardupilot[0m [0m
[1.646s] [32m[0mSetting out to                           :[0m [0m[32m[32m/develop_ws/ardupilot/build[0m [0m
[1.653s] [32m[0mAutoconfiguration                        :[0m [0m[32m[32menabled[0m [0m
[1.653s] [32m[0mChecking for program 'python'            :[0m [0m[32m[32m/usr/bin/python3[0m [0m
[1.667s] running egg_info
[1.669s] creating ardupilot_sitl.egg-info
[1.682s] writing ardupilot_sitl.egg-info/PKG-INFO
[1.682s] writing dependency_links to ardupilot_sitl.egg-info/dependency_links.txt
[1.683s] writing top-level names to ardupilot_sitl.egg-info/top_level.txt
[1.684s] writing manifest file 'ardupilot_sitl.egg-info/SOURCES.txt'
[1.722s] reading manifest file 'ardupilot_sitl.egg-info/SOURCES.txt'
[1.722s] writing manifest file 'ardupilot_sitl.egg-info/SOURCES.txt'
[1.781s] Built target ament_cmake_python_build_ardupilot_sitl_egg
[2.266s] [32m[0mChecking for python version >= 3.9.0     :[0m [0m[32m[32m3.10.12[0m [0m
[2.272s] [32m[0mSetting board to                         :[0m [0m[32m[32msitl[0m [0m
[2.274s] Processing /develop_ws/ardupilot/libraries/AP_HAL_SITL/hwdef/sitl/hwdef.dat
[2.275s] Writing hwdef setup in /develop_ws/ardupilot/build/sitl/hwdef.h
[2.277s] [32m[0mUsing toolchain                          :[0m [0m[32m[32mnative[0m [0m
[2.303s] [32m[0mChecking for 'g++' (C++ compiler)        :[0m [0m[32m[32m/usr/lib/ccache/g++[0m [0m
[2.326s] [32m[0mChecking for 'gcc' (C compiler)          :[0m [0m[32m[32m/usr/lib/ccache/gcc[0m [0m
[2.336s] [32m[0mChecking for c flags '-MMD'              :[0m [0m[32m[32myes[0m [0m
[2.343s] [32m[0mChecking for cxx flags '-MMD'            :[0m [0m[32m[32myes[0m [0m
[2.345s] [32m[0mCXX Compiler                             :[0m [0m[32m[32mg++ 11.4.0[0m [0m
[2.384s] [32m[0mChecking for need to link with librt     :[0m [0m[32m[32mnot necessary[0m [0m
[2.430s] [32m[0mChecking for feenableexcept              :[0m [0m[32m[32myes[0m [0m
[2.430s] [32m[0mEnabling -Werror                         :[0m [0m[32m[32myes[0m [0m
[2.431s] [32m[0mEnabled OpenDroneID                      :[0m [0m[32m[33mno[0m [0m
[2.431s] [32m[0mEnabled firmware ID checking             :[0m [0m[32m[33mno[0m [0m
[2.431s] [32m[0mGPS Debug Logging                        :[0m [0m[32m[33mno[0m [0m
[2.431s] [32m[0mEnabled DDS                              :[0m [0m[32m[32myes[0m [0m
[2.478s] [32m[0mChecking for HAVE_CMATH_ISFINITE         :[0m [0m[32m[32myes[0m [0m
[2.521s] [32m[0mChecking for HAVE_CMATH_ISINF            :[0m [0m[32m[32myes[0m [0m
[2.560s] [32m[0mChecking for HAVE_CMATH_ISNAN            :[0m [0m[32m[32myes[0m [0m
[2.604s] [32m[0mChecking for NEED_CMATH_ISFINITE_STD_NAMESPACE :[0m [0m[32m[32myes[0m [0m
[2.647s] [32m[0mChecking for NEED_CMATH_ISINF_STD_NAMESPACE    :[0m [0m[32m[32myes[0m [0m
[2.690s] [32m[0mChecking for NEED_CMATH_ISNAN_STD_NAMESPACE    :[0m [0m[32m[32myes[0m [0m
[2.734s] [32m[0mChecking for header endian.h                   :[0m [0m[32m[32myes[0m [0m
[2.774s] [32m[0mChecking for header byteswap.h                 :[0m [0m[32m[32myes[0m [0m
[2.815s] [32m[0mChecking for HAVE_MEMRCHR                      :[0m [0m[32m[32myes[0m [0m
[2.815s] [32m[0mConfigured VSCode Intellisense:                :[0m [0m[32m[33mno[0m [0m
[2.820s] [32m[0mDC_DSDL compiler in                            :[0m [0m[32m[32m/develop_ws/ardupilot/modules/DroneCAN/dronecan_dsdlc[0m [0m
[2.821s] [32m[0mSource is git repository                       :[0m [0m[32m[32myes[0m [0m
[2.821s] [32m[0mUpdate submodules                              :[0m [0m[32m[32myes[0m [0m
[2.823s] [32m[0mChecking for program 'git'                     :[0m [0m[32m[32m/usr/bin/git[0m [0m
[2.824s] [32m[0mLittlefs                                       :[0m [0m[32m[33mdisabled[0m [0m
[2.825s] [32m[0mChecking for program 'size'                    :[0m [0m[32m[32m/usr/bin/size[0m [0m
[2.825s] [32m[0mBenchmarks                                     :[0m [0m[32m[33mdisabled[0m [0m
[2.825s] [32m[0mUnit tests                                     :[0m [0m[32m[32menabled[0m [0m
[2.825s] [32m[0mScripting                                      :[0m [0m[32m[32mmaybe[0m [0m
[2.839s] [32m[0mChecking for program 'microxrceddsgen'         :[0m [0m[32m[32m/dds-gen/scripts/microxrceddsgen[0m [0m
[2.852s] [32m[0mScripting runtime checks                       :[0m [0m[32m[32menabled[0m [0m
[2.852s] [32m[0mDebug build                                    :[0m [0m[32m[33mdisabled[0m [0m
[2.852s] [32m[0mCoverage build                                 :[0m [0m[32m[33mdisabled[0m [0m
[2.853s] [32m[0mConsistent build                               :[0m [0m[32m[33mdisabled[0m [0m
[2.853s] [32m[0mForce 32-bit build                             :[0m [0m[32m[33mdisabled[0m [0m
[2.853s] [32m[0mChecking for program 'rsync'                   :[0m [0m[32m[33mnot found[0m [0m
[2.855s] [32mRemoving target_list file /develop_ws/ardupilot/build/sitl/target_list[0m
[2.894s] [32m'configure' finished successfully (1.249s)[0m
[2.922s] Built target ardupilot_configure
[3.376s] [32mWaf: Entering directory `/develop_ws/ardupilot/build/sitl'[0m
[3.527s] Embedding file default_params/airsim-quadX.parm:Tools/autotest/default_params/airsim-quadX.parm
[3.528s] Embedding file default_params/airsim-rover.parm:Tools/autotest/default_params/airsim-rover.parm
[3.528s] Embedding file default_params/balancebot.parm:Tools/autotest/default_params/balancebot.parm
[3.529s] Embedding file default_params/blimp-motor.parm:Tools/autotest/default_params/blimp-motor.parm
[3.529s] Embedding file default_params/blimp.parm:Tools/autotest/default_params/blimp.parm
[3.530s] Embedding file default_params/copter-X.parm:Tools/autotest/default_params/copter-X.parm
[3.530s] Embedding file default_params/copter-beacon.parm:Tools/autotest/default_params/copter-beacon.parm
[3.530s] Embedding file default_params/copter-bfx.parm:Tools/autotest/default_params/copter-bfx.parm
[3.530s] Embedding file default_params/copter-coax.parm:Tools/autotest/default_params/copter-coax.parm
[3.530s] Embedding file default_params/copter-cwx.parm:Tools/autotest/default_params/copter-cwx.parm
[3.531s] Embedding file default_params/copter-deca-cwx.parm:Tools/autotest/default_params/copter-deca-cwx.parm
[3.531s] Embedding file default_params/copter-deca.parm:Tools/autotest/default_params/copter-deca.parm
[3.531s] Embedding file default_params/copter-djix.parm:Tools/autotest/default_params/copter-djix.parm
[3.531s] Embedding file default_params/copter-dodecahexa.parm:Tools/autotest/default_params/copter-dodecahexa.parm
[3.532s] Embedding file default_params/copter-dotriaconta_octaquad_x.parm:Tools/autotest/default_params/copter-dotriaconta_octaquad_x.parm
[3.532s] Embedding file default_params/copter-gimbal.parm:Tools/autotest/default_params/copter-gimbal.parm
[3.532s] Embedding file default_params/copter-gps-for-yaw-nmea.parm:Tools/autotest/default_params/copter-gps-for-yaw-nmea.parm
[3.532s] Embedding file default_params/copter-gps-for-yaw.parm:Tools/autotest/default_params/copter-gps-for-yaw.parm
[3.532s] Embedding file default_params/copter-heli-ddfptail.parm:Tools/autotest/default_params/copter-heli-ddfptail.parm
[3.533s] Embedding file default_params/copter-heli-ddvptail.parm:Tools/autotest/default_params/copter-heli-ddvptail.parm
[3.533s] Embedding file default_params/copter-heli-dual.parm:Tools/autotest/default_params/copter-heli-dual.parm
[3.533s] Embedding file default_params/copter-heli-gas.parm:Tools/autotest/default_params/copter-heli-gas.parm
[3.533s] Embedding file default_params/copter-heli.parm:Tools/autotest/default_params/copter-heli.parm
[3.533s] Embedding file default_params/copter-heliquad.parm:Tools/autotest/default_params/copter-heliquad.parm
[3.533s] Embedding file default_params/copter-hexa-cwx.parm:Tools/autotest/default_params/copter-hexa-cwx.parm
[3.533s] Embedding file default_params/copter-hexa-dji.parm:Tools/autotest/default_params/copter-hexa-dji.parm
[3.533s] Embedding file default_params/copter-hexa.parm:Tools/autotest/default_params/copter-hexa.parm
[3.533s] Embedding file default_params/copter-hexadeca_octa.parm:Tools/autotest/default_params/copter-hexadeca_octa.parm
[3.533s] Embedding file default_params/copter-hexadeca_octa_cwx.parm:Tools/autotest/default_params/copter-hexadeca_octa_cwx.parm
[3.533s] Embedding file default_params/copter-octa-cwx.parm:Tools/autotest/default_params/copter-octa-cwx.parm
[3.533s] Embedding file default_params/copter-octa-dji.parm:Tools/autotest/default_params/copter-octa-dji.parm
[3.533s] Embedding file default_params/copter-octa.parm:Tools/autotest/default_params/copter-octa.parm
[3.533s] Embedding file default_params/copter-octaquad-cor.parm:Tools/autotest/default_params/copter-octaquad-cor.parm
[3.533s] Embedding file default_params/copter-octaquad-cw-cor.parm:Tools/autotest/default_params/copter-octaquad-cw-cor.parm
[3.533s] Embedding file default_params/copter-octaquad-cwx.parm:Tools/autotest/default_params/copter-octaquad-cwx.parm
[3.533s] Embedding file default_params/copter-octaquad.parm:Tools/autotest/default_params/copter-octaquad.parm
[3.534s] Embedding file default_params/copter-optflow.parm:Tools/autotest/default_params/copter-optflow.parm
[3.534s] Embedding file default_params/copter-ppp-periph.parm:Tools/autotest/default_params/copter-ppp-periph.parm
[3.534s] Embedding file default_params/copter-ppp.parm:Tools/autotest/default_params/copter-ppp.parm
[3.534s] Embedding file default_params/copter-rangefinder.parm:Tools/autotest/default_params/copter-rangefinder.parm
[3.534s] Embedding file default_params/copter-single.parm:Tools/autotest/default_params/copter-single.parm
[3.534s] Embedding file default_params/copter-tri.parm:Tools/autotest/default_params/copter-tri.parm
[3.534s] Embedding file default_params/copter-vicon.parm:Tools/autotest/default_params/copter-vicon.parm
[3.534s] Embedding file default_params/copter-winch.parm:Tools/autotest/default_params/copter-winch.parm
[3.534s] Embedding file default_params/copter-wind-estimates.parm:Tools/autotest/default_params/copter-wind-estimates.parm
[3.534s] Embedding file default_params/copter-y6.parm:Tools/autotest/default_params/copter-y6.parm
[3.534s] Embedding file default_params/copter.parm:Tools/autotest/default_params/copter.parm
[3.534s] Embedding file default_params/firefly.parm:Tools/autotest/default_params/firefly.parm
[3.534s] Embedding file default_params/gazebo-iris.parm:Tools/autotest/default_params/gazebo-iris.parm
[3.534s] Embedding file default_params/gazebo-zephyr.parm:Tools/autotest/default_params/gazebo-zephyr.parm
[3.534s] Embedding file default_params/glider.parm:Tools/autotest/default_params/glider.parm
[3.534s] Embedding file default_params/motorboat.parm:Tools/autotest/default_params/motorboat.parm
[3.534s] Embedding file default_params/msposd.parm:Tools/autotest/default_params/msposd.parm
[3.534s] Embedding file default_params/periph-ppp.parm:Tools/autotest/default_params/periph-ppp.parm
[3.534s] Embedding file default_params/periph.parm:Tools/autotest/default_params/periph.parm
[3.534s] Embedding file default_params/plane-dspoilers.parm:Tools/autotest/default_params/plane-dspoilers.parm
[3.534s] Embedding file default_params/plane-elevons.parm:Tools/autotest/default_params/plane-elevons.parm
[3.534s] Embedding file default_params/plane-ice.parm:Tools/autotest/default_params/plane-ice.parm
[3.535s] Embedding file default_params/plane-jet.parm:Tools/autotest/default_params/plane-jet.parm
[3.535s] Embedding file default_params/plane-jsbsim.parm:Tools/autotest/default_params/plane-jsbsim.parm
[3.535s] Embedding file default_params/plane-redundant.parm:Tools/autotest/default_params/plane-redundant.parm
[3.535s] Embedding file default_params/plane-soaring.parm:Tools/autotest/default_params/plane-soaring.parm
[3.535s] Embedding file default_params/plane-tailsitter.parm:Tools/autotest/default_params/plane-tailsitter.parm
[3.535s] Embedding file default_params/plane-vtail.parm:Tools/autotest/default_params/plane-vtail.parm
[3.535s] Embedding file default_params/quad-can.parm:Tools/autotest/default_params/quad-can.parm
[3.535s] Embedding file default_params/quad-periph.parm:Tools/autotest/default_params/quad-periph.parm
[3.535s] Embedding file default_params/quadplane-can.parm:Tools/autotest/default_params/quadplane-can.parm
[3.535s] Embedding file default_params/quadplane-cl84.parm:Tools/autotest/default_params/quadplane-cl84.parm
[3.535s] Embedding file default_params/quadplane-copter_tailsitter.parm:Tools/autotest/default_params/quadplane-copter_tailsitter.parm
[3.535s] Embedding file default_params/quadplane-ice.parm:Tools/autotest/default_params/quadplane-ice.parm
[3.535s] Embedding file default_params/quadplane-periph.parm:Tools/autotest/default_params/quadplane-periph.parm
[3.535s] Embedding file default_params/quadplane-ppp-periph.parm:Tools/autotest/default_params/quadplane-ppp-periph.parm
[3.535s] Embedding file default_params/quadplane-ppp.parm:Tools/autotest/default_params/quadplane-ppp.parm
[3.535s] Embedding file default_params/quadplane-tilt.parm:Tools/autotest/default_params/quadplane-tilt.parm
[3.535s] Embedding file default_params/quadplane-tilthvec.parm:Tools/autotest/default_params/quadplane-tilthvec.parm
[3.535s] Embedding file default_params/quadplane-tilttri.parm:Tools/autotest/default_params/quadplane-tilttri.parm
[3.535s] Embedding file default_params/quadplane-tilttrivec.parm:Tools/autotest/default_params/quadplane-tilttrivec.parm
[3.535s] Embedding file default_params/quadplane-tri.parm:Tools/autotest/default_params/quadplane-tri.parm
[3.535s] Embedding file default_params/quadplane.parm:Tools/autotest/default_params/quadplane.parm
[3.535s] Embedding file default_params/rover-omni3mecanum.parm:Tools/autotest/default_params/rover-omni3mecanum.parm
[3.536s] Embedding file default_params/rover-skid.parm:Tools/autotest/default_params/rover-skid.parm
[3.536s] Embedding file default_params/rover-vectored.parm:Tools/autotest/default_params/rover-vectored.parm
[3.536s] Embedding file default_params/rover.parm:Tools/autotest/default_params/rover.parm
[3.536s] Embedding file default_params/sailboat-motor.parm:Tools/autotest/default_params/sailboat-motor.parm
[3.536s] Embedding file default_params/sailboat.parm:Tools/autotest/default_params/sailboat.parm
[3.536s] Embedding file default_params/stratoblimp.parm:Tools/autotest/default_params/stratoblimp.parm
[3.536s] Embedding file default_params/sub-6dof.parm:Tools/autotest/default_params/sub-6dof.parm
[3.536s] Embedding file default_params/sub-gps-for-yaw-nmea.parm:Tools/autotest/default_params/sub-gps-for-yaw-nmea.parm
[3.536s] Embedding file default_params/sub.parm:Tools/autotest/default_params/sub.parm
[3.536s] Embedding file default_params/tracker-gps-for-yaw.parm:Tools/autotest/default_params/tracker-gps-for-yaw.parm
[3.536s] Embedding file locations.txt:Tools/autotest/locations.txt
[3.536s] Embedding file models/Callisto.json:Tools/autotest/models/Callisto.json
[3.536s] Embedding file models/Callisto.parm:Tools/autotest/models/Callisto.parm
[3.536s] Embedding file models/freestyle.json:Tools/autotest/models/freestyle.json
[3.536s] Embedding file models/freestyle.parm:Tools/autotest/models/freestyle.parm
[3.536s] Embedding file models/heliquad.json:Tools/autotest/models/heliquad.json
[3.536s] Embedding file models/plane-3d.parm:Tools/autotest/models/plane-3d.parm
[3.537s] Embedding file models/plane.parm:Tools/autotest/models/plane.parm
[3.537s] Embedding file models/skywalker_2013.json:Tools/autotest/models/skywalker_2013.json
[3.537s] Embedding file models/xplane_heli.json:Tools/autotest/models/xplane_heli.json
[3.537s] Embedding file models/xplane_plane.json:Tools/autotest/models/xplane_plane.json
[3.537s] Embedding file vehicleinfo.json:Tools/autotest/pysim/vehicleinfo.json
[3.537s] Building /develop_ws/ardupilot/build/sitl/modules/Micro-XRCE-DDS-Client/include/uxr/client/config.h
[3.537s] Building /develop_ws/ardupilot/build/sitl/modules/Micro-CDR/include/ucdr/config.h
[3.548s]  fatal: detected dubious ownership in repository at '/develop_ws/ardupilot'
[3.548s] To add an exception for this directory, call:
[3.548s] 
[3.548s] 	git config --global --add safe.directory /develop_ws/ardupilot
[3.548s] 
[3.548s] [01;31mCommand ['/usr/bin/git', 'rev-parse', '--short=16', 'HEAD'] returned 128[0m
[3.568s] gmake[2]: *** [CMakeFiles/ardupilot_build.dir/build.make:70: CMakeFiles/ardupilot_build] Error 1
[3.568s] gmake[1]: *** [CMakeFiles/Makefile2:168: CMakeFiles/ardupilot_build.dir/all] Error 2
[3.568s] gmake: *** [Makefile:146: all] Error 2
[3.571s] Invoked command in '/develop_ws/ardupilot/Tools/ros2/build/ardupilot_sitl' returned '2': AMENT_PREFIX_PATH=/develop_ws/ardupilot/Tools/ros2/install/ardupilot_msgs:${AMENT_PREFIX_PATH} CMAKE_PREFIX_PATH=/develop_ws/ardupilot/Tools/ros2/install/ardupilot_msgs:/opt/micro_ros_agent_ws/install:/opt/ros/humble LD_LIBRARY_PATH=/develop_ws/ardupilot/Tools/ros2/install/ardupilot_msgs/lib:${LD_LIBRARY_PATH} PYTHONPATH=/develop_ws/ardupilot/Tools/ros2/install/ardupilot_msgs/local/lib/python3.10/dist-packages:${PYTHONPATH} /usr/bin/cmake --build /develop_ws/ardupilot/Tools/ros2/build/ardupilot_sitl -- -j8 -l8
