[0.113s] DEBUG:colcon:Command line arguments: ['/usr/bin/colcon', 'build']
[0.114s] DEBUG:colcon:Parsed command line arguments: Namespace(log_base=None, log_level=None, verb_name='build', build_base='build', install_base='install', merge_install=False, symlink_install=False, test_result_base=None, continue_on_error=False, executor='parallel', parallel_workers=8, event_handlers=None, ignore_user_meta=False, metas=['./colcon.meta'], base_paths=['.'], packages_ignore=None, packages_ignore_regex=None, paths=None, packages_up_to=None, packages_up_to_regex=None, packages_above=None, packages_above_and_dependencies=None, packages_above_depth=None, packages_select_by_dep=None, packages_skip_by_dep=None, packages_skip_up_to=None, packages_select_build_failed=False, packages_skip_build_finished=False, packages_select_test_failures=False, packages_skip_test_passed=False, packages_select=None, packages_skip=None, packages_select_regex=None, packages_skip_regex=None, packages_start=None, packages_end=None, cmake_args=None, cmake_target=None, cmake_target_skip_unavailable=False, cmake_clean_cache=False, cmake_clean_first=False, cmake_force_configure=False, ament_cmake_args=None, catkin_cmake_args=None, catkin_skip_building_tests=False, mixin_files=None, mixin=None, verb_parser=<colcon_mixin.mixin.mixin_argument.MixinArgumentDecorator object at 0x7fc30f838760>, verb_extension=<colcon_core.verb.build.BuildVerb object at 0x7fc30fa25cf0>, main=<bound method BuildVerb.main of <colcon_core.verb.build.BuildVerb object at 0x7fc30fa25cf0>>, mixin_verb=('build',))
[0.313s] Level 1:colcon.colcon_core.package_discovery:discover_packages(colcon_meta) check parameters
[0.314s] INFO:colcon.colcon_metadata.package_discovery.colcon_meta:Using configuration from '/root/.colcon/metadata/default/Gazebo.meta'
[0.314s] INFO:colcon.colcon_metadata.package_discovery.colcon_meta:Using configuration from '/root/.colcon/metadata/default/fastdds.meta'
[0.314s] INFO:colcon.colcon_metadata.package_discovery.colcon_meta:Using configuration from '/root/.colcon/metadata/default/fastrtps.meta'
[0.315s] Level 1:colcon.colcon_core.package_discovery:discover_packages(recursive) check parameters
[0.315s] Level 1:colcon.colcon_core.package_discovery:discover_packages(ignore) check parameters
[0.315s] Level 1:colcon.colcon_core.package_discovery:discover_packages(path) check parameters
[0.315s] Level 1:colcon.colcon_core.package_discovery:discover_packages(colcon_meta) discover
[0.315s] Level 1:colcon.colcon_core.package_discovery:discover_packages(recursive) discover
[0.315s] INFO:colcon.colcon_core.package_discovery:Crawling recursively for packages in '/develop_ws/ardupilot/Tools/ros2'
[0.315s] Level 1:colcon.colcon_core.package_identification:_identify(.) by extensions ['ignore', 'ignore_ament_install']
[0.315s] Level 1:colcon.colcon_core.package_identification:_identify(.) by extension 'ignore'
[0.315s] Level 1:colcon.colcon_core.package_identification:_identify(.) by extension 'ignore_ament_install'
[0.315s] Level 1:colcon.colcon_core.package_identification:_identify(.) by extensions ['colcon_pkg']
[0.315s] Level 1:colcon.colcon_core.package_identification:_identify(.) by extension 'colcon_pkg'
[0.315s] Level 1:colcon.colcon_core.package_identification:_identify(.) by extensions ['colcon_meta']
[0.315s] Level 1:colcon.colcon_core.package_identification:_identify(.) by extension 'colcon_meta'
[0.315s] Level 1:colcon.colcon_core.package_identification:_identify(.) by extensions ['ros']
[0.315s] Level 1:colcon.colcon_core.package_identification:_identify(.) by extension 'ros'
[0.341s] Level 1:colcon.colcon_core.package_identification:_identify(.) by extensions ['cmake', 'python']
[0.341s] Level 1:colcon.colcon_core.package_identification:_identify(.) by extension 'cmake'
[0.341s] Level 1:colcon.colcon_core.package_identification:_identify(.) by extension 'python'
[0.341s] Level 1:colcon.colcon_core.package_identification:_identify(.) by extensions ['python_setup_py']
[0.341s] Level 1:colcon.colcon_core.package_identification:_identify(.) by extension 'python_setup_py'
[0.341s] Level 1:colcon.colcon_core.package_identification:_identify(ardupilot_dds_tests) by extensions ['ignore', 'ignore_ament_install']
[0.341s] Level 1:colcon.colcon_core.package_identification:_identify(ardupilot_dds_tests) by extension 'ignore'
[0.341s] Level 1:colcon.colcon_core.package_identification:_identify(ardupilot_dds_tests) by extension 'ignore_ament_install'
[0.341s] Level 1:colcon.colcon_core.package_identification:_identify(ardupilot_dds_tests) by extensions ['colcon_pkg']
[0.341s] Level 1:colcon.colcon_core.package_identification:_identify(ardupilot_dds_tests) by extension 'colcon_pkg'
[0.341s] Level 1:colcon.colcon_core.package_identification:_identify(ardupilot_dds_tests) by extensions ['colcon_meta']
[0.341s] Level 1:colcon.colcon_core.package_identification:_identify(ardupilot_dds_tests) by extension 'colcon_meta'
[0.341s] Level 1:colcon.colcon_core.package_identification:_identify(ardupilot_dds_tests) by extensions ['ros']
[0.341s] Level 1:colcon.colcon_core.package_identification:_identify(ardupilot_dds_tests) by extension 'ros'
[0.344s] DEBUG:colcon.colcon_core.package_identification:Package 'ardupilot_dds_tests' with type 'ros.ament_python' and name 'ardupilot_dds_tests'
[0.344s] Level 1:colcon.colcon_core.package_identification:_identify(ardupilot_msgs) by extensions ['ignore', 'ignore_ament_install']
[0.344s] Level 1:colcon.colcon_core.package_identification:_identify(ardupilot_msgs) by extension 'ignore'
[0.344s] Level 1:colcon.colcon_core.package_identification:_identify(ardupilot_msgs) by extension 'ignore_ament_install'
[0.344s] Level 1:colcon.colcon_core.package_identification:_identify(ardupilot_msgs) by extensions ['colcon_pkg']
[0.344s] Level 1:colcon.colcon_core.package_identification:_identify(ardupilot_msgs) by extension 'colcon_pkg'
[0.344s] Level 1:colcon.colcon_core.package_identification:_identify(ardupilot_msgs) by extensions ['colcon_meta']
[0.344s] Level 1:colcon.colcon_core.package_identification:_identify(ardupilot_msgs) by extension 'colcon_meta'
[0.344s] Level 1:colcon.colcon_core.package_identification:_identify(ardupilot_msgs) by extensions ['ros']
[0.344s] Level 1:colcon.colcon_core.package_identification:_identify(ardupilot_msgs) by extension 'ros'
[0.345s] DEBUG:colcon.colcon_core.package_identification:Package 'ardupilot_msgs' with type 'ros.ament_cmake' and name 'ardupilot_msgs'
[0.345s] Level 1:colcon.colcon_core.package_identification:_identify(ardupilot_sitl) by extensions ['ignore', 'ignore_ament_install']
[0.345s] Level 1:colcon.colcon_core.package_identification:_identify(ardupilot_sitl) by extension 'ignore'
[0.345s] Level 1:colcon.colcon_core.package_identification:_identify(ardupilot_sitl) by extension 'ignore_ament_install'
[0.345s] Level 1:colcon.colcon_core.package_identification:_identify(ardupilot_sitl) by extensions ['colcon_pkg']
[0.345s] Level 1:colcon.colcon_core.package_identification:_identify(ardupilot_sitl) by extension 'colcon_pkg'
[0.345s] Level 1:colcon.colcon_core.package_identification:_identify(ardupilot_sitl) by extensions ['colcon_meta']
[0.345s] Level 1:colcon.colcon_core.package_identification:_identify(ardupilot_sitl) by extension 'colcon_meta'
[0.345s] Level 1:colcon.colcon_core.package_identification:_identify(ardupilot_sitl) by extensions ['ros']
[0.345s] Level 1:colcon.colcon_core.package_identification:_identify(ardupilot_sitl) by extension 'ros'
[0.346s] DEBUG:colcon.colcon_core.package_identification:Package 'ardupilot_sitl' with type 'ros.ament_cmake' and name 'ardupilot_sitl'
[0.346s] Level 1:colcon.colcon_core.package_identification:_identify(build) by extensions ['ignore', 'ignore_ament_install']
[0.346s] Level 1:colcon.colcon_core.package_identification:_identify(build) by extension 'ignore'
[0.346s] Level 1:colcon.colcon_core.package_identification:_identify(build) ignored
[0.346s] Level 1:colcon.colcon_core.package_identification:_identify(install) by extensions ['ignore', 'ignore_ament_install']
[0.347s] Level 1:colcon.colcon_core.package_identification:_identify(install) by extension 'ignore'
[0.347s] Level 1:colcon.colcon_core.package_identification:_identify(install) ignored
[0.347s] Level 1:colcon.colcon_core.package_identification:_identify(log) by extensions ['ignore', 'ignore_ament_install']
[0.347s] Level 1:colcon.colcon_core.package_identification:_identify(log) by extension 'ignore'
[0.347s] Level 1:colcon.colcon_core.package_identification:_identify(log) ignored
[0.347s] Level 1:colcon.colcon_core.package_discovery:discover_packages(recursive) using defaults
[0.347s] Level 1:colcon.colcon_core.package_discovery:discover_packages(ignore) discover
[0.347s] Level 1:colcon.colcon_core.package_discovery:discover_packages(ignore) using defaults
[0.347s] Level 1:colcon.colcon_core.package_discovery:discover_packages(path) discover
[0.347s] Level 1:colcon.colcon_core.package_discovery:discover_packages(path) using defaults
[0.365s] Level 5:colcon.colcon_core.verb:set package 'ardupilot_msgs' build argument 'cmake_args' from command line to 'None'
[0.365s] Level 5:colcon.colcon_core.verb:set package 'ardupilot_msgs' build argument 'cmake_target' from command line to 'None'
[0.365s] Level 5:colcon.colcon_core.verb:set package 'ardupilot_msgs' build argument 'cmake_target_skip_unavailable' from command line to 'False'
[0.365s] Level 5:colcon.colcon_core.verb:set package 'ardupilot_msgs' build argument 'cmake_clean_cache' from command line to 'False'
[0.365s] Level 5:colcon.colcon_core.verb:set package 'ardupilot_msgs' build argument 'cmake_clean_first' from command line to 'False'
[0.365s] Level 5:colcon.colcon_core.verb:set package 'ardupilot_msgs' build argument 'cmake_force_configure' from command line to 'False'
[0.365s] Level 5:colcon.colcon_core.verb:set package 'ardupilot_msgs' build argument 'ament_cmake_args' from command line to 'None'
[0.365s] Level 5:colcon.colcon_core.verb:set package 'ardupilot_msgs' build argument 'catkin_cmake_args' from command line to 'None'
[0.365s] Level 5:colcon.colcon_core.verb:set package 'ardupilot_msgs' build argument 'catkin_skip_building_tests' from command line to 'False'
[0.365s] DEBUG:colcon.colcon_core.verb:Building package 'ardupilot_msgs' with the following arguments: {'ament_cmake_args': None, 'build_base': '/develop_ws/ardupilot/Tools/ros2/build/ardupilot_msgs', 'catkin_cmake_args': None, 'catkin_skip_building_tests': False, 'cmake_args': None, 'cmake_clean_cache': False, 'cmake_clean_first': False, 'cmake_force_configure': False, 'cmake_target': None, 'cmake_target_skip_unavailable': False, 'install_base': '/develop_ws/ardupilot/Tools/ros2/install/ardupilot_msgs', 'merge_install': False, 'path': '/develop_ws/ardupilot/Tools/ros2/ardupilot_msgs', 'symlink_install': False, 'test_result_base': None}
[0.365s] Level 5:colcon.colcon_core.verb:set package 'ardupilot_sitl' build argument 'cmake_args' from command line to 'None'
[0.365s] Level 5:colcon.colcon_core.verb:set package 'ardupilot_sitl' build argument 'cmake_target' from command line to 'None'
[0.365s] Level 5:colcon.colcon_core.verb:set package 'ardupilot_sitl' build argument 'cmake_target_skip_unavailable' from command line to 'False'
[0.365s] Level 5:colcon.colcon_core.verb:set package 'ardupilot_sitl' build argument 'cmake_clean_cache' from command line to 'False'
[0.365s] Level 5:colcon.colcon_core.verb:set package 'ardupilot_sitl' build argument 'cmake_clean_first' from command line to 'False'
[0.365s] Level 5:colcon.colcon_core.verb:set package 'ardupilot_sitl' build argument 'cmake_force_configure' from command line to 'False'
[0.365s] Level 5:colcon.colcon_core.verb:set package 'ardupilot_sitl' build argument 'ament_cmake_args' from command line to 'None'
[0.365s] Level 5:colcon.colcon_core.verb:set package 'ardupilot_sitl' build argument 'catkin_cmake_args' from command line to 'None'
[0.365s] Level 5:colcon.colcon_core.verb:set package 'ardupilot_sitl' build argument 'catkin_skip_building_tests' from command line to 'False'
[0.365s] DEBUG:colcon.colcon_core.verb:Building package 'ardupilot_sitl' with the following arguments: {'ament_cmake_args': None, 'build_base': '/develop_ws/ardupilot/Tools/ros2/build/ardupilot_sitl', 'catkin_cmake_args': None, 'catkin_skip_building_tests': False, 'cmake_args': None, 'cmake_clean_cache': False, 'cmake_clean_first': False, 'cmake_force_configure': False, 'cmake_target': None, 'cmake_target_skip_unavailable': False, 'install_base': '/develop_ws/ardupilot/Tools/ros2/install/ardupilot_sitl', 'merge_install': False, 'path': '/develop_ws/ardupilot/Tools/ros2/ardupilot_sitl', 'symlink_install': False, 'test_result_base': None}
[0.366s] Level 5:colcon.colcon_core.verb:set package 'ardupilot_dds_tests' build argument 'cmake_args' from command line to 'None'
[0.366s] Level 5:colcon.colcon_core.verb:set package 'ardupilot_dds_tests' build argument 'cmake_target' from command line to 'None'
[0.366s] Level 5:colcon.colcon_core.verb:set package 'ardupilot_dds_tests' build argument 'cmake_target_skip_unavailable' from command line to 'False'
[0.366s] Level 5:colcon.colcon_core.verb:set package 'ardupilot_dds_tests' build argument 'cmake_clean_cache' from command line to 'False'
[0.366s] Level 5:colcon.colcon_core.verb:set package 'ardupilot_dds_tests' build argument 'cmake_clean_first' from command line to 'False'
[0.366s] Level 5:colcon.colcon_core.verb:set package 'ardupilot_dds_tests' build argument 'cmake_force_configure' from command line to 'False'
[0.366s] Level 5:colcon.colcon_core.verb:set package 'ardupilot_dds_tests' build argument 'ament_cmake_args' from command line to 'None'
[0.366s] Level 5:colcon.colcon_core.verb:set package 'ardupilot_dds_tests' build argument 'catkin_cmake_args' from command line to 'None'
[0.366s] Level 5:colcon.colcon_core.verb:set package 'ardupilot_dds_tests' build argument 'catkin_skip_building_tests' from command line to 'False'
[0.366s] DEBUG:colcon.colcon_core.verb:Building package 'ardupilot_dds_tests' with the following arguments: {'ament_cmake_args': None, 'build_base': '/develop_ws/ardupilot/Tools/ros2/build/ardupilot_dds_tests', 'catkin_cmake_args': None, 'catkin_skip_building_tests': False, 'cmake_args': None, 'cmake_clean_cache': False, 'cmake_clean_first': False, 'cmake_force_configure': False, 'cmake_target': None, 'cmake_target_skip_unavailable': False, 'install_base': '/develop_ws/ardupilot/Tools/ros2/install/ardupilot_dds_tests', 'merge_install': False, 'path': '/develop_ws/ardupilot/Tools/ros2/ardupilot_dds_tests', 'symlink_install': False, 'test_result_base': None}
[0.366s] INFO:colcon.colcon_core.executor:Executing jobs using 'parallel' executor
[0.367s] DEBUG:colcon.colcon_parallel_executor.executor.parallel:run_until_complete
[0.368s] INFO:colcon.colcon_ros.task.ament_cmake.build:Building ROS package in '/develop_ws/ardupilot/Tools/ros2/ardupilot_msgs' with build type 'ament_cmake'
[0.368s] INFO:colcon.colcon_cmake.task.cmake.build:Building CMake package in '/develop_ws/ardupilot/Tools/ros2/ardupilot_msgs'
[0.371s] INFO:colcon.colcon_core.plugin_system:Skipping extension 'colcon_core.shell.bat': Not used on non-Windows systems
[0.371s] INFO:colcon.colcon_core.shell:Skip shell extension 'powershell' for command environment: Not usable outside of PowerShell
[0.371s] DEBUG:colcon.colcon_core.shell:Skip shell extension 'dsv' for command environment
[0.382s] DEBUG:colcon.colcon_core.event_handler.log_command:Invoking command in '/develop_ws/ardupilot/Tools/ros2/build/ardupilot_msgs': CMAKE_PREFIX_PATH=${CMAKE_PREFIX_PATH}:/opt/ros/humble /usr/bin/cmake /develop_ws/ardupilot/Tools/ros2/ardupilot_msgs -DCMAKE_INSTALL_PREFIX=/develop_ws/ardupilot/Tools/ros2/install/ardupilot_msgs
[1.573s] DEBUG:colcon.colcon_core.event_handler.log_command:Invoked command in '/develop_ws/ardupilot/Tools/ros2/build/ardupilot_msgs' returned '0': CMAKE_PREFIX_PATH=${CMAKE_PREFIX_PATH}:/opt/ros/humble /usr/bin/cmake /develop_ws/ardupilot/Tools/ros2/ardupilot_msgs -DCMAKE_INSTALL_PREFIX=/develop_ws/ardupilot/Tools/ros2/install/ardupilot_msgs
[1.575s] DEBUG:colcon.colcon_core.event_handler.log_command:Invoking command in '/develop_ws/ardupilot/Tools/ros2/build/ardupilot_msgs': CMAKE_PREFIX_PATH=${CMAKE_PREFIX_PATH}:/opt/ros/humble /usr/bin/cmake --build /develop_ws/ardupilot/Tools/ros2/build/ardupilot_msgs -- -j8 -l8
[7.708s] DEBUG:colcon.colcon_core.event_handler.log_command:Invoked command in '/develop_ws/ardupilot/Tools/ros2/build/ardupilot_msgs' returned '0': CMAKE_PREFIX_PATH=${CMAKE_PREFIX_PATH}:/opt/ros/humble /usr/bin/cmake --build /develop_ws/ardupilot/Tools/ros2/build/ardupilot_msgs -- -j8 -l8
[7.717s] DEBUG:colcon.colcon_core.event_handler.log_command:Invoking command in '/develop_ws/ardupilot/Tools/ros2/build/ardupilot_msgs': CMAKE_PREFIX_PATH=${CMAKE_PREFIX_PATH}:/opt/ros/humble /usr/bin/cmake --install /develop_ws/ardupilot/Tools/ros2/build/ardupilot_msgs
[7.843s] Level 1:colcon.colcon_core.environment:create_environment_scripts_only(ardupilot_msgs)
[7.843s] DEBUG:colcon.colcon_core.event_handler.log_command:Invoked command in '/develop_ws/ardupilot/Tools/ros2/build/ardupilot_msgs' returned '0': CMAKE_PREFIX_PATH=${CMAKE_PREFIX_PATH}:/opt/ros/humble /usr/bin/cmake --install /develop_ws/ardupilot/Tools/ros2/build/ardupilot_msgs
[7.845s] Level 1:colcon.colcon_core.environment:checking '/develop_ws/ardupilot/Tools/ros2/install/ardupilot_msgs' for CMake module files
[7.846s] Level 1:colcon.colcon_core.environment:checking '/develop_ws/ardupilot/Tools/ros2/install/ardupilot_msgs' for CMake config files
[7.846s] Level 1:colcon.colcon_core.shell:create_environment_hook('ardupilot_msgs', 'cmake_prefix_path')
[7.847s] INFO:colcon.colcon_core.shell:Creating environment hook '/develop_ws/ardupilot/Tools/ros2/install/ardupilot_msgs/share/ardupilot_msgs/hook/cmake_prefix_path.ps1'
[7.848s] INFO:colcon.colcon_core.shell:Creating environment descriptor '/develop_ws/ardupilot/Tools/ros2/install/ardupilot_msgs/share/ardupilot_msgs/hook/cmake_prefix_path.dsv'
[7.848s] INFO:colcon.colcon_core.shell:Creating environment hook '/develop_ws/ardupilot/Tools/ros2/install/ardupilot_msgs/share/ardupilot_msgs/hook/cmake_prefix_path.sh'
[7.849s] Level 1:colcon.colcon_core.environment:checking '/develop_ws/ardupilot/Tools/ros2/install/ardupilot_msgs/lib'
[7.849s] Level 1:colcon.colcon_core.shell:create_environment_hook('ardupilot_msgs', 'ld_library_path_lib')
[7.849s] INFO:colcon.colcon_core.shell:Creating environment hook '/develop_ws/ardupilot/Tools/ros2/install/ardupilot_msgs/share/ardupilot_msgs/hook/ld_library_path_lib.ps1'
[7.850s] INFO:colcon.colcon_core.shell:Creating environment descriptor '/develop_ws/ardupilot/Tools/ros2/install/ardupilot_msgs/share/ardupilot_msgs/hook/ld_library_path_lib.dsv'
[7.850s] INFO:colcon.colcon_core.shell:Creating environment hook '/develop_ws/ardupilot/Tools/ros2/install/ardupilot_msgs/share/ardupilot_msgs/hook/ld_library_path_lib.sh'
[7.851s] Level 1:colcon.colcon_core.environment:checking '/develop_ws/ardupilot/Tools/ros2/install/ardupilot_msgs/bin'
[7.851s] Level 1:colcon.colcon_core.environment:checking '/develop_ws/ardupilot/Tools/ros2/install/ardupilot_msgs/lib/pkgconfig/ardupilot_msgs.pc'
[7.852s] Level 1:colcon.colcon_core.environment:checking '/develop_ws/ardupilot/Tools/ros2/install/ardupilot_msgs/lib/python3.10/site-packages'
[7.853s] Level 1:colcon.colcon_core.environment:checking '/develop_ws/ardupilot/Tools/ros2/install/ardupilot_msgs/bin'
[7.853s] INFO:colcon.colcon_core.shell:Creating package script '/develop_ws/ardupilot/Tools/ros2/install/ardupilot_msgs/share/ardupilot_msgs/package.ps1'
[7.854s] INFO:colcon.colcon_core.shell:Creating package descriptor '/develop_ws/ardupilot/Tools/ros2/install/ardupilot_msgs/share/ardupilot_msgs/package.dsv'
[7.854s] INFO:colcon.colcon_core.shell:Creating package script '/develop_ws/ardupilot/Tools/ros2/install/ardupilot_msgs/share/ardupilot_msgs/package.sh'
[7.855s] INFO:colcon.colcon_core.shell:Creating package script '/develop_ws/ardupilot/Tools/ros2/install/ardupilot_msgs/share/ardupilot_msgs/package.bash'
[7.856s] INFO:colcon.colcon_core.shell:Creating package script '/develop_ws/ardupilot/Tools/ros2/install/ardupilot_msgs/share/ardupilot_msgs/package.zsh'
[7.856s] Level 1:colcon.colcon_core.environment:create_file_with_runtime_dependencies(/develop_ws/ardupilot/Tools/ros2/install/ardupilot_msgs/share/colcon-core/packages/ardupilot_msgs)
[7.858s] Level 1:colcon.colcon_core.environment:create_environment_scripts_only(ardupilot_msgs)
[7.858s] Level 1:colcon.colcon_core.environment:checking '/develop_ws/ardupilot/Tools/ros2/install/ardupilot_msgs' for CMake module files
[7.858s] Level 1:colcon.colcon_core.environment:checking '/develop_ws/ardupilot/Tools/ros2/install/ardupilot_msgs' for CMake config files
[7.859s] Level 1:colcon.colcon_core.shell:create_environment_hook('ardupilot_msgs', 'cmake_prefix_path')
[7.859s] INFO:colcon.colcon_core.shell:Creating environment hook '/develop_ws/ardupilot/Tools/ros2/install/ardupilot_msgs/share/ardupilot_msgs/hook/cmake_prefix_path.ps1'
[7.860s] INFO:colcon.colcon_core.shell:Creating environment descriptor '/develop_ws/ardupilot/Tools/ros2/install/ardupilot_msgs/share/ardupilot_msgs/hook/cmake_prefix_path.dsv'
[7.861s] INFO:colcon.colcon_core.shell:Creating environment hook '/develop_ws/ardupilot/Tools/ros2/install/ardupilot_msgs/share/ardupilot_msgs/hook/cmake_prefix_path.sh'
[7.861s] Level 1:colcon.colcon_core.environment:checking '/develop_ws/ardupilot/Tools/ros2/install/ardupilot_msgs/lib'
[7.861s] Level 1:colcon.colcon_core.shell:create_environment_hook('ardupilot_msgs', 'ld_library_path_lib')
[7.861s] INFO:colcon.colcon_core.shell:Creating environment hook '/develop_ws/ardupilot/Tools/ros2/install/ardupilot_msgs/share/ardupilot_msgs/hook/ld_library_path_lib.ps1'
[7.862s] INFO:colcon.colcon_core.shell:Creating environment descriptor '/develop_ws/ardupilot/Tools/ros2/install/ardupilot_msgs/share/ardupilot_msgs/hook/ld_library_path_lib.dsv'
[7.862s] INFO:colcon.colcon_core.shell:Creating environment hook '/develop_ws/ardupilot/Tools/ros2/install/ardupilot_msgs/share/ardupilot_msgs/hook/ld_library_path_lib.sh'
[7.863s] Level 1:colcon.colcon_core.environment:checking '/develop_ws/ardupilot/Tools/ros2/install/ardupilot_msgs/bin'
[7.863s] Level 1:colcon.colcon_core.environment:checking '/develop_ws/ardupilot/Tools/ros2/install/ardupilot_msgs/lib/pkgconfig/ardupilot_msgs.pc'
[7.863s] Level 1:colcon.colcon_core.environment:checking '/develop_ws/ardupilot/Tools/ros2/install/ardupilot_msgs/lib/python3.10/site-packages'
[7.864s] Level 1:colcon.colcon_core.environment:checking '/develop_ws/ardupilot/Tools/ros2/install/ardupilot_msgs/bin'
[7.864s] INFO:colcon.colcon_core.shell:Creating package script '/develop_ws/ardupilot/Tools/ros2/install/ardupilot_msgs/share/ardupilot_msgs/package.ps1'
[7.865s] INFO:colcon.colcon_core.shell:Creating package descriptor '/develop_ws/ardupilot/Tools/ros2/install/ardupilot_msgs/share/ardupilot_msgs/package.dsv'
[7.865s] INFO:colcon.colcon_core.shell:Creating package script '/develop_ws/ardupilot/Tools/ros2/install/ardupilot_msgs/share/ardupilot_msgs/package.sh'
[7.866s] INFO:colcon.colcon_core.shell:Creating package script '/develop_ws/ardupilot/Tools/ros2/install/ardupilot_msgs/share/ardupilot_msgs/package.bash'
[7.866s] INFO:colcon.colcon_core.shell:Creating package script '/develop_ws/ardupilot/Tools/ros2/install/ardupilot_msgs/share/ardupilot_msgs/package.zsh'
[7.867s] Level 1:colcon.colcon_core.environment:create_file_with_runtime_dependencies(/develop_ws/ardupilot/Tools/ros2/install/ardupilot_msgs/share/colcon-core/packages/ardupilot_msgs)
[7.867s] INFO:colcon.colcon_ros.task.ament_cmake.build:Building ROS package in '/develop_ws/ardupilot/Tools/ros2/ardupilot_sitl' with build type 'ament_cmake'
[7.867s] INFO:colcon.colcon_cmake.task.cmake.build:Building CMake package in '/develop_ws/ardupilot/Tools/ros2/ardupilot_sitl'
[7.868s] INFO:colcon.colcon_core.shell:Skip shell extension 'powershell' for command environment: Not usable outside of PowerShell
[7.868s] DEBUG:colcon.colcon_core.shell:Skip shell extension 'dsv' for command environment
[7.883s] DEBUG:colcon.colcon_core.event_handler.log_command:Invoking command in '/develop_ws/ardupilot/Tools/ros2/build/ardupilot_sitl': AMENT_PREFIX_PATH=/develop_ws/ardupilot/Tools/ros2/install/ardupilot_msgs:${AMENT_PREFIX_PATH} CMAKE_PREFIX_PATH=/develop_ws/ardupilot/Tools/ros2/install/ardupilot_msgs:/opt/micro_ros_agent_ws/install:/opt/ros/humble LD_LIBRARY_PATH=/develop_ws/ardupilot/Tools/ros2/install/ardupilot_msgs/lib:${LD_LIBRARY_PATH} PYTHONPATH=/develop_ws/ardupilot/Tools/ros2/install/ardupilot_msgs/local/lib/python3.10/dist-packages:${PYTHONPATH} /usr/bin/cmake /develop_ws/ardupilot/Tools/ros2/ardupilot_sitl -DCMAKE_INSTALL_PREFIX=/develop_ws/ardupilot/Tools/ros2/install/ardupilot_sitl
[9.127s] DEBUG:colcon.colcon_core.event_handler.log_command:Invoked command in '/develop_ws/ardupilot/Tools/ros2/build/ardupilot_sitl' returned '0': AMENT_PREFIX_PATH=/develop_ws/ardupilot/Tools/ros2/install/ardupilot_msgs:${AMENT_PREFIX_PATH} CMAKE_PREFIX_PATH=/develop_ws/ardupilot/Tools/ros2/install/ardupilot_msgs:/opt/micro_ros_agent_ws/install:/opt/ros/humble LD_LIBRARY_PATH=/develop_ws/ardupilot/Tools/ros2/install/ardupilot_msgs/lib:${LD_LIBRARY_PATH} PYTHONPATH=/develop_ws/ardupilot/Tools/ros2/install/ardupilot_msgs/local/lib/python3.10/dist-packages:${PYTHONPATH} /usr/bin/cmake /develop_ws/ardupilot/Tools/ros2/ardupilot_sitl -DCMAKE_INSTALL_PREFIX=/develop_ws/ardupilot/Tools/ros2/install/ardupilot_sitl
[9.128s] DEBUG:colcon.colcon_core.event_handler.log_command:Invoking command in '/develop_ws/ardupilot/Tools/ros2/build/ardupilot_sitl': AMENT_PREFIX_PATH=/develop_ws/ardupilot/Tools/ros2/install/ardupilot_msgs:${AMENT_PREFIX_PATH} CMAKE_PREFIX_PATH=/develop_ws/ardupilot/Tools/ros2/install/ardupilot_msgs:/opt/micro_ros_agent_ws/install:/opt/ros/humble LD_LIBRARY_PATH=/develop_ws/ardupilot/Tools/ros2/install/ardupilot_msgs/lib:${LD_LIBRARY_PATH} PYTHONPATH=/develop_ws/ardupilot/Tools/ros2/install/ardupilot_msgs/local/lib/python3.10/dist-packages:${PYTHONPATH} /usr/bin/cmake --build /develop_ws/ardupilot/Tools/ros2/build/ardupilot_sitl -- -j8 -l8
[11.442s] DEBUG:colcon.colcon_core.event_handler.log_command:Invoked command in '/develop_ws/ardupilot/Tools/ros2/build/ardupilot_sitl' returned '2': AMENT_PREFIX_PATH=/develop_ws/ardupilot/Tools/ros2/install/ardupilot_msgs:${AMENT_PREFIX_PATH} CMAKE_PREFIX_PATH=/develop_ws/ardupilot/Tools/ros2/install/ardupilot_msgs:/opt/micro_ros_agent_ws/install:/opt/ros/humble LD_LIBRARY_PATH=/develop_ws/ardupilot/Tools/ros2/install/ardupilot_msgs/lib:${LD_LIBRARY_PATH} PYTHONPATH=/develop_ws/ardupilot/Tools/ros2/install/ardupilot_msgs/local/lib/python3.10/dist-packages:${PYTHONPATH} /usr/bin/cmake --build /develop_ws/ardupilot/Tools/ros2/build/ardupilot_sitl -- -j8 -l8
[11.442s] Level 1:colcon.colcon_core.environment:create_environment_scripts_only(ardupilot_sitl)
[11.442s] Level 1:colcon.colcon_core.environment:checking '/develop_ws/ardupilot/Tools/ros2/install/ardupilot_sitl' for CMake module files
[11.443s] Level 1:colcon.colcon_core.environment:checking '/develop_ws/ardupilot/Tools/ros2/install/ardupilot_sitl' for CMake config files
[11.443s] Level 1:colcon.colcon_core.environment:checking '/develop_ws/ardupilot/Tools/ros2/install/ardupilot_sitl/bin'
[11.443s] Level 1:colcon.colcon_core.environment:checking '/develop_ws/ardupilot/Tools/ros2/install/ardupilot_sitl/lib/pkgconfig/ardupilot_sitl.pc'
[11.443s] Level 1:colcon.colcon_core.environment:checking '/develop_ws/ardupilot/Tools/ros2/install/ardupilot_sitl/lib/python3.10/site-packages'
[11.443s] Level 1:colcon.colcon_core.environment:checking '/develop_ws/ardupilot/Tools/ros2/install/ardupilot_sitl/bin'
[11.444s] INFO:colcon.colcon_core.shell:Creating package script '/develop_ws/ardupilot/Tools/ros2/install/ardupilot_sitl/share/ardupilot_sitl/package.ps1'
[11.445s] INFO:colcon.colcon_core.shell:Creating package descriptor '/develop_ws/ardupilot/Tools/ros2/install/ardupilot_sitl/share/ardupilot_sitl/package.dsv'
[11.446s] INFO:colcon.colcon_core.shell:Creating package script '/develop_ws/ardupilot/Tools/ros2/install/ardupilot_sitl/share/ardupilot_sitl/package.sh'
[11.446s] INFO:colcon.colcon_core.shell:Creating package script '/develop_ws/ardupilot/Tools/ros2/install/ardupilot_sitl/share/ardupilot_sitl/package.bash'
[11.446s] INFO:colcon.colcon_core.shell:Creating package script '/develop_ws/ardupilot/Tools/ros2/install/ardupilot_sitl/share/ardupilot_sitl/package.zsh'
[11.447s] Level 1:colcon.colcon_core.environment:create_file_with_runtime_dependencies(/develop_ws/ardupilot/Tools/ros2/install/ardupilot_sitl/share/colcon-core/packages/ardupilot_sitl)
[11.458s] DEBUG:colcon.colcon_parallel_executor.executor.parallel:closing loop
[11.458s] DEBUG:colcon.colcon_parallel_executor.executor.parallel:loop closed
[11.458s] DEBUG:colcon.colcon_parallel_executor.executor.parallel:run_until_complete finished with '2'
[11.458s] DEBUG:colcon.colcon_core.event_reactor:joining thread
[11.469s] INFO:colcon.colcon_core.plugin_system:Skipping extension 'colcon_notification.desktop_notification.notify_send': Could not find 'notify-send'
[11.469s] INFO:colcon.colcon_core.plugin_system:Skipping extension 'colcon_notification.desktop_notification.terminal_notifier': Not used on non-Darwin systems
[11.469s] INFO:colcon.colcon_core.plugin_system:Skipping extension 'colcon_notification.desktop_notification.win32': Not used on non-Windows systems
[11.469s] INFO:colcon.colcon_notification.desktop_notification:Sending desktop notification using 'notify2'
[11.474s] DEBUG:colcon.colcon_notification.desktop_notification.notify2:Failed to initialize notify2: org.freedesktop.DBus.Error.Spawn.ExecFailed: /usr/bin/dbus-launch terminated abnormally without any error message
[11.474s] DEBUG:colcon.colcon_core.event_reactor:joined thread
[11.475s] INFO:colcon.colcon_core.shell:Creating prefix script '/develop_ws/ardupilot/Tools/ros2/install/local_setup.ps1'
[11.476s] INFO:colcon.colcon_core.shell:Creating prefix util module '/develop_ws/ardupilot/Tools/ros2/install/_local_setup_util_ps1.py'
[11.478s] INFO:colcon.colcon_core.shell:Creating prefix chain script '/develop_ws/ardupilot/Tools/ros2/install/setup.ps1'
[11.479s] INFO:colcon.colcon_core.shell:Creating prefix script '/develop_ws/ardupilot/Tools/ros2/install/local_setup.sh'
[11.480s] INFO:colcon.colcon_core.shell:Creating prefix util module '/develop_ws/ardupilot/Tools/ros2/install/_local_setup_util_sh.py'
[11.481s] INFO:colcon.colcon_core.shell:Creating prefix chain script '/develop_ws/ardupilot/Tools/ros2/install/setup.sh'
[11.482s] INFO:colcon.colcon_core.shell:Creating prefix script '/develop_ws/ardupilot/Tools/ros2/install/local_setup.bash'
[11.482s] INFO:colcon.colcon_core.shell:Creating prefix chain script '/develop_ws/ardupilot/Tools/ros2/install/setup.bash'
[11.484s] INFO:colcon.colcon_core.shell:Creating prefix script '/develop_ws/ardupilot/Tools/ros2/install/local_setup.zsh'
[11.484s] INFO:colcon.colcon_core.shell:Creating prefix chain script '/develop_ws/ardupilot/Tools/ros2/install/setup.zsh'
