-- Found ament_cmake: 1.3.14 (/opt/ros/humble/share/ament_cmake/cmake)
-- Found geometry_msgs: 4.9.1 (/opt/ros/humble/share/geometry_msgs/cmake)
-- Found rosidl_generator_c: 3.1.8 (/opt/ros/humble/share/rosidl_generator_c/cmake)
-- Found rosidl_adapter: 3.1.8 (/opt/ros/humble/share/rosidl_adapter/cmake)
-- Found rosidl_generator_cpp: 3.1.8 (/opt/ros/humble/share/rosidl_generator_cpp/cmake)
-- Using all available rosidl_typesupport_c: rosidl_typesupport_fastrtps_c;rosidl_typesupport_introspection_c
-- Using all available rosidl_typesupport_cpp: rosidl_typesupport_fastrtps_cpp;rosidl_typesupport_introspection_cpp
-- Found rosidl_default_generators: 1.2.1 (/opt/ros/humble/share/rosidl_default_generators/cmake)
-- Found ament_cmake_cppcheck: 0.12.15 (/opt/ros/humble/share/ament_cmake_cppcheck/cmake)
-- Found ament_cmake_cpplint: 0.12.15 (/opt/ros/humble/share/ament_cmake_cpplint/cmake)
-- Found ament_cmake_uncrustify: 0.12.15 (/opt/ros/humble/share/ament_cmake_uncrustify/cmake)
-- Found ament_cmake_ros: 0.10.0 (/opt/ros/humble/share/ament_cmake_ros/cmake)
-- Using all available rosidl_typesupport_c: rosidl_typesupport_fastrtps_c;rosidl_typesupport_introspection_c
-- Using all available rosidl_typesupport_cpp: rosidl_typesupport_fastrtps_cpp;rosidl_typesupport_introspection_cpp
-- Found python_cmake_module: 0.10.0 (/opt/ros/humble/share/python_cmake_module/cmake)
-- Using PYTHON_EXECUTABLE: /usr/bin/python3
-- Using PYTHON_INCLUDE_DIRS: /usr/include/python3.10
-- Using PYTHON_LIBRARIES: /usr/lib/x86_64-linux-gnu/libpython3.10.so
-- Using numpy include directory: /usr/local/lib/python3.10/dist-packages/numpy/_core/include
-- Found ament_cmake_flake8: 0.12.15 (/opt/ros/humble/share/ament_cmake_flake8/cmake)
-- Found ament_cmake_pep257: 0.12.15 (/opt/ros/humble/share/ament_cmake_pep257/cmake)
-- Found ament_lint_auto: 0.12.15 (/opt/ros/humble/share/ament_lint_auto/cmake)
-- Added test 'copyright' to check source files copyright and LICENSE
-- Added test 'xmllint' to check XML markup files
-- Configuring done
-- Generating done
-- Build files have been written to: /develop_ws/ardupilot/Tools/ros2/build/ardupilot_msgs
[  1%] [34m[1mGenerating C code for ROS interfaces[0m
[  2%] [34m[1mGenerating Rust code for ROS interfaces[0m
[  2%] [34m[1mGenerating C++ code for ROS interfaces[0m
[  2%] Built target ament_cmake_python_copy_ardupilot_msgs
running egg_info
writing ardupilot_msgs.egg-info/PKG-INFO
writing dependency_links to ardupilot_msgs.egg-info/dependency_links.txt
writing top-level names to ardupilot_msgs.egg-info/top_level.txt
reading manifest file 'ardupilot_msgs.egg-info/SOURCES.txt'
writing manifest file 'ardupilot_msgs.egg-info/SOURCES.txt'
[  2%] Built target ament_cmake_python_build_ardupilot_msgs_egg
[  2%] Built target ardupilot_msgs__rs
[  2%] Built target ardupilot_msgs__cpp
[  3%] [34m[1mGenerating C++ type support for eProsima Fast-RTPS[0m
[  4%] [34m[1mGenerating C++ type support dispatch for ROS interfaces[0m
[  5%] [34m[1mGenerating C++ introspection for ROS interfaces[0m
[35m[1mConsolidate compiler generated dependencies of target ardupilot_msgs__rosidl_generator_c[0m
[  7%] [32mBuilding C object CMakeFiles/ardupilot_msgs__rosidl_generator_c.dir/rosidl_generator_c/ardupilot_msgs/msg/detail/rc__functions.c.o[0m
[  7%] [32mBuilding C object CMakeFiles/ardupilot_msgs__rosidl_generator_c.dir/rosidl_generator_c/ardupilot_msgs/msg/detail/global_position__functions.c.o[0m
[  8%] [32mBuilding C object CMakeFiles/ardupilot_msgs__rosidl_generator_c.dir/rosidl_generator_c/ardupilot_msgs/msg/detail/rc_out__functions.c.o[0m
[  9%] [32mBuilding C object CMakeFiles/ardupilot_msgs__rosidl_generator_c.dir/rosidl_generator_c/ardupilot_msgs/msg/detail/status__functions.c.o[0m
[ 10%] [32mBuilding C object CMakeFiles/ardupilot_msgs__rosidl_generator_c.dir/rosidl_generator_c/ardupilot_msgs/msg/detail/airspeed__functions.c.o[0m
[ 11%] [32mBuilding C object CMakeFiles/ardupilot_msgs__rosidl_generator_c.dir/rosidl_generator_c/ardupilot_msgs/msg/detail/rc_in__functions.c.o[0m
[ 11%] [32mBuilding C object CMakeFiles/ardupilot_msgs__rosidl_generator_c.dir/rosidl_generator_c/ardupilot_msgs/msg/detail/pitot__functions.c.o[0m
[ 12%] [32mBuilding C object CMakeFiles/ardupilot_msgs__rosidl_generator_c.dir/rosidl_generator_c/ardupilot_msgs/msg/detail/propulsion__functions.c.o[0m
[ 13%] [32mBuilding C object CMakeFiles/ardupilot_msgs__rosidl_generator_c.dir/rosidl_generator_c/ardupilot_msgs/srv/detail/arm_motors__functions.c.o[0m
[ 14%] [32mBuilding C object CMakeFiles/ardupilot_msgs__rosidl_generator_c.dir/rosidl_generator_c/ardupilot_msgs/srv/detail/mode_switch__functions.c.o[0m
[ 15%] [32mBuilding C object CMakeFiles/ardupilot_msgs__rosidl_generator_c.dir/rosidl_generator_c/ardupilot_msgs/srv/detail/takeoff__functions.c.o[0m
[ 16%] [32m[1mLinking C shared library libardupilot_msgs__rosidl_generator_c.so[0m
[ 16%] Built target ardupilot_msgs__rosidl_generator_c
[ 18%] [34m[1mGenerating C type support dispatch for ROS interfaces[0m
[ 18%] [34m[1mGenerating C type support for eProsima Fast-RTPS[0m
[ 19%] [34m[1mGenerating C introspection for ROS interfaces[0m
[35m[1mConsolidate compiler generated dependencies of target ardupilot_msgs__rosidl_typesupport_cpp[0m
[ 20%] [32mBuilding CXX object CMakeFiles/ardupilot_msgs__rosidl_typesupport_cpp.dir/rosidl_typesupport_cpp/ardupilot_msgs/msg/rc__type_support.cpp.o[0m
[ 21%] [32mBuilding CXX object CMakeFiles/ardupilot_msgs__rosidl_typesupport_cpp.dir/rosidl_typesupport_cpp/ardupilot_msgs/msg/global_position__type_support.cpp.o[0m
[ 22%] [32mBuilding CXX object CMakeFiles/ardupilot_msgs__rosidl_typesupport_cpp.dir/rosidl_typesupport_cpp/ardupilot_msgs/msg/status__type_support.cpp.o[0m
[35m[1mConsolidate compiler generated dependencies of target ardupilot_msgs__rosidl_typesupport_introspection_cpp[0m
[ 23%] [32mBuilding CXX object CMakeFiles/ardupilot_msgs__rosidl_typesupport_introspection_cpp.dir/rosidl_typesupport_introspection_cpp/ardupilot_msgs/msg/detail/global_position__type_support.cpp.o[0m
[ 24%] [32mBuilding CXX object CMakeFiles/ardupilot_msgs__rosidl_typesupport_introspection_cpp.dir/rosidl_typesupport_introspection_cpp/ardupilot_msgs/msg/detail/rc__type_support.cpp.o[0m
[ 24%] [32mBuilding CXX object CMakeFiles/ardupilot_msgs__rosidl_typesupport_cpp.dir/rosidl_typesupport_cpp/ardupilot_msgs/msg/airspeed__type_support.cpp.o[0m
[ 25%] [32mBuilding CXX object CMakeFiles/ardupilot_msgs__rosidl_typesupport_introspection_cpp.dir/rosidl_typesupport_introspection_cpp/ardupilot_msgs/msg/detail/status__type_support.cpp.o[0m
[35m[1mConsolidate compiler generated dependencies of target ardupilot_msgs__rosidl_typesupport_c[0m
[ 25%] [32mBuilding CXX object CMakeFiles/ardupilot_msgs__rosidl_typesupport_c.dir/rosidl_typesupport_c/ardupilot_msgs/msg/global_position__type_support.cpp.o[0m
[35m[1mConsolidate compiler generated dependencies of target ardupilot_msgs__rosidl_typesupport_fastrtps_cpp[0m
[ 26%] [32mBuilding CXX object CMakeFiles/ardupilot_msgs__rosidl_typesupport_fastrtps_cpp.dir/rosidl_typesupport_fastrtps_cpp/ardupilot_msgs/msg/detail/dds_fastrtps/global_position__type_support.cpp.o[0m
[ 27%] [32mBuilding CXX object CMakeFiles/ardupilot_msgs__rosidl_typesupport_c.dir/rosidl_typesupport_c/ardupilot_msgs/msg/rc__type_support.cpp.o[0m
[ 28%] [32mBuilding CXX object CMakeFiles/ardupilot_msgs__rosidl_typesupport_c.dir/rosidl_typesupport_c/ardupilot_msgs/msg/status__type_support.cpp.o[0m
[ 29%] [32mBuilding CXX object CMakeFiles/ardupilot_msgs__rosidl_typesupport_c.dir/rosidl_typesupport_c/ardupilot_msgs/msg/airspeed__type_support.cpp.o[0m
[ 30%] [32mBuilding CXX object CMakeFiles/ardupilot_msgs__rosidl_typesupport_c.dir/rosidl_typesupport_c/ardupilot_msgs/msg/rc_out__type_support.cpp.o[0m
[ 31%] [32mBuilding CXX object CMakeFiles/ardupilot_msgs__rosidl_typesupport_cpp.dir/rosidl_typesupport_cpp/ardupilot_msgs/msg/rc_out__type_support.cpp.o[0m
[35m[1mConsolidate compiler generated dependencies of target ardupilot_msgs__rosidl_typesupport_fastrtps_c[0m
[35m[1mConsolidate compiler generated dependencies of target ardupilot_msgs__rosidl_typesupport_introspection_c[0m
[ 32%] [32mBuilding CXX object CMakeFiles/ardupilot_msgs__rosidl_typesupport_cpp.dir/rosidl_typesupport_cpp/ardupilot_msgs/msg/rc_in__type_support.cpp.o[0m
[ 32%] [32mBuilding CXX object CMakeFiles/ardupilot_msgs__rosidl_typesupport_fastrtps_c.dir/rosidl_typesupport_fastrtps_c/ardupilot_msgs/msg/detail/global_position__type_support_c.cpp.o[0m
[ 32%] [32mBuilding C object CMakeFiles/ardupilot_msgs__rosidl_typesupport_introspection_c.dir/rosidl_typesupport_introspection_c/ardupilot_msgs/msg/detail/global_position__type_support.c.o[0m
[ 33%] [32mBuilding CXX object CMakeFiles/ardupilot_msgs__rosidl_typesupport_c.dir/rosidl_typesupport_c/ardupilot_msgs/msg/rc_in__type_support.cpp.o[0m
[ 34%] [32mBuilding CXX object CMakeFiles/ardupilot_msgs__rosidl_typesupport_c.dir/rosidl_typesupport_c/ardupilot_msgs/msg/pitot__type_support.cpp.o[0m
[ 35%] [32mBuilding C object CMakeFiles/ardupilot_msgs__rosidl_typesupport_introspection_c.dir/rosidl_typesupport_introspection_c/ardupilot_msgs/msg/detail/rc__type_support.c.o[0m
[ 36%] [32mBuilding CXX object CMakeFiles/ardupilot_msgs__rosidl_typesupport_fastrtps_cpp.dir/rosidl_typesupport_fastrtps_cpp/ardupilot_msgs/msg/detail/dds_fastrtps/rc__type_support.cpp.o[0m
[ 37%] [32mBuilding CXX object CMakeFiles/ardupilot_msgs__rosidl_typesupport_c.dir/rosidl_typesupport_c/ardupilot_msgs/msg/propulsion__type_support.cpp.o[0m
[ 37%] [32mBuilding CXX object CMakeFiles/ardupilot_msgs__rosidl_typesupport_introspection_cpp.dir/rosidl_typesupport_introspection_cpp/ardupilot_msgs/msg/detail/airspeed__type_support.cpp.o[0m
[ 38%] [32mBuilding C object CMakeFiles/ardupilot_msgs__rosidl_typesupport_introspection_c.dir/rosidl_typesupport_introspection_c/ardupilot_msgs/msg/detail/status__type_support.c.o[0m
[ 39%] [32mBuilding C object CMakeFiles/ardupilot_msgs__rosidl_typesupport_introspection_c.dir/rosidl_typesupport_introspection_c/ardupilot_msgs/msg/detail/airspeed__type_support.c.o[0m
[ 40%] [32mBuilding CXX object CMakeFiles/ardupilot_msgs__rosidl_typesupport_c.dir/rosidl_typesupport_c/ardupilot_msgs/srv/arm_motors__type_support.cpp.o[0m
[ 41%] [32mBuilding CXX object CMakeFiles/ardupilot_msgs__rosidl_typesupport_introspection_cpp.dir/rosidl_typesupport_introspection_cpp/ardupilot_msgs/msg/detail/rc_out__type_support.cpp.o[0m
[ 41%] [32mBuilding CXX object CMakeFiles/ardupilot_msgs__rosidl_typesupport_c.dir/rosidl_typesupport_c/ardupilot_msgs/srv/mode_switch__type_support.cpp.o[0m
[ 42%] [32mBuilding CXX object CMakeFiles/ardupilot_msgs__rosidl_typesupport_introspection_cpp.dir/rosidl_typesupport_introspection_cpp/ardupilot_msgs/msg/detail/rc_in__type_support.cpp.o[0m
[ 43%] [32mBuilding C object CMakeFiles/ardupilot_msgs__rosidl_typesupport_introspection_c.dir/rosidl_typesupport_introspection_c/ardupilot_msgs/msg/detail/rc_out__type_support.c.o[0m
[ 44%] [32mBuilding CXX object CMakeFiles/ardupilot_msgs__rosidl_typesupport_c.dir/rosidl_typesupport_c/ardupilot_msgs/srv/takeoff__type_support.cpp.o[0m
[ 45%] [32mBuilding CXX object CMakeFiles/ardupilot_msgs__rosidl_typesupport_cpp.dir/rosidl_typesupport_cpp/ardupilot_msgs/msg/pitot__type_support.cpp.o[0m
[ 46%] [32mBuilding C object CMakeFiles/ardupilot_msgs__rosidl_typesupport_introspection_c.dir/rosidl_typesupport_introspection_c/ardupilot_msgs/msg/detail/rc_in__type_support.c.o[0m
[ 47%] [32m[1mLinking CXX shared library libardupilot_msgs__rosidl_typesupport_c.so[0m
[ 47%] Built target ardupilot_msgs__rosidl_typesupport_c
[ 48%] [32mBuilding CXX object CMakeFiles/ardupilot_msgs__rosidl_typesupport_cpp.dir/rosidl_typesupport_cpp/ardupilot_msgs/msg/propulsion__type_support.cpp.o[0m
[ 49%] [32mBuilding CXX object CMakeFiles/ardupilot_msgs__rosidl_typesupport_fastrtps_c.dir/rosidl_typesupport_fastrtps_c/ardupilot_msgs/msg/detail/rc__type_support_c.cpp.o[0m
[ 50%] [32mBuilding C object CMakeFiles/ardupilot_msgs__rosidl_typesupport_introspection_c.dir/rosidl_typesupport_introspection_c/ardupilot_msgs/msg/detail/pitot__type_support.c.o[0m
[ 51%] [32mBuilding C object CMakeFiles/ardupilot_msgs__rosidl_typesupport_introspection_c.dir/rosidl_typesupport_introspection_c/ardupilot_msgs/msg/detail/propulsion__type_support.c.o[0m
[ 52%] [32mBuilding C object CMakeFiles/ardupilot_msgs__rosidl_typesupport_introspection_c.dir/rosidl_typesupport_introspection_c/ardupilot_msgs/srv/detail/arm_motors__type_support.c.o[0m
[ 53%] [32mBuilding CXX object CMakeFiles/ardupilot_msgs__rosidl_typesupport_fastrtps_c.dir/rosidl_typesupport_fastrtps_c/ardupilot_msgs/msg/detail/status__type_support_c.cpp.o[0m
[ 54%] [32mBuilding CXX object CMakeFiles/ardupilot_msgs__rosidl_typesupport_cpp.dir/rosidl_typesupport_cpp/ardupilot_msgs/srv/arm_motors__type_support.cpp.o[0m
[ 54%] [32mBuilding C object CMakeFiles/ardupilot_msgs__rosidl_typesupport_introspection_c.dir/rosidl_typesupport_introspection_c/ardupilot_msgs/srv/detail/mode_switch__type_support.c.o[0m
[ 55%] [32mBuilding C object CMakeFiles/ardupilot_msgs__rosidl_typesupport_introspection_c.dir/rosidl_typesupport_introspection_c/ardupilot_msgs/srv/detail/takeoff__type_support.c.o[0m
[ 56%] [32mBuilding CXX object CMakeFiles/ardupilot_msgs__rosidl_typesupport_introspection_cpp.dir/rosidl_typesupport_introspection_cpp/ardupilot_msgs/msg/detail/pitot__type_support.cpp.o[0m
[ 57%] [32mBuilding CXX object CMakeFiles/ardupilot_msgs__rosidl_typesupport_fastrtps_cpp.dir/rosidl_typesupport_fastrtps_cpp/ardupilot_msgs/msg/detail/dds_fastrtps/status__type_support.cpp.o[0m
[ 58%] [32mBuilding CXX object CMakeFiles/ardupilot_msgs__rosidl_typesupport_introspection_cpp.dir/rosidl_typesupport_introspection_cpp/ardupilot_msgs/msg/detail/propulsion__type_support.cpp.o[0m
[ 59%] [32mBuilding CXX object CMakeFiles/ardupilot_msgs__rosidl_typesupport_introspection_cpp.dir/rosidl_typesupport_introspection_cpp/ardupilot_msgs/srv/detail/arm_motors__type_support.cpp.o[0m
[ 60%] [32m[1mLinking C shared library libardupilot_msgs__rosidl_typesupport_introspection_c.so[0m
[ 61%] [32mBuilding CXX object CMakeFiles/ardupilot_msgs__rosidl_typesupport_introspection_cpp.dir/rosidl_typesupport_introspection_cpp/ardupilot_msgs/srv/detail/mode_switch__type_support.cpp.o[0m
[ 61%] Built target ardupilot_msgs__rosidl_typesupport_introspection_c
[ 61%] [32mBuilding CXX object CMakeFiles/ardupilot_msgs__rosidl_typesupport_fastrtps_cpp.dir/rosidl_typesupport_fastrtps_cpp/ardupilot_msgs/msg/detail/dds_fastrtps/airspeed__type_support.cpp.o[0m
[ 62%] [32mBuilding CXX object CMakeFiles/ardupilot_msgs__rosidl_typesupport_cpp.dir/rosidl_typesupport_cpp/ardupilot_msgs/srv/mode_switch__type_support.cpp.o[0m
[ 63%] [32mBuilding CXX object CMakeFiles/ardupilot_msgs__rosidl_typesupport_fastrtps_c.dir/rosidl_typesupport_fastrtps_c/ardupilot_msgs/msg/detail/airspeed__type_support_c.cpp.o[0m
[ 64%] [32mBuilding CXX object CMakeFiles/ardupilot_msgs__rosidl_typesupport_introspection_cpp.dir/rosidl_typesupport_introspection_cpp/ardupilot_msgs/srv/detail/takeoff__type_support.cpp.o[0m
[ 65%] [32mBuilding CXX object CMakeFiles/ardupilot_msgs__rosidl_typesupport_fastrtps_cpp.dir/rosidl_typesupport_fastrtps_cpp/ardupilot_msgs/msg/detail/dds_fastrtps/rc_out__type_support.cpp.o[0m
[ 66%] [32mBuilding CXX object CMakeFiles/ardupilot_msgs__rosidl_typesupport_fastrtps_c.dir/rosidl_typesupport_fastrtps_c/ardupilot_msgs/msg/detail/rc_out__type_support_c.cpp.o[0m
[ 67%] [32mBuilding CXX object CMakeFiles/ardupilot_msgs__rosidl_typesupport_fastrtps_c.dir/rosidl_typesupport_fastrtps_c/ardupilot_msgs/msg/detail/rc_in__type_support_c.cpp.o[0m
[ 68%] [32mBuilding CXX object CMakeFiles/ardupilot_msgs__rosidl_typesupport_cpp.dir/rosidl_typesupport_cpp/ardupilot_msgs/srv/takeoff__type_support.cpp.o[0m
[ 69%] [32mBuilding CXX object CMakeFiles/ardupilot_msgs__rosidl_typesupport_fastrtps_cpp.dir/rosidl_typesupport_fastrtps_cpp/ardupilot_msgs/msg/detail/dds_fastrtps/rc_in__type_support.cpp.o[0m
[ 70%] [32mBuilding CXX object CMakeFiles/ardupilot_msgs__rosidl_typesupport_fastrtps_c.dir/rosidl_typesupport_fastrtps_c/ardupilot_msgs/msg/detail/pitot__type_support_c.cpp.o[0m
[ 71%] [32mBuilding CXX object CMakeFiles/ardupilot_msgs__rosidl_typesupport_fastrtps_c.dir/rosidl_typesupport_fastrtps_c/ardupilot_msgs/msg/detail/propulsion__type_support_c.cpp.o[0m
[ 72%] [32m[1mLinking CXX shared library libardupilot_msgs__rosidl_typesupport_cpp.so[0m
[ 73%] [32mBuilding CXX object CMakeFiles/ardupilot_msgs__rosidl_typesupport_fastrtps_c.dir/rosidl_typesupport_fastrtps_c/ardupilot_msgs/srv/detail/arm_motors__type_support_c.cpp.o[0m
[ 74%] [32m[1mLinking CXX shared library libardupilot_msgs__rosidl_typesupport_introspection_cpp.so[0m
[ 75%] [32mBuilding CXX object CMakeFiles/ardupilot_msgs__rosidl_typesupport_fastrtps_cpp.dir/rosidl_typesupport_fastrtps_cpp/ardupilot_msgs/msg/detail/dds_fastrtps/pitot__type_support.cpp.o[0m
[ 75%] Built target ardupilot_msgs__rosidl_typesupport_cpp
[ 76%] [32mBuilding CXX object CMakeFiles/ardupilot_msgs__rosidl_typesupport_fastrtps_cpp.dir/rosidl_typesupport_fastrtps_cpp/ardupilot_msgs/msg/detail/dds_fastrtps/propulsion__type_support.cpp.o[0m
[ 76%] [32mBuilding CXX object CMakeFiles/ardupilot_msgs__rosidl_typesupport_fastrtps_c.dir/rosidl_typesupport_fastrtps_c/ardupilot_msgs/srv/detail/mode_switch__type_support_c.cpp.o[0m
[ 77%] [32mBuilding CXX object CMakeFiles/ardupilot_msgs__rosidl_typesupport_fastrtps_cpp.dir/rosidl_typesupport_fastrtps_cpp/ardupilot_msgs/srv/detail/dds_fastrtps/arm_motors__type_support.cpp.o[0m
[ 78%] [32mBuilding CXX object CMakeFiles/ardupilot_msgs__rosidl_typesupport_fastrtps_cpp.dir/rosidl_typesupport_fastrtps_cpp/ardupilot_msgs/srv/detail/dds_fastrtps/mode_switch__type_support.cpp.o[0m
[ 78%] Built target ardupilot_msgs__rosidl_typesupport_introspection_cpp
[ 79%] [32mBuilding CXX object CMakeFiles/ardupilot_msgs__rosidl_typesupport_fastrtps_cpp.dir/rosidl_typesupport_fastrtps_cpp/ardupilot_msgs/srv/detail/dds_fastrtps/takeoff__type_support.cpp.o[0m
[ 80%] [32mBuilding CXX object CMakeFiles/ardupilot_msgs__rosidl_typesupport_fastrtps_c.dir/rosidl_typesupport_fastrtps_c/ardupilot_msgs/srv/detail/takeoff__type_support_c.cpp.o[0m
[ 81%] [32m[1mLinking CXX shared library libardupilot_msgs__rosidl_typesupport_fastrtps_cpp.so[0m
[ 82%] [32m[1mLinking CXX shared library libardupilot_msgs__rosidl_typesupport_fastrtps_c.so[0m
[ 82%] Built target ardupilot_msgs__rosidl_typesupport_fastrtps_cpp
[ 82%] Built target ardupilot_msgs__rosidl_typesupport_fastrtps_c
[ 82%] Built target ardupilot_msgs
[ 83%] [34m[1mGenerating Python code for ROS interfaces[0m
[ 83%] Built target ardupilot_msgs__py
[35m[1mConsolidate compiler generated dependencies of target ardupilot_msgs__rosidl_generator_py[0m
[ 85%] [32mBuilding C object CMakeFiles/ardupilot_msgs__rosidl_generator_py.dir/rosidl_generator_py/ardupilot_msgs/msg/_airspeed_s.c.o[0m
[ 86%] [32mBuilding C object CMakeFiles/ardupilot_msgs__rosidl_generator_py.dir/rosidl_generator_py/ardupilot_msgs/msg/_status_s.c.o[0m
[ 86%] [32mBuilding C object CMakeFiles/ardupilot_msgs__rosidl_generator_py.dir/rosidl_generator_py/ardupilot_msgs/msg/_global_position_s.c.o[0m
[ 87%] [32mBuilding C object CMakeFiles/ardupilot_msgs__rosidl_generator_py.dir/rosidl_generator_py/ardupilot_msgs/msg/_rc_out_s.c.o[0m
[ 86%] [32mBuilding C object CMakeFiles/ardupilot_msgs__rosidl_generator_py.dir/rosidl_generator_py/ardupilot_msgs/msg/_rc_s.c.o[0m
[ 88%] [32mBuilding C object CMakeFiles/ardupilot_msgs__rosidl_generator_py.dir/rosidl_generator_py/ardupilot_msgs/msg/_rc_in_s.c.o[0m
[ 89%] [32mBuilding C object CMakeFiles/ardupilot_msgs__rosidl_generator_py.dir/rosidl_generator_py/ardupilot_msgs/msg/_propulsion_s.c.o[0m
[ 90%] [32mBuilding C object CMakeFiles/ardupilot_msgs__rosidl_generator_py.dir/rosidl_generator_py/ardupilot_msgs/msg/_pitot_s.c.o[0m
[ 91%] [32mBuilding C object CMakeFiles/ardupilot_msgs__rosidl_generator_py.dir/rosidl_generator_py/ardupilot_msgs/srv/_arm_motors_s.c.o[0m
[ 92%] [32mBuilding C object CMakeFiles/ardupilot_msgs__rosidl_generator_py.dir/rosidl_generator_py/ardupilot_msgs/srv/_mode_switch_s.c.o[0m
[ 93%] [32mBuilding C object CMakeFiles/ardupilot_msgs__rosidl_generator_py.dir/rosidl_generator_py/ardupilot_msgs/srv/_takeoff_s.c.o[0m
[ 94%] [32m[1mLinking C shared library rosidl_generator_py/ardupilot_msgs/libardupilot_msgs__rosidl_generator_py.so[0m
[ 94%] Built target ardupilot_msgs__rosidl_generator_py
[35m[1mConsolidate compiler generated dependencies of target ardupilot_msgs__rosidl_typesupport_c__pyext[0m
[35m[1mConsolidate compiler generated dependencies of target ardupilot_msgs__rosidl_typesupport_introspection_c__pyext[0m
[35m[1mConsolidate compiler generated dependencies of target ardupilot_msgs__rosidl_typesupport_fastrtps_c__pyext[0m
[ 97%] [32mBuilding C object CMakeFiles/ardupilot_msgs__rosidl_typesupport_introspection_c__pyext.dir/rosidl_generator_py/ardupilot_msgs/_ardupilot_msgs_s.ep.rosidl_typesupport_introspection_c.c.o[0m
[ 97%] [32mBuilding C object CMakeFiles/ardupilot_msgs__rosidl_typesupport_c__pyext.dir/rosidl_generator_py/ardupilot_msgs/_ardupilot_msgs_s.ep.rosidl_typesupport_c.c.o[0m
[ 97%] [32mBuilding C object CMakeFiles/ardupilot_msgs__rosidl_typesupport_fastrtps_c__pyext.dir/rosidl_generator_py/ardupilot_msgs/_ardupilot_msgs_s.ep.rosidl_typesupport_fastrtps_c.c.o[0m
[100%] [32m[1mLinking C shared library rosidl_generator_py/ardupilot_msgs/ardupilot_msgs_s__rosidl_typesupport_fastrtps_c.cpython-310-x86_64-linux-gnu.so[0m
[100%] [32m[1mLinking C shared library rosidl_generator_py/ardupilot_msgs/ardupilot_msgs_s__rosidl_typesupport_introspection_c.cpython-310-x86_64-linux-gnu.so[0m
[100%] [32m[1mLinking C shared library rosidl_generator_py/ardupilot_msgs/ardupilot_msgs_s__rosidl_typesupport_c.cpython-310-x86_64-linux-gnu.so[0m
[100%] Built target ardupilot_msgs__rosidl_typesupport_fastrtps_c__pyext
[100%] Built target ardupilot_msgs__rosidl_typesupport_introspection_c__pyext
[100%] Built target ardupilot_msgs__rosidl_typesupport_c__pyext
-- Install configuration: ""
-- Up-to-date: /develop_ws/ardupilot/Tools/ros2/install/ardupilot_msgs/share/ament_index/resource_index/rosidl_interfaces/ardupilot_msgs
-- Up-to-date: /develop_ws/ardupilot/Tools/ros2/install/ardupilot_msgs/include/ardupilot_msgs/ardupilot_msgs
-- Up-to-date: /develop_ws/ardupilot/Tools/ros2/install/ardupilot_msgs/include/ardupilot_msgs/ardupilot_msgs/srv
-- Up-to-date: /develop_ws/ardupilot/Tools/ros2/install/ardupilot_msgs/include/ardupilot_msgs/ardupilot_msgs/srv/detail
-- Installing: /develop_ws/ardupilot/Tools/ros2/install/ardupilot_msgs/include/ardupilot_msgs/ardupilot_msgs/srv/detail/takeoff__type_support.h
-- Installing: /develop_ws/ardupilot/Tools/ros2/install/ardupilot_msgs/include/ardupilot_msgs/ardupilot_msgs/srv/detail/arm_motors__type_support.h
-- Installing: /develop_ws/ardupilot/Tools/ros2/install/ardupilot_msgs/include/ardupilot_msgs/ardupilot_msgs/srv/detail/takeoff__struct.h
-- Installing: /develop_ws/ardupilot/Tools/ros2/install/ardupilot_msgs/include/ardupilot_msgs/ardupilot_msgs/srv/detail/arm_motors__functions.h
-- Installing: /develop_ws/ardupilot/Tools/ros2/install/ardupilot_msgs/include/ardupilot_msgs/ardupilot_msgs/srv/detail/arm_motors__struct.h
-- Installing: /develop_ws/ardupilot/Tools/ros2/install/ardupilot_msgs/include/ardupilot_msgs/ardupilot_msgs/srv/detail/mode_switch__functions.h
-- Installing: /develop_ws/ardupilot/Tools/ros2/install/ardupilot_msgs/include/ardupilot_msgs/ardupilot_msgs/srv/detail/takeoff__functions.h
-- Installing: /develop_ws/ardupilot/Tools/ros2/install/ardupilot_msgs/include/ardupilot_msgs/ardupilot_msgs/srv/detail/mode_switch__struct.h
-- Installing: /develop_ws/ardupilot/Tools/ros2/install/ardupilot_msgs/include/ardupilot_msgs/ardupilot_msgs/srv/detail/arm_motors__functions.c
-- Installing: /develop_ws/ardupilot/Tools/ros2/install/ardupilot_msgs/include/ardupilot_msgs/ardupilot_msgs/srv/detail/mode_switch__type_support.h
-- Installing: /develop_ws/ardupilot/Tools/ros2/install/ardupilot_msgs/include/ardupilot_msgs/ardupilot_msgs/srv/detail/mode_switch__functions.c
-- Installing: /develop_ws/ardupilot/Tools/ros2/install/ardupilot_msgs/include/ardupilot_msgs/ardupilot_msgs/srv/detail/takeoff__functions.c
-- Installing: /develop_ws/ardupilot/Tools/ros2/install/ardupilot_msgs/include/ardupilot_msgs/ardupilot_msgs/srv/arm_motors.h
-- Installing: /develop_ws/ardupilot/Tools/ros2/install/ardupilot_msgs/include/ardupilot_msgs/ardupilot_msgs/srv/takeoff.h
-- Installing: /develop_ws/ardupilot/Tools/ros2/install/ardupilot_msgs/include/ardupilot_msgs/ardupilot_msgs/srv/mode_switch.h
-- Up-to-date: /develop_ws/ardupilot/Tools/ros2/install/ardupilot_msgs/include/ardupilot_msgs/ardupilot_msgs/msg
-- Installing: /develop_ws/ardupilot/Tools/ros2/install/ardupilot_msgs/include/ardupilot_msgs/ardupilot_msgs/msg/rc.h
-- Up-to-date: /develop_ws/ardupilot/Tools/ros2/install/ardupilot_msgs/include/ardupilot_msgs/ardupilot_msgs/msg/detail
-- Installing: /develop_ws/ardupilot/Tools/ros2/install/ardupilot_msgs/include/ardupilot_msgs/ardupilot_msgs/msg/detail/airspeed__struct.h
-- Installing: /develop_ws/ardupilot/Tools/ros2/install/ardupilot_msgs/include/ardupilot_msgs/ardupilot_msgs/msg/detail/airspeed__functions.h
-- Installing: /develop_ws/ardupilot/Tools/ros2/install/ardupilot_msgs/include/ardupilot_msgs/ardupilot_msgs/msg/detail/propulsion__type_support.h
-- Installing: /develop_ws/ardupilot/Tools/ros2/install/ardupilot_msgs/include/ardupilot_msgs/ardupilot_msgs/msg/detail/pitot__functions.c
-- Installing: /develop_ws/ardupilot/Tools/ros2/install/ardupilot_msgs/include/ardupilot_msgs/ardupilot_msgs/msg/detail/rc__struct.h
-- Installing: /develop_ws/ardupilot/Tools/ros2/install/ardupilot_msgs/include/ardupilot_msgs/ardupilot_msgs/msg/detail/global_position__functions.c
-- Installing: /develop_ws/ardupilot/Tools/ros2/install/ardupilot_msgs/include/ardupilot_msgs/ardupilot_msgs/msg/detail/rc_out__functions.c
-- Installing: /develop_ws/ardupilot/Tools/ros2/install/ardupilot_msgs/include/ardupilot_msgs/ardupilot_msgs/msg/detail/propulsion__functions.h
-- Installing: /develop_ws/ardupilot/Tools/ros2/install/ardupilot_msgs/include/ardupilot_msgs/ardupilot_msgs/msg/detail/rc_out__type_support.h
-- Installing: /develop_ws/ardupilot/Tools/ros2/install/ardupilot_msgs/include/ardupilot_msgs/ardupilot_msgs/msg/detail/propulsion__struct.h
-- Installing: /develop_ws/ardupilot/Tools/ros2/install/ardupilot_msgs/include/ardupilot_msgs/ardupilot_msgs/msg/detail/rc__type_support.h
-- Installing: /develop_ws/ardupilot/Tools/ros2/install/ardupilot_msgs/include/ardupilot_msgs/ardupilot_msgs/msg/detail/rc__functions.h
-- Installing: /develop_ws/ardupilot/Tools/ros2/install/ardupilot_msgs/include/ardupilot_msgs/ardupilot_msgs/msg/detail/global_position__type_support.h
-- Installing: /develop_ws/ardupilot/Tools/ros2/install/ardupilot_msgs/include/ardupilot_msgs/ardupilot_msgs/msg/detail/status__struct.h
-- Installing: /develop_ws/ardupilot/Tools/ros2/install/ardupilot_msgs/include/ardupilot_msgs/ardupilot_msgs/msg/detail/rc_out__struct.h
-- Installing: /develop_ws/ardupilot/Tools/ros2/install/ardupilot_msgs/include/ardupilot_msgs/ardupilot_msgs/msg/detail/pitot__functions.h
-- Installing: /develop_ws/ardupilot/Tools/ros2/install/ardupilot_msgs/include/ardupilot_msgs/ardupilot_msgs/msg/detail/propulsion__functions.c
-- Installing: /develop_ws/ardupilot/Tools/ros2/install/ardupilot_msgs/include/ardupilot_msgs/ardupilot_msgs/msg/detail/airspeed__functions.c
-- Installing: /develop_ws/ardupilot/Tools/ros2/install/ardupilot_msgs/include/ardupilot_msgs/ardupilot_msgs/msg/detail/rc_in__functions.h
-- Installing: /develop_ws/ardupilot/Tools/ros2/install/ardupilot_msgs/include/ardupilot_msgs/ardupilot_msgs/msg/detail/pitot__type_support.h
-- Installing: /develop_ws/ardupilot/Tools/ros2/install/ardupilot_msgs/include/ardupilot_msgs/ardupilot_msgs/msg/detail/rc_in__type_support.h
-- Installing: /develop_ws/ardupilot/Tools/ros2/install/ardupilot_msgs/include/ardupilot_msgs/ardupilot_msgs/msg/detail/airspeed__type_support.h
-- Installing: /develop_ws/ardupilot/Tools/ros2/install/ardupilot_msgs/include/ardupilot_msgs/ardupilot_msgs/msg/detail/status__functions.h
-- Installing: /develop_ws/ardupilot/Tools/ros2/install/ardupilot_msgs/include/ardupilot_msgs/ardupilot_msgs/msg/detail/pitot__struct.h
-- Installing: /develop_ws/ardupilot/Tools/ros2/install/ardupilot_msgs/include/ardupilot_msgs/ardupilot_msgs/msg/detail/global_position__struct.h
-- Installing: /develop_ws/ardupilot/Tools/ros2/install/ardupilot_msgs/include/ardupilot_msgs/ardupilot_msgs/msg/detail/global_position__functions.h
-- Installing: /develop_ws/ardupilot/Tools/ros2/install/ardupilot_msgs/include/ardupilot_msgs/ardupilot_msgs/msg/detail/status__functions.c
-- Installing: /develop_ws/ardupilot/Tools/ros2/install/ardupilot_msgs/include/ardupilot_msgs/ardupilot_msgs/msg/detail/rc_out__functions.h
-- Installing: /develop_ws/ardupilot/Tools/ros2/install/ardupilot_msgs/include/ardupilot_msgs/ardupilot_msgs/msg/detail/status__type_support.h
-- Installing: /develop_ws/ardupilot/Tools/ros2/install/ardupilot_msgs/include/ardupilot_msgs/ardupilot_msgs/msg/detail/rc_in__functions.c
-- Installing: /develop_ws/ardupilot/Tools/ros2/install/ardupilot_msgs/include/ardupilot_msgs/ardupilot_msgs/msg/detail/rc__functions.c
-- Installing: /develop_ws/ardupilot/Tools/ros2/install/ardupilot_msgs/include/ardupilot_msgs/ardupilot_msgs/msg/detail/rc_in__struct.h
-- Installing: /develop_ws/ardupilot/Tools/ros2/install/ardupilot_msgs/include/ardupilot_msgs/ardupilot_msgs/msg/global_position.h
-- Installing: /develop_ws/ardupilot/Tools/ros2/install/ardupilot_msgs/include/ardupilot_msgs/ardupilot_msgs/msg/pitot.h
-- Installing: /develop_ws/ardupilot/Tools/ros2/install/ardupilot_msgs/include/ardupilot_msgs/ardupilot_msgs/msg/rc_out.h
-- Installing: /develop_ws/ardupilot/Tools/ros2/install/ardupilot_msgs/include/ardupilot_msgs/ardupilot_msgs/msg/rc_in.h
-- Installing: /develop_ws/ardupilot/Tools/ros2/install/ardupilot_msgs/include/ardupilot_msgs/ardupilot_msgs/msg/status.h
-- Installing: /develop_ws/ardupilot/Tools/ros2/install/ardupilot_msgs/include/ardupilot_msgs/ardupilot_msgs/msg/propulsion.h
-- Up-to-date: /develop_ws/ardupilot/Tools/ros2/install/ardupilot_msgs/include/ardupilot_msgs/ardupilot_msgs/msg/rosidl_generator_c__visibility_control.h
-- Installing: /develop_ws/ardupilot/Tools/ros2/install/ardupilot_msgs/include/ardupilot_msgs/ardupilot_msgs/msg/airspeed.h
-- Up-to-date: /develop_ws/ardupilot/Tools/ros2/install/ardupilot_msgs/share/ardupilot_msgs/environment/library_path.sh
-- Installing: /develop_ws/ardupilot/Tools/ros2/install/ardupilot_msgs/share/ardupilot_msgs/environment/library_path.dsv
-- Installing: /develop_ws/ardupilot/Tools/ros2/install/ardupilot_msgs/lib/libardupilot_msgs__rosidl_generator_c.so
-- Set runtime path of "/develop_ws/ardupilot/Tools/ros2/install/ardupilot_msgs/lib/libardupilot_msgs__rosidl_generator_c.so" to ""
-- Up-to-date: /develop_ws/ardupilot/Tools/ros2/install/ardupilot_msgs/include/ardupilot_msgs/ardupilot_msgs
-- Up-to-date: /develop_ws/ardupilot/Tools/ros2/install/ardupilot_msgs/include/ardupilot_msgs/ardupilot_msgs/srv
-- Up-to-date: /develop_ws/ardupilot/Tools/ros2/install/ardupilot_msgs/include/ardupilot_msgs/ardupilot_msgs/srv/detail
-- Installing: /develop_ws/ardupilot/Tools/ros2/install/ardupilot_msgs/include/ardupilot_msgs/ardupilot_msgs/srv/detail/takeoff__rosidl_typesupport_fastrtps_c.h
-- Installing: /develop_ws/ardupilot/Tools/ros2/install/ardupilot_msgs/include/ardupilot_msgs/ardupilot_msgs/srv/detail/arm_motors__rosidl_typesupport_fastrtps_c.h
-- Installing: /develop_ws/ardupilot/Tools/ros2/install/ardupilot_msgs/include/ardupilot_msgs/ardupilot_msgs/srv/detail/mode_switch__rosidl_typesupport_fastrtps_c.h
-- Up-to-date: /develop_ws/ardupilot/Tools/ros2/install/ardupilot_msgs/include/ardupilot_msgs/ardupilot_msgs/msg
-- Up-to-date: /develop_ws/ardupilot/Tools/ros2/install/ardupilot_msgs/include/ardupilot_msgs/ardupilot_msgs/msg/detail
-- Installing: /develop_ws/ardupilot/Tools/ros2/install/ardupilot_msgs/include/ardupilot_msgs/ardupilot_msgs/msg/detail/pitot__rosidl_typesupport_fastrtps_c.h
-- Installing: /develop_ws/ardupilot/Tools/ros2/install/ardupilot_msgs/include/ardupilot_msgs/ardupilot_msgs/msg/detail/rc_out__rosidl_typesupport_fastrtps_c.h
-- Installing: /develop_ws/ardupilot/Tools/ros2/install/ardupilot_msgs/include/ardupilot_msgs/ardupilot_msgs/msg/detail/propulsion__rosidl_typesupport_fastrtps_c.h
-- Installing: /develop_ws/ardupilot/Tools/ros2/install/ardupilot_msgs/include/ardupilot_msgs/ardupilot_msgs/msg/detail/airspeed__rosidl_typesupport_fastrtps_c.h
-- Installing: /develop_ws/ardupilot/Tools/ros2/install/ardupilot_msgs/include/ardupilot_msgs/ardupilot_msgs/msg/detail/rc_in__rosidl_typesupport_fastrtps_c.h
-- Installing: /develop_ws/ardupilot/Tools/ros2/install/ardupilot_msgs/include/ardupilot_msgs/ardupilot_msgs/msg/detail/global_position__rosidl_typesupport_fastrtps_c.h
-- Installing: /develop_ws/ardupilot/Tools/ros2/install/ardupilot_msgs/include/ardupilot_msgs/ardupilot_msgs/msg/detail/rc__rosidl_typesupport_fastrtps_c.h
-- Installing: /develop_ws/ardupilot/Tools/ros2/install/ardupilot_msgs/include/ardupilot_msgs/ardupilot_msgs/msg/detail/status__rosidl_typesupport_fastrtps_c.h
-- Up-to-date: /develop_ws/ardupilot/Tools/ros2/install/ardupilot_msgs/include/ardupilot_msgs/ardupilot_msgs/msg/rosidl_typesupport_fastrtps_c__visibility_control.h
-- Installing: /develop_ws/ardupilot/Tools/ros2/install/ardupilot_msgs/lib/libardupilot_msgs__rosidl_typesupport_fastrtps_c.so
-- Set runtime path of "/develop_ws/ardupilot/Tools/ros2/install/ardupilot_msgs/lib/libardupilot_msgs__rosidl_typesupport_fastrtps_c.so" to ""
-- Up-to-date: /develop_ws/ardupilot/Tools/ros2/install/ardupilot_msgs/include/ardupilot_msgs/ardupilot_msgs
-- Up-to-date: /develop_ws/ardupilot/Tools/ros2/install/ardupilot_msgs/include/ardupilot_msgs/ardupilot_msgs/srv
-- Up-to-date: /develop_ws/ardupilot/Tools/ros2/install/ardupilot_msgs/include/ardupilot_msgs/ardupilot_msgs/srv/detail
-- Installing: /develop_ws/ardupilot/Tools/ros2/install/ardupilot_msgs/include/ardupilot_msgs/ardupilot_msgs/srv/detail/mode_switch__struct.hpp
-- Installing: /develop_ws/ardupilot/Tools/ros2/install/ardupilot_msgs/include/ardupilot_msgs/ardupilot_msgs/srv/detail/takeoff__builder.hpp
-- Installing: /develop_ws/ardupilot/Tools/ros2/install/ardupilot_msgs/include/ardupilot_msgs/ardupilot_msgs/srv/detail/takeoff__type_support.hpp
-- Installing: /develop_ws/ardupilot/Tools/ros2/install/ardupilot_msgs/include/ardupilot_msgs/ardupilot_msgs/srv/detail/arm_motors__type_support.hpp
-- Installing: /develop_ws/ardupilot/Tools/ros2/install/ardupilot_msgs/include/ardupilot_msgs/ardupilot_msgs/srv/detail/arm_motors__struct.hpp
-- Installing: /develop_ws/ardupilot/Tools/ros2/install/ardupilot_msgs/include/ardupilot_msgs/ardupilot_msgs/srv/detail/mode_switch__type_support.hpp
-- Installing: /develop_ws/ardupilot/Tools/ros2/install/ardupilot_msgs/include/ardupilot_msgs/ardupilot_msgs/srv/detail/arm_motors__traits.hpp
-- Installing: /develop_ws/ardupilot/Tools/ros2/install/ardupilot_msgs/include/ardupilot_msgs/ardupilot_msgs/srv/detail/takeoff__traits.hpp
-- Installing: /develop_ws/ardupilot/Tools/ros2/install/ardupilot_msgs/include/ardupilot_msgs/ardupilot_msgs/srv/detail/mode_switch__builder.hpp
-- Installing: /develop_ws/ardupilot/Tools/ros2/install/ardupilot_msgs/include/ardupilot_msgs/ardupilot_msgs/srv/detail/takeoff__struct.hpp
-- Installing: /develop_ws/ardupilot/Tools/ros2/install/ardupilot_msgs/include/ardupilot_msgs/ardupilot_msgs/srv/detail/arm_motors__builder.hpp
-- Installing: /develop_ws/ardupilot/Tools/ros2/install/ardupilot_msgs/include/ardupilot_msgs/ardupilot_msgs/srv/detail/mode_switch__traits.hpp
-- Installing: /develop_ws/ardupilot/Tools/ros2/install/ardupilot_msgs/include/ardupilot_msgs/ardupilot_msgs/srv/takeoff.hpp
-- Installing: /develop_ws/ardupilot/Tools/ros2/install/ardupilot_msgs/include/ardupilot_msgs/ardupilot_msgs/srv/mode_switch.hpp
-- Installing: /develop_ws/ardupilot/Tools/ros2/install/ardupilot_msgs/include/ardupilot_msgs/ardupilot_msgs/srv/arm_motors.hpp
-- Up-to-date: /develop_ws/ardupilot/Tools/ros2/install/ardupilot_msgs/include/ardupilot_msgs/ardupilot_msgs/msg
-- Installing: /develop_ws/ardupilot/Tools/ros2/install/ardupilot_msgs/include/ardupilot_msgs/ardupilot_msgs/msg/rc.hpp
-- Up-to-date: /develop_ws/ardupilot/Tools/ros2/install/ardupilot_msgs/include/ardupilot_msgs/ardupilot_msgs/msg/detail
-- Installing: /develop_ws/ardupilot/Tools/ros2/install/ardupilot_msgs/include/ardupilot_msgs/ardupilot_msgs/msg/detail/global_position__builder.hpp
-- Installing: /develop_ws/ardupilot/Tools/ros2/install/ardupilot_msgs/include/ardupilot_msgs/ardupilot_msgs/msg/detail/airspeed__struct.hpp
-- Installing: /develop_ws/ardupilot/Tools/ros2/install/ardupilot_msgs/include/ardupilot_msgs/ardupilot_msgs/msg/detail/status__traits.hpp
-- Installing: /develop_ws/ardupilot/Tools/ros2/install/ardupilot_msgs/include/ardupilot_msgs/ardupilot_msgs/msg/detail/global_position__struct.hpp
-- Installing: /develop_ws/ardupilot/Tools/ros2/install/ardupilot_msgs/include/ardupilot_msgs/ardupilot_msgs/msg/detail/rc_out__type_support.hpp
-- Installing: /develop_ws/ardupilot/Tools/ros2/install/ardupilot_msgs/include/ardupilot_msgs/ardupilot_msgs/msg/detail/rc__struct.hpp
-- Installing: /develop_ws/ardupilot/Tools/ros2/install/ardupilot_msgs/include/ardupilot_msgs/ardupilot_msgs/msg/detail/global_position__traits.hpp
-- Installing: /develop_ws/ardupilot/Tools/ros2/install/ardupilot_msgs/include/ardupilot_msgs/ardupilot_msgs/msg/detail/status__builder.hpp
-- Installing: /develop_ws/ardupilot/Tools/ros2/install/ardupilot_msgs/include/ardupilot_msgs/ardupilot_msgs/msg/detail/rc_in__builder.hpp
-- Installing: /develop_ws/ardupilot/Tools/ros2/install/ardupilot_msgs/include/ardupilot_msgs/ardupilot_msgs/msg/detail/status__type_support.hpp
-- Installing: /develop_ws/ardupilot/Tools/ros2/install/ardupilot_msgs/include/ardupilot_msgs/ardupilot_msgs/msg/detail/propulsion__type_support.hpp
-- Installing: /develop_ws/ardupilot/Tools/ros2/install/ardupilot_msgs/include/ardupilot_msgs/ardupilot_msgs/msg/detail/airspeed__type_support.hpp
-- Installing: /develop_ws/ardupilot/Tools/ros2/install/ardupilot_msgs/include/ardupilot_msgs/ardupilot_msgs/msg/detail/rc_in__traits.hpp
-- Installing: /develop_ws/ardupilot/Tools/ros2/install/ardupilot_msgs/include/ardupilot_msgs/ardupilot_msgs/msg/detail/global_position__type_support.hpp
-- Installing: /develop_ws/ardupilot/Tools/ros2/install/ardupilot_msgs/include/ardupilot_msgs/ardupilot_msgs/msg/detail/pitot__builder.hpp
-- Installing: /develop_ws/ardupilot/Tools/ros2/install/ardupilot_msgs/include/ardupilot_msgs/ardupilot_msgs/msg/detail/airspeed__builder.hpp
-- Installing: /develop_ws/ardupilot/Tools/ros2/install/ardupilot_msgs/include/ardupilot_msgs/ardupilot_msgs/msg/detail/rc__builder.hpp
-- Installing: /develop_ws/ardupilot/Tools/ros2/install/ardupilot_msgs/include/ardupilot_msgs/ardupilot_msgs/msg/detail/rc_out__struct.hpp
-- Installing: /develop_ws/ardupilot/Tools/ros2/install/ardupilot_msgs/include/ardupilot_msgs/ardupilot_msgs/msg/detail/rc__traits.hpp
-- Installing: /develop_ws/ardupilot/Tools/ros2/install/ardupilot_msgs/include/ardupilot_msgs/ardupilot_msgs/msg/detail/rc__type_support.hpp
-- Installing: /develop_ws/ardupilot/Tools/ros2/install/ardupilot_msgs/include/ardupilot_msgs/ardupilot_msgs/msg/detail/rc_out__traits.hpp
-- Installing: /develop_ws/ardupilot/Tools/ros2/install/ardupilot_msgs/include/ardupilot_msgs/ardupilot_msgs/msg/detail/propulsion__traits.hpp
-- Installing: /develop_ws/ardupilot/Tools/ros2/install/ardupilot_msgs/include/ardupilot_msgs/ardupilot_msgs/msg/detail/airspeed__traits.hpp
-- Installing: /develop_ws/ardupilot/Tools/ros2/install/ardupilot_msgs/include/ardupilot_msgs/ardupilot_msgs/msg/detail/rc_out__builder.hpp
-- Installing: /develop_ws/ardupilot/Tools/ros2/install/ardupilot_msgs/include/ardupilot_msgs/ardupilot_msgs/msg/detail/propulsion__struct.hpp
-- Installing: /develop_ws/ardupilot/Tools/ros2/install/ardupilot_msgs/include/ardupilot_msgs/ardupilot_msgs/msg/detail/pitot__type_support.hpp
-- Installing: /develop_ws/ardupilot/Tools/ros2/install/ardupilot_msgs/include/ardupilot_msgs/ardupilot_msgs/msg/detail/propulsion__builder.hpp
-- Installing: /develop_ws/ardupilot/Tools/ros2/install/ardupilot_msgs/include/ardupilot_msgs/ardupilot_msgs/msg/detail/pitot__struct.hpp
-- Installing: /develop_ws/ardupilot/Tools/ros2/install/ardupilot_msgs/include/ardupilot_msgs/ardupilot_msgs/msg/detail/rc_in__struct.hpp
-- Installing: /develop_ws/ardupilot/Tools/ros2/install/ardupilot_msgs/include/ardupilot_msgs/ardupilot_msgs/msg/detail/pitot__traits.hpp
-- Installing: /develop_ws/ardupilot/Tools/ros2/install/ardupilot_msgs/include/ardupilot_msgs/ardupilot_msgs/msg/detail/status__struct.hpp
-- Installing: /develop_ws/ardupilot/Tools/ros2/install/ardupilot_msgs/include/ardupilot_msgs/ardupilot_msgs/msg/detail/rc_in__type_support.hpp
-- Installing: /develop_ws/ardupilot/Tools/ros2/install/ardupilot_msgs/include/ardupilot_msgs/ardupilot_msgs/msg/rc_in.hpp
-- Installing: /develop_ws/ardupilot/Tools/ros2/install/ardupilot_msgs/include/ardupilot_msgs/ardupilot_msgs/msg/propulsion.hpp
-- Up-to-date: /develop_ws/ardupilot/Tools/ros2/install/ardupilot_msgs/include/ardupilot_msgs/ardupilot_msgs/msg/rosidl_generator_cpp__visibility_control.hpp
-- Installing: /develop_ws/ardupilot/Tools/ros2/install/ardupilot_msgs/include/ardupilot_msgs/ardupilot_msgs/msg/airspeed.hpp
-- Installing: /develop_ws/ardupilot/Tools/ros2/install/ardupilot_msgs/include/ardupilot_msgs/ardupilot_msgs/msg/rc_out.hpp
-- Installing: /develop_ws/ardupilot/Tools/ros2/install/ardupilot_msgs/include/ardupilot_msgs/ardupilot_msgs/msg/global_position.hpp
-- Installing: /develop_ws/ardupilot/Tools/ros2/install/ardupilot_msgs/include/ardupilot_msgs/ardupilot_msgs/msg/pitot.hpp
-- Installing: /develop_ws/ardupilot/Tools/ros2/install/ardupilot_msgs/include/ardupilot_msgs/ardupilot_msgs/msg/status.hpp
-- Up-to-date: /develop_ws/ardupilot/Tools/ros2/install/ardupilot_msgs/include/ardupilot_msgs/ardupilot_msgs
-- Up-to-date: /develop_ws/ardupilot/Tools/ros2/install/ardupilot_msgs/include/ardupilot_msgs/ardupilot_msgs/srv
-- Up-to-date: /develop_ws/ardupilot/Tools/ros2/install/ardupilot_msgs/include/ardupilot_msgs/ardupilot_msgs/srv/detail
-- Installing: /develop_ws/ardupilot/Tools/ros2/install/ardupilot_msgs/include/ardupilot_msgs/ardupilot_msgs/srv/detail/takeoff__rosidl_typesupport_fastrtps_cpp.hpp
-- Installing: /develop_ws/ardupilot/Tools/ros2/install/ardupilot_msgs/include/ardupilot_msgs/ardupilot_msgs/srv/detail/arm_motors__rosidl_typesupport_fastrtps_cpp.hpp
-- Up-to-date: /develop_ws/ardupilot/Tools/ros2/install/ardupilot_msgs/include/ardupilot_msgs/ardupilot_msgs/srv/detail/dds_fastrtps
-- Installing: /develop_ws/ardupilot/Tools/ros2/install/ardupilot_msgs/include/ardupilot_msgs/ardupilot_msgs/srv/detail/mode_switch__rosidl_typesupport_fastrtps_cpp.hpp
-- Up-to-date: /develop_ws/ardupilot/Tools/ros2/install/ardupilot_msgs/include/ardupilot_msgs/ardupilot_msgs/msg
-- Up-to-date: /develop_ws/ardupilot/Tools/ros2/install/ardupilot_msgs/include/ardupilot_msgs/ardupilot_msgs/msg/detail
-- Installing: /develop_ws/ardupilot/Tools/ros2/install/ardupilot_msgs/include/ardupilot_msgs/ardupilot_msgs/msg/detail/global_position__rosidl_typesupport_fastrtps_cpp.hpp
-- Installing: /develop_ws/ardupilot/Tools/ros2/install/ardupilot_msgs/include/ardupilot_msgs/ardupilot_msgs/msg/detail/rc_out__rosidl_typesupport_fastrtps_cpp.hpp
-- Installing: /develop_ws/ardupilot/Tools/ros2/install/ardupilot_msgs/include/ardupilot_msgs/ardupilot_msgs/msg/detail/pitot__rosidl_typesupport_fastrtps_cpp.hpp
-- Installing: /develop_ws/ardupilot/Tools/ros2/install/ardupilot_msgs/include/ardupilot_msgs/ardupilot_msgs/msg/detail/rc__rosidl_typesupport_fastrtps_cpp.hpp
-- Installing: /develop_ws/ardupilot/Tools/ros2/install/ardupilot_msgs/include/ardupilot_msgs/ardupilot_msgs/msg/detail/rc_in__rosidl_typesupport_fastrtps_cpp.hpp
-- Installing: /develop_ws/ardupilot/Tools/ros2/install/ardupilot_msgs/include/ardupilot_msgs/ardupilot_msgs/msg/detail/airspeed__rosidl_typesupport_fastrtps_cpp.hpp
-- Up-to-date: /develop_ws/ardupilot/Tools/ros2/install/ardupilot_msgs/include/ardupilot_msgs/ardupilot_msgs/msg/detail/dds_fastrtps
-- Installing: /develop_ws/ardupilot/Tools/ros2/install/ardupilot_msgs/include/ardupilot_msgs/ardupilot_msgs/msg/detail/status__rosidl_typesupport_fastrtps_cpp.hpp
-- Installing: /develop_ws/ardupilot/Tools/ros2/install/ardupilot_msgs/include/ardupilot_msgs/ardupilot_msgs/msg/detail/propulsion__rosidl_typesupport_fastrtps_cpp.hpp
-- Up-to-date: /develop_ws/ardupilot/Tools/ros2/install/ardupilot_msgs/include/ardupilot_msgs/ardupilot_msgs/msg/rosidl_typesupport_fastrtps_cpp__visibility_control.h
-- Installing: /develop_ws/ardupilot/Tools/ros2/install/ardupilot_msgs/lib/libardupilot_msgs__rosidl_typesupport_fastrtps_cpp.so
-- Set runtime path of "/develop_ws/ardupilot/Tools/ros2/install/ardupilot_msgs/lib/libardupilot_msgs__rosidl_typesupport_fastrtps_cpp.so" to ""
-- Up-to-date: /develop_ws/ardupilot/Tools/ros2/install/ardupilot_msgs/include/ardupilot_msgs/ardupilot_msgs
-- Up-to-date: /develop_ws/ardupilot/Tools/ros2/install/ardupilot_msgs/include/ardupilot_msgs/ardupilot_msgs/srv
-- Up-to-date: /develop_ws/ardupilot/Tools/ros2/install/ardupilot_msgs/include/ardupilot_msgs/ardupilot_msgs/srv/detail
-- Installing: /develop_ws/ardupilot/Tools/ros2/install/ardupilot_msgs/include/ardupilot_msgs/ardupilot_msgs/srv/detail/arm_motors__rosidl_typesupport_introspection_c.h
-- Installing: /develop_ws/ardupilot/Tools/ros2/install/ardupilot_msgs/include/ardupilot_msgs/ardupilot_msgs/srv/detail/arm_motors__type_support.c
-- Installing: /develop_ws/ardupilot/Tools/ros2/install/ardupilot_msgs/include/ardupilot_msgs/ardupilot_msgs/srv/detail/mode_switch__type_support.c
-- Installing: /develop_ws/ardupilot/Tools/ros2/install/ardupilot_msgs/include/ardupilot_msgs/ardupilot_msgs/srv/detail/takeoff__type_support.c
-- Installing: /develop_ws/ardupilot/Tools/ros2/install/ardupilot_msgs/include/ardupilot_msgs/ardupilot_msgs/srv/detail/takeoff__rosidl_typesupport_introspection_c.h
-- Installing: /develop_ws/ardupilot/Tools/ros2/install/ardupilot_msgs/include/ardupilot_msgs/ardupilot_msgs/srv/detail/mode_switch__rosidl_typesupport_introspection_c.h
-- Up-to-date: /develop_ws/ardupilot/Tools/ros2/install/ardupilot_msgs/include/ardupilot_msgs/ardupilot_msgs/msg
-- Up-to-date: /develop_ws/ardupilot/Tools/ros2/install/ardupilot_msgs/include/ardupilot_msgs/ardupilot_msgs/msg/detail
-- Installing: /develop_ws/ardupilot/Tools/ros2/install/ardupilot_msgs/include/ardupilot_msgs/ardupilot_msgs/msg/detail/airspeed__rosidl_typesupport_introspection_c.h
-- Installing: /develop_ws/ardupilot/Tools/ros2/install/ardupilot_msgs/include/ardupilot_msgs/ardupilot_msgs/msg/detail/rc__type_support.c
-- Installing: /develop_ws/ardupilot/Tools/ros2/install/ardupilot_msgs/include/ardupilot_msgs/ardupilot_msgs/msg/detail/airspeed__type_support.c
-- Installing: /develop_ws/ardupilot/Tools/ros2/install/ardupilot_msgs/include/ardupilot_msgs/ardupilot_msgs/msg/detail/pitot__type_support.c
-- Installing: /develop_ws/ardupilot/Tools/ros2/install/ardupilot_msgs/include/ardupilot_msgs/ardupilot_msgs/msg/detail/global_position__rosidl_typesupport_introspection_c.h
-- Installing: /develop_ws/ardupilot/Tools/ros2/install/ardupilot_msgs/include/ardupilot_msgs/ardupilot_msgs/msg/detail/rc_in__type_support.c
-- Installing: /develop_ws/ardupilot/Tools/ros2/install/ardupilot_msgs/include/ardupilot_msgs/ardupilot_msgs/msg/detail/status__type_support.c
-- Installing: /develop_ws/ardupilot/Tools/ros2/install/ardupilot_msgs/include/ardupilot_msgs/ardupilot_msgs/msg/detail/propulsion__rosidl_typesupport_introspection_c.h
-- Installing: /develop_ws/ardupilot/Tools/ros2/install/ardupilot_msgs/include/ardupilot_msgs/ardupilot_msgs/msg/detail/status__rosidl_typesupport_introspection_c.h
-- Installing: /develop_ws/ardupilot/Tools/ros2/install/ardupilot_msgs/include/ardupilot_msgs/ardupilot_msgs/msg/detail/rc__rosidl_typesupport_introspection_c.h
-- Installing: /develop_ws/ardupilot/Tools/ros2/install/ardupilot_msgs/include/ardupilot_msgs/ardupilot_msgs/msg/detail/rc_in__rosidl_typesupport_introspection_c.h
-- Installing: /develop_ws/ardupilot/Tools/ros2/install/ardupilot_msgs/include/ardupilot_msgs/ardupilot_msgs/msg/detail/rc_out__rosidl_typesupport_introspection_c.h
-- Installing: /develop_ws/ardupilot/Tools/ros2/install/ardupilot_msgs/include/ardupilot_msgs/ardupilot_msgs/msg/detail/pitot__rosidl_typesupport_introspection_c.h
-- Installing: /develop_ws/ardupilot/Tools/ros2/install/ardupilot_msgs/include/ardupilot_msgs/ardupilot_msgs/msg/detail/global_position__type_support.c
-- Installing: /develop_ws/ardupilot/Tools/ros2/install/ardupilot_msgs/include/ardupilot_msgs/ardupilot_msgs/msg/detail/propulsion__type_support.c
-- Installing: /develop_ws/ardupilot/Tools/ros2/install/ardupilot_msgs/include/ardupilot_msgs/ardupilot_msgs/msg/detail/rc_out__type_support.c
-- Up-to-date: /develop_ws/ardupilot/Tools/ros2/install/ardupilot_msgs/include/ardupilot_msgs/ardupilot_msgs/msg/rosidl_typesupport_introspection_c__visibility_control.h
-- Installing: /develop_ws/ardupilot/Tools/ros2/install/ardupilot_msgs/lib/libardupilot_msgs__rosidl_typesupport_introspection_c.so
-- Set runtime path of "/develop_ws/ardupilot/Tools/ros2/install/ardupilot_msgs/lib/libardupilot_msgs__rosidl_typesupport_introspection_c.so" to ""
-- Installing: /develop_ws/ardupilot/Tools/ros2/install/ardupilot_msgs/lib/libardupilot_msgs__rosidl_typesupport_c.so
-- Set runtime path of "/develop_ws/ardupilot/Tools/ros2/install/ardupilot_msgs/lib/libardupilot_msgs__rosidl_typesupport_c.so" to ""
-- Up-to-date: /develop_ws/ardupilot/Tools/ros2/install/ardupilot_msgs/include/ardupilot_msgs/ardupilot_msgs
-- Up-to-date: /develop_ws/ardupilot/Tools/ros2/install/ardupilot_msgs/include/ardupilot_msgs/ardupilot_msgs/srv
-- Up-to-date: /develop_ws/ardupilot/Tools/ros2/install/ardupilot_msgs/include/ardupilot_msgs/ardupilot_msgs/srv/detail
-- Installing: /develop_ws/ardupilot/Tools/ros2/install/ardupilot_msgs/include/ardupilot_msgs/ardupilot_msgs/srv/detail/mode_switch__type_support.cpp
-- Installing: /develop_ws/ardupilot/Tools/ros2/install/ardupilot_msgs/include/ardupilot_msgs/ardupilot_msgs/srv/detail/arm_motors__rosidl_typesupport_introspection_cpp.hpp
-- Installing: /develop_ws/ardupilot/Tools/ros2/install/ardupilot_msgs/include/ardupilot_msgs/ardupilot_msgs/srv/detail/takeoff__type_support.cpp
-- Installing: /develop_ws/ardupilot/Tools/ros2/install/ardupilot_msgs/include/ardupilot_msgs/ardupilot_msgs/srv/detail/arm_motors__type_support.cpp
-- Installing: /develop_ws/ardupilot/Tools/ros2/install/ardupilot_msgs/include/ardupilot_msgs/ardupilot_msgs/srv/detail/mode_switch__rosidl_typesupport_introspection_cpp.hpp
-- Installing: /develop_ws/ardupilot/Tools/ros2/install/ardupilot_msgs/include/ardupilot_msgs/ardupilot_msgs/srv/detail/takeoff__rosidl_typesupport_introspection_cpp.hpp
-- Up-to-date: /develop_ws/ardupilot/Tools/ros2/install/ardupilot_msgs/include/ardupilot_msgs/ardupilot_msgs/msg
-- Up-to-date: /develop_ws/ardupilot/Tools/ros2/install/ardupilot_msgs/include/ardupilot_msgs/ardupilot_msgs/msg/detail
-- Installing: /develop_ws/ardupilot/Tools/ros2/install/ardupilot_msgs/include/ardupilot_msgs/ardupilot_msgs/msg/detail/pitot__rosidl_typesupport_introspection_cpp.hpp
-- Installing: /develop_ws/ardupilot/Tools/ros2/install/ardupilot_msgs/include/ardupilot_msgs/ardupilot_msgs/msg/detail/rc_out__rosidl_typesupport_introspection_cpp.hpp
-- Installing: /develop_ws/ardupilot/Tools/ros2/install/ardupilot_msgs/include/ardupilot_msgs/ardupilot_msgs/msg/detail/airspeed__type_support.cpp
-- Installing: /develop_ws/ardupilot/Tools/ros2/install/ardupilot_msgs/include/ardupilot_msgs/ardupilot_msgs/msg/detail/rc_out__type_support.cpp
-- Installing: /develop_ws/ardupilot/Tools/ros2/install/ardupilot_msgs/include/ardupilot_msgs/ardupilot_msgs/msg/detail/rc__type_support.cpp
-- Installing: /develop_ws/ardupilot/Tools/ros2/install/ardupilot_msgs/include/ardupilot_msgs/ardupilot_msgs/msg/detail/status__rosidl_typesupport_introspection_cpp.hpp
-- Installing: /develop_ws/ardupilot/Tools/ros2/install/ardupilot_msgs/include/ardupilot_msgs/ardupilot_msgs/msg/detail/pitot__type_support.cpp
-- Installing: /develop_ws/ardupilot/Tools/ros2/install/ardupilot_msgs/include/ardupilot_msgs/ardupilot_msgs/msg/detail/status__type_support.cpp
-- Installing: /develop_ws/ardupilot/Tools/ros2/install/ardupilot_msgs/include/ardupilot_msgs/ardupilot_msgs/msg/detail/propulsion__rosidl_typesupport_introspection_cpp.hpp
-- Installing: /develop_ws/ardupilot/Tools/ros2/install/ardupilot_msgs/include/ardupilot_msgs/ardupilot_msgs/msg/detail/rc__rosidl_typesupport_introspection_cpp.hpp
-- Installing: /develop_ws/ardupilot/Tools/ros2/install/ardupilot_msgs/include/ardupilot_msgs/ardupilot_msgs/msg/detail/propulsion__type_support.cpp
-- Installing: /develop_ws/ardupilot/Tools/ros2/install/ardupilot_msgs/include/ardupilot_msgs/ardupilot_msgs/msg/detail/global_position__rosidl_typesupport_introspection_cpp.hpp
-- Installing: /develop_ws/ardupilot/Tools/ros2/install/ardupilot_msgs/include/ardupilot_msgs/ardupilot_msgs/msg/detail/rc_in__rosidl_typesupport_introspection_cpp.hpp
-- Installing: /develop_ws/ardupilot/Tools/ros2/install/ardupilot_msgs/include/ardupilot_msgs/ardupilot_msgs/msg/detail/airspeed__rosidl_typesupport_introspection_cpp.hpp
-- Installing: /develop_ws/ardupilot/Tools/ros2/install/ardupilot_msgs/include/ardupilot_msgs/ardupilot_msgs/msg/detail/rc_in__type_support.cpp
-- Installing: /develop_ws/ardupilot/Tools/ros2/install/ardupilot_msgs/include/ardupilot_msgs/ardupilot_msgs/msg/detail/global_position__type_support.cpp
-- Installing: /develop_ws/ardupilot/Tools/ros2/install/ardupilot_msgs/lib/libardupilot_msgs__rosidl_typesupport_introspection_cpp.so
-- Set runtime path of "/develop_ws/ardupilot/Tools/ros2/install/ardupilot_msgs/lib/libardupilot_msgs__rosidl_typesupport_introspection_cpp.so" to ""
-- Installing: /develop_ws/ardupilot/Tools/ros2/install/ardupilot_msgs/lib/libardupilot_msgs__rosidl_typesupport_cpp.so
-- Set runtime path of "/develop_ws/ardupilot/Tools/ros2/install/ardupilot_msgs/lib/libardupilot_msgs__rosidl_typesupport_cpp.so" to ""
-- Up-to-date: /develop_ws/ardupilot/Tools/ros2/install/ardupilot_msgs/share/ardupilot_msgs/environment/pythonpath.sh
-- Installing: /develop_ws/ardupilot/Tools/ros2/install/ardupilot_msgs/share/ardupilot_msgs/environment/pythonpath.dsv
-- Up-to-date: /develop_ws/ardupilot/Tools/ros2/install/ardupilot_msgs/local/lib/python3.10/dist-packages/ardupilot_msgs-0.0.0-py3.10.egg-info
-- Installing: /develop_ws/ardupilot/Tools/ros2/install/ardupilot_msgs/local/lib/python3.10/dist-packages/ardupilot_msgs-0.0.0-py3.10.egg-info/PKG-INFO
-- Installing: /develop_ws/ardupilot/Tools/ros2/install/ardupilot_msgs/local/lib/python3.10/dist-packages/ardupilot_msgs-0.0.0-py3.10.egg-info/SOURCES.txt
-- Installing: /develop_ws/ardupilot/Tools/ros2/install/ardupilot_msgs/local/lib/python3.10/dist-packages/ardupilot_msgs-0.0.0-py3.10.egg-info/dependency_links.txt
-- Installing: /develop_ws/ardupilot/Tools/ros2/install/ardupilot_msgs/local/lib/python3.10/dist-packages/ardupilot_msgs-0.0.0-py3.10.egg-info/top_level.txt
-- Up-to-date: /develop_ws/ardupilot/Tools/ros2/install/ardupilot_msgs/local/lib/python3.10/dist-packages/ardupilot_msgs
-- Up-to-date: /develop_ws/ardupilot/Tools/ros2/install/ardupilot_msgs/local/lib/python3.10/dist-packages/ardupilot_msgs/srv
-- Installing: /develop_ws/ardupilot/Tools/ros2/install/ardupilot_msgs/local/lib/python3.10/dist-packages/ardupilot_msgs/srv/_mode_switch.py
-- Installing: /develop_ws/ardupilot/Tools/ros2/install/ardupilot_msgs/local/lib/python3.10/dist-packages/ardupilot_msgs/srv/_arm_motors.py
-- Installing: /develop_ws/ardupilot/Tools/ros2/install/ardupilot_msgs/local/lib/python3.10/dist-packages/ardupilot_msgs/srv/_takeoff_s.c
-- Installing: /develop_ws/ardupilot/Tools/ros2/install/ardupilot_msgs/local/lib/python3.10/dist-packages/ardupilot_msgs/srv/_arm_motors_s.c
-- Installing: /develop_ws/ardupilot/Tools/ros2/install/ardupilot_msgs/local/lib/python3.10/dist-packages/ardupilot_msgs/srv/_mode_switch_s.c
-- Installing: /develop_ws/ardupilot/Tools/ros2/install/ardupilot_msgs/local/lib/python3.10/dist-packages/ardupilot_msgs/srv/__init__.py
-- Installing: /develop_ws/ardupilot/Tools/ros2/install/ardupilot_msgs/local/lib/python3.10/dist-packages/ardupilot_msgs/srv/_takeoff.py
-- Up-to-date: /develop_ws/ardupilot/Tools/ros2/install/ardupilot_msgs/local/lib/python3.10/dist-packages/ardupilot_msgs/msg
-- Installing: /develop_ws/ardupilot/Tools/ros2/install/ardupilot_msgs/local/lib/python3.10/dist-packages/ardupilot_msgs/msg/_global_position.py
-- Installing: /develop_ws/ardupilot/Tools/ros2/install/ardupilot_msgs/local/lib/python3.10/dist-packages/ardupilot_msgs/msg/_airspeed.py
-- Installing: /develop_ws/ardupilot/Tools/ros2/install/ardupilot_msgs/local/lib/python3.10/dist-packages/ardupilot_msgs/msg/_rc_out.py
-- Installing: /develop_ws/ardupilot/Tools/ros2/install/ardupilot_msgs/local/lib/python3.10/dist-packages/ardupilot_msgs/msg/_global_position_s.c
-- Installing: /develop_ws/ardupilot/Tools/ros2/install/ardupilot_msgs/local/lib/python3.10/dist-packages/ardupilot_msgs/msg/_propulsion_s.c
-- Installing: /develop_ws/ardupilot/Tools/ros2/install/ardupilot_msgs/local/lib/python3.10/dist-packages/ardupilot_msgs/msg/_airspeed_s.c
-- Installing: /develop_ws/ardupilot/Tools/ros2/install/ardupilot_msgs/local/lib/python3.10/dist-packages/ardupilot_msgs/msg/_status_s.c
-- Installing: /develop_ws/ardupilot/Tools/ros2/install/ardupilot_msgs/local/lib/python3.10/dist-packages/ardupilot_msgs/msg/_rc.py
-- Installing: /develop_ws/ardupilot/Tools/ros2/install/ardupilot_msgs/local/lib/python3.10/dist-packages/ardupilot_msgs/msg/_propulsion.py
-- Installing: /develop_ws/ardupilot/Tools/ros2/install/ardupilot_msgs/local/lib/python3.10/dist-packages/ardupilot_msgs/msg/_rc_in.py
-- Installing: /develop_ws/ardupilot/Tools/ros2/install/ardupilot_msgs/local/lib/python3.10/dist-packages/ardupilot_msgs/msg/_rc_out_s.c
-- Installing: /develop_ws/ardupilot/Tools/ros2/install/ardupilot_msgs/local/lib/python3.10/dist-packages/ardupilot_msgs/msg/_status.py
-- Installing: /develop_ws/ardupilot/Tools/ros2/install/ardupilot_msgs/local/lib/python3.10/dist-packages/ardupilot_msgs/msg/_rc_s.c
-- Installing: /develop_ws/ardupilot/Tools/ros2/install/ardupilot_msgs/local/lib/python3.10/dist-packages/ardupilot_msgs/msg/_pitot.py
-- Installing: /develop_ws/ardupilot/Tools/ros2/install/ardupilot_msgs/local/lib/python3.10/dist-packages/ardupilot_msgs/msg/_rc_in_s.c
-- Installing: /develop_ws/ardupilot/Tools/ros2/install/ardupilot_msgs/local/lib/python3.10/dist-packages/ardupilot_msgs/msg/__init__.py
-- Installing: /develop_ws/ardupilot/Tools/ros2/install/ardupilot_msgs/local/lib/python3.10/dist-packages/ardupilot_msgs/msg/_pitot_s.c
-- Installing: /develop_ws/ardupilot/Tools/ros2/install/ardupilot_msgs/local/lib/python3.10/dist-packages/ardupilot_msgs/_ardupilot_msgs_s.ep.rosidl_typesupport_introspection_c.c
-- Installing: /develop_ws/ardupilot/Tools/ros2/install/ardupilot_msgs/local/lib/python3.10/dist-packages/ardupilot_msgs/_ardupilot_msgs_s.ep.rosidl_typesupport_fastrtps_c.c
-- Installing: /develop_ws/ardupilot/Tools/ros2/install/ardupilot_msgs/local/lib/python3.10/dist-packages/ardupilot_msgs/ardupilot_msgs_s__rosidl_typesupport_c.cpython-310-x86_64-linux-gnu.so
-- Installing: /develop_ws/ardupilot/Tools/ros2/install/ardupilot_msgs/local/lib/python3.10/dist-packages/ardupilot_msgs/ardupilot_msgs_s__rosidl_typesupport_introspection_c.cpython-310-x86_64-linux-gnu.so
-- Installing: /develop_ws/ardupilot/Tools/ros2/install/ardupilot_msgs/local/lib/python3.10/dist-packages/ardupilot_msgs/ardupilot_msgs_s__rosidl_typesupport_fastrtps_c.cpython-310-x86_64-linux-gnu.so
-- Installing: /develop_ws/ardupilot/Tools/ros2/install/ardupilot_msgs/local/lib/python3.10/dist-packages/ardupilot_msgs/__init__.py
-- Installing: /develop_ws/ardupilot/Tools/ros2/install/ardupilot_msgs/local/lib/python3.10/dist-packages/ardupilot_msgs/libardupilot_msgs__rosidl_generator_py.so
-- Installing: /develop_ws/ardupilot/Tools/ros2/install/ardupilot_msgs/local/lib/python3.10/dist-packages/ardupilot_msgs/_ardupilot_msgs_s.ep.rosidl_typesupport_c.c
Listing '/develop_ws/ardupilot/Tools/ros2/install/ardupilot_msgs/local/lib/python3.10/dist-packages/ardupilot_msgs'...
Compiling '/develop_ws/ardupilot/Tools/ros2/install/ardupilot_msgs/local/lib/python3.10/dist-packages/ardupilot_msgs/__init__.py'...
Listing '/develop_ws/ardupilot/Tools/ros2/install/ardupilot_msgs/local/lib/python3.10/dist-packages/ardupilot_msgs/msg'...
Compiling '/develop_ws/ardupilot/Tools/ros2/install/ardupilot_msgs/local/lib/python3.10/dist-packages/ardupilot_msgs/msg/__init__.py'...
Compiling '/develop_ws/ardupilot/Tools/ros2/install/ardupilot_msgs/local/lib/python3.10/dist-packages/ardupilot_msgs/msg/_airspeed.py'...
Compiling '/develop_ws/ardupilot/Tools/ros2/install/ardupilot_msgs/local/lib/python3.10/dist-packages/ardupilot_msgs/msg/_global_position.py'...
Compiling '/develop_ws/ardupilot/Tools/ros2/install/ardupilot_msgs/local/lib/python3.10/dist-packages/ardupilot_msgs/msg/_pitot.py'...
Compiling '/develop_ws/ardupilot/Tools/ros2/install/ardupilot_msgs/local/lib/python3.10/dist-packages/ardupilot_msgs/msg/_propulsion.py'...
Compiling '/develop_ws/ardupilot/Tools/ros2/install/ardupilot_msgs/local/lib/python3.10/dist-packages/ardupilot_msgs/msg/_rc.py'...
Compiling '/develop_ws/ardupilot/Tools/ros2/install/ardupilot_msgs/local/lib/python3.10/dist-packages/ardupilot_msgs/msg/_rc_in.py'...
Compiling '/develop_ws/ardupilot/Tools/ros2/install/ardupilot_msgs/local/lib/python3.10/dist-packages/ardupilot_msgs/msg/_rc_out.py'...
Compiling '/develop_ws/ardupilot/Tools/ros2/install/ardupilot_msgs/local/lib/python3.10/dist-packages/ardupilot_msgs/msg/_status.py'...
Listing '/develop_ws/ardupilot/Tools/ros2/install/ardupilot_msgs/local/lib/python3.10/dist-packages/ardupilot_msgs/srv'...
Compiling '/develop_ws/ardupilot/Tools/ros2/install/ardupilot_msgs/local/lib/python3.10/dist-packages/ardupilot_msgs/srv/__init__.py'...
Compiling '/develop_ws/ardupilot/Tools/ros2/install/ardupilot_msgs/local/lib/python3.10/dist-packages/ardupilot_msgs/srv/_arm_motors.py'...
Compiling '/develop_ws/ardupilot/Tools/ros2/install/ardupilot_msgs/local/lib/python3.10/dist-packages/ardupilot_msgs/srv/_mode_switch.py'...
Compiling '/develop_ws/ardupilot/Tools/ros2/install/ardupilot_msgs/local/lib/python3.10/dist-packages/ardupilot_msgs/srv/_takeoff.py'...
-- Installing: /develop_ws/ardupilot/Tools/ros2/install/ardupilot_msgs/local/lib/python3.10/dist-packages/ardupilot_msgs/ardupilot_msgs_s__rosidl_typesupport_fastrtps_c.cpython-310-x86_64-linux-gnu.so
-- Set runtime path of "/develop_ws/ardupilot/Tools/ros2/install/ardupilot_msgs/local/lib/python3.10/dist-packages/ardupilot_msgs/ardupilot_msgs_s__rosidl_typesupport_fastrtps_c.cpython-310-x86_64-linux-gnu.so" to ""
-- Installing: /develop_ws/ardupilot/Tools/ros2/install/ardupilot_msgs/local/lib/python3.10/dist-packages/ardupilot_msgs/ardupilot_msgs_s__rosidl_typesupport_introspection_c.cpython-310-x86_64-linux-gnu.so
-- Set runtime path of "/develop_ws/ardupilot/Tools/ros2/install/ardupilot_msgs/local/lib/python3.10/dist-packages/ardupilot_msgs/ardupilot_msgs_s__rosidl_typesupport_introspection_c.cpython-310-x86_64-linux-gnu.so" to ""
-- Installing: /develop_ws/ardupilot/Tools/ros2/install/ardupilot_msgs/local/lib/python3.10/dist-packages/ardupilot_msgs/ardupilot_msgs_s__rosidl_typesupport_c.cpython-310-x86_64-linux-gnu.so
-- Set runtime path of "/develop_ws/ardupilot/Tools/ros2/install/ardupilot_msgs/local/lib/python3.10/dist-packages/ardupilot_msgs/ardupilot_msgs_s__rosidl_typesupport_c.cpython-310-x86_64-linux-gnu.so" to ""
-- Installing: /develop_ws/ardupilot/Tools/ros2/install/ardupilot_msgs/lib/libardupilot_msgs__rosidl_generator_py.so
-- Set runtime path of "/develop_ws/ardupilot/Tools/ros2/install/ardupilot_msgs/lib/libardupilot_msgs__rosidl_generator_py.so" to ""
-- Up-to-date: /develop_ws/ardupilot/Tools/ros2/install/ardupilot_msgs/share/ament_index/resource_index/rust_packages/ardupilot_msgs
-- Up-to-date: /develop_ws/ardupilot/Tools/ros2/install/ardupilot_msgs/share/ardupilot_msgs/rust
-- Up-to-date: /develop_ws/ardupilot/Tools/ros2/install/ardupilot_msgs/share/ardupilot_msgs/rust/src
-- Up-to-date: /develop_ws/ardupilot/Tools/ros2/install/ardupilot_msgs/share/ardupilot_msgs/rust/src/srv
-- Installing: /develop_ws/ardupilot/Tools/ros2/install/ardupilot_msgs/share/ardupilot_msgs/rust/src/srv/rmw.rs
-- Installing: /develop_ws/ardupilot/Tools/ros2/install/ardupilot_msgs/share/ardupilot_msgs/rust/src/srv.rs
-- Up-to-date: /develop_ws/ardupilot/Tools/ros2/install/ardupilot_msgs/share/ardupilot_msgs/rust/src/msg
-- Installing: /develop_ws/ardupilot/Tools/ros2/install/ardupilot_msgs/share/ardupilot_msgs/rust/src/msg/rmw.rs
-- Installing: /develop_ws/ardupilot/Tools/ros2/install/ardupilot_msgs/share/ardupilot_msgs/rust/src/msg.rs
-- Installing: /develop_ws/ardupilot/Tools/ros2/install/ardupilot_msgs/share/ardupilot_msgs/rust/src/lib.rs
-- Installing: /develop_ws/ardupilot/Tools/ros2/install/ardupilot_msgs/share/ardupilot_msgs/rust/Cargo.toml
-- Installing: /develop_ws/ardupilot/Tools/ros2/install/ardupilot_msgs/share/ardupilot_msgs/rust/build.rs
-- Up-to-date: /develop_ws/ardupilot/Tools/ros2/install/ardupilot_msgs/share/ardupilot_msgs/msg/GlobalPosition.idl
-- Up-to-date: /develop_ws/ardupilot/Tools/ros2/install/ardupilot_msgs/share/ardupilot_msgs/msg/Rc.idl
-- Up-to-date: /develop_ws/ardupilot/Tools/ros2/install/ardupilot_msgs/share/ardupilot_msgs/msg/Status.idl
-- Up-to-date: /develop_ws/ardupilot/Tools/ros2/install/ardupilot_msgs/share/ardupilot_msgs/msg/Airspeed.idl
-- Up-to-date: /develop_ws/ardupilot/Tools/ros2/install/ardupilot_msgs/share/ardupilot_msgs/msg/RcOut.idl
-- Up-to-date: /develop_ws/ardupilot/Tools/ros2/install/ardupilot_msgs/share/ardupilot_msgs/msg/RcIn.idl
-- Installing: /develop_ws/ardupilot/Tools/ros2/install/ardupilot_msgs/share/ardupilot_msgs/msg/Pitot.idl
-- Up-to-date: /develop_ws/ardupilot/Tools/ros2/install/ardupilot_msgs/share/ardupilot_msgs/msg/Propulsion.idl
-- Up-to-date: /develop_ws/ardupilot/Tools/ros2/install/ardupilot_msgs/share/ardupilot_msgs/srv/ArmMotors.idl
-- Up-to-date: /develop_ws/ardupilot/Tools/ros2/install/ardupilot_msgs/share/ardupilot_msgs/srv/ModeSwitch.idl
-- Up-to-date: /develop_ws/ardupilot/Tools/ros2/install/ardupilot_msgs/share/ardupilot_msgs/srv/Takeoff.idl
-- Up-to-date: /develop_ws/ardupilot/Tools/ros2/install/ardupilot_msgs/share/ardupilot_msgs/msg/GlobalPosition.msg
-- Up-to-date: /develop_ws/ardupilot/Tools/ros2/install/ardupilot_msgs/share/ardupilot_msgs/msg/Rc.msg
-- Up-to-date: /develop_ws/ardupilot/Tools/ros2/install/ardupilot_msgs/share/ardupilot_msgs/msg/Status.msg
-- Up-to-date: /develop_ws/ardupilot/Tools/ros2/install/ardupilot_msgs/share/ardupilot_msgs/msg/Airspeed.msg
-- Up-to-date: /develop_ws/ardupilot/Tools/ros2/install/ardupilot_msgs/share/ardupilot_msgs/msg/RcOut.msg
-- Up-to-date: /develop_ws/ardupilot/Tools/ros2/install/ardupilot_msgs/share/ardupilot_msgs/msg/RcIn.msg
-- Installing: /develop_ws/ardupilot/Tools/ros2/install/ardupilot_msgs/share/ardupilot_msgs/msg/Pitot.msg
-- Installing: /develop_ws/ardupilot/Tools/ros2/install/ardupilot_msgs/share/ardupilot_msgs/msg/Propulsion.msg
-- Up-to-date: /develop_ws/ardupilot/Tools/ros2/install/ardupilot_msgs/share/ardupilot_msgs/srv/ArmMotors.srv
-- Up-to-date: /develop_ws/ardupilot/Tools/ros2/install/ardupilot_msgs/share/ardupilot_msgs/srv/ArmMotors_Request.msg
-- Up-to-date: /develop_ws/ardupilot/Tools/ros2/install/ardupilot_msgs/share/ardupilot_msgs/srv/ArmMotors_Response.msg
-- Up-to-date: /develop_ws/ardupilot/Tools/ros2/install/ardupilot_msgs/share/ardupilot_msgs/srv/ModeSwitch.srv
-- Up-to-date: /develop_ws/ardupilot/Tools/ros2/install/ardupilot_msgs/share/ardupilot_msgs/srv/ModeSwitch_Request.msg
-- Up-to-date: /develop_ws/ardupilot/Tools/ros2/install/ardupilot_msgs/share/ardupilot_msgs/srv/ModeSwitch_Response.msg
-- Up-to-date: /develop_ws/ardupilot/Tools/ros2/install/ardupilot_msgs/share/ardupilot_msgs/srv/Takeoff.srv
-- Up-to-date: /develop_ws/ardupilot/Tools/ros2/install/ardupilot_msgs/share/ardupilot_msgs/srv/Takeoff_Request.msg
-- Up-to-date: /develop_ws/ardupilot/Tools/ros2/install/ardupilot_msgs/share/ardupilot_msgs/srv/Takeoff_Response.msg
-- Up-to-date: /develop_ws/ardupilot/Tools/ros2/install/ardupilot_msgs/share/ament_index/resource_index/package_run_dependencies/ardupilot_msgs
-- Up-to-date: /develop_ws/ardupilot/Tools/ros2/install/ardupilot_msgs/share/ament_index/resource_index/parent_prefix_path/ardupilot_msgs
-- Up-to-date: /develop_ws/ardupilot/Tools/ros2/install/ardupilot_msgs/share/ardupilot_msgs/environment/ament_prefix_path.sh
-- Installing: /develop_ws/ardupilot/Tools/ros2/install/ardupilot_msgs/share/ardupilot_msgs/environment/ament_prefix_path.dsv
-- Up-to-date: /develop_ws/ardupilot/Tools/ros2/install/ardupilot_msgs/share/ardupilot_msgs/environment/path.sh
-- Installing: /develop_ws/ardupilot/Tools/ros2/install/ardupilot_msgs/share/ardupilot_msgs/environment/path.dsv
-- Up-to-date: /develop_ws/ardupilot/Tools/ros2/install/ardupilot_msgs/share/ardupilot_msgs/local_setup.bash
-- Up-to-date: /develop_ws/ardupilot/Tools/ros2/install/ardupilot_msgs/share/ardupilot_msgs/local_setup.sh
-- Up-to-date: /develop_ws/ardupilot/Tools/ros2/install/ardupilot_msgs/share/ardupilot_msgs/local_setup.zsh
-- Installing: /develop_ws/ardupilot/Tools/ros2/install/ardupilot_msgs/share/ardupilot_msgs/local_setup.dsv
-- Installing: /develop_ws/ardupilot/Tools/ros2/install/ardupilot_msgs/share/ardupilot_msgs/package.dsv
-- Up-to-date: /develop_ws/ardupilot/Tools/ros2/install/ardupilot_msgs/share/ament_index/resource_index/packages/ardupilot_msgs
-- Up-to-date: /develop_ws/ardupilot/Tools/ros2/install/ardupilot_msgs/share/ardupilot_msgs/cmake/export_ardupilot_msgs__rosidl_generator_cExport.cmake
-- Up-to-date: /develop_ws/ardupilot/Tools/ros2/install/ardupilot_msgs/share/ardupilot_msgs/cmake/export_ardupilot_msgs__rosidl_generator_cExport-noconfig.cmake
-- Up-to-date: /develop_ws/ardupilot/Tools/ros2/install/ardupilot_msgs/share/ardupilot_msgs/cmake/export_ardupilot_msgs__rosidl_typesupport_fastrtps_cExport.cmake
-- Up-to-date: /develop_ws/ardupilot/Tools/ros2/install/ardupilot_msgs/share/ardupilot_msgs/cmake/export_ardupilot_msgs__rosidl_typesupport_fastrtps_cExport-noconfig.cmake
-- Up-to-date: /develop_ws/ardupilot/Tools/ros2/install/ardupilot_msgs/share/ardupilot_msgs/cmake/export_ardupilot_msgs__rosidl_generator_cppExport.cmake
-- Up-to-date: /develop_ws/ardupilot/Tools/ros2/install/ardupilot_msgs/share/ardupilot_msgs/cmake/export_ardupilot_msgs__rosidl_typesupport_fastrtps_cppExport.cmake
-- Up-to-date: /develop_ws/ardupilot/Tools/ros2/install/ardupilot_msgs/share/ardupilot_msgs/cmake/export_ardupilot_msgs__rosidl_typesupport_fastrtps_cppExport-noconfig.cmake
-- Up-to-date: /develop_ws/ardupilot/Tools/ros2/install/ardupilot_msgs/share/ardupilot_msgs/cmake/ardupilot_msgs__rosidl_typesupport_introspection_cExport.cmake
-- Up-to-date: /develop_ws/ardupilot/Tools/ros2/install/ardupilot_msgs/share/ardupilot_msgs/cmake/ardupilot_msgs__rosidl_typesupport_introspection_cExport-noconfig.cmake
-- Up-to-date: /develop_ws/ardupilot/Tools/ros2/install/ardupilot_msgs/share/ardupilot_msgs/cmake/ardupilot_msgs__rosidl_typesupport_cExport.cmake
-- Up-to-date: /develop_ws/ardupilot/Tools/ros2/install/ardupilot_msgs/share/ardupilot_msgs/cmake/ardupilot_msgs__rosidl_typesupport_cExport-noconfig.cmake
-- Up-to-date: /develop_ws/ardupilot/Tools/ros2/install/ardupilot_msgs/share/ardupilot_msgs/cmake/ardupilot_msgs__rosidl_typesupport_introspection_cppExport.cmake
-- Up-to-date: /develop_ws/ardupilot/Tools/ros2/install/ardupilot_msgs/share/ardupilot_msgs/cmake/ardupilot_msgs__rosidl_typesupport_introspection_cppExport-noconfig.cmake
-- Up-to-date: /develop_ws/ardupilot/Tools/ros2/install/ardupilot_msgs/share/ardupilot_msgs/cmake/ardupilot_msgs__rosidl_typesupport_cppExport.cmake
-- Up-to-date: /develop_ws/ardupilot/Tools/ros2/install/ardupilot_msgs/share/ardupilot_msgs/cmake/ardupilot_msgs__rosidl_typesupport_cppExport-noconfig.cmake
-- Up-to-date: /develop_ws/ardupilot/Tools/ros2/install/ardupilot_msgs/share/ardupilot_msgs/cmake/export_ardupilot_msgs__rosidl_generator_pyExport.cmake
-- Up-to-date: /develop_ws/ardupilot/Tools/ros2/install/ardupilot_msgs/share/ardupilot_msgs/cmake/export_ardupilot_msgs__rosidl_generator_pyExport-noconfig.cmake
-- Up-to-date: /develop_ws/ardupilot/Tools/ros2/install/ardupilot_msgs/share/ardupilot_msgs/cmake/rosidl_cmake-extras.cmake
-- Up-to-date: /develop_ws/ardupilot/Tools/ros2/install/ardupilot_msgs/share/ardupilot_msgs/cmake/ament_cmake_export_dependencies-extras.cmake
-- Up-to-date: /develop_ws/ardupilot/Tools/ros2/install/ardupilot_msgs/share/ardupilot_msgs/cmake/ament_cmake_export_include_directories-extras.cmake
-- Up-to-date: /develop_ws/ardupilot/Tools/ros2/install/ardupilot_msgs/share/ardupilot_msgs/cmake/ament_cmake_export_libraries-extras.cmake
-- Up-to-date: /develop_ws/ardupilot/Tools/ros2/install/ardupilot_msgs/share/ardupilot_msgs/cmake/ament_cmake_export_targets-extras.cmake
-- Up-to-date: /develop_ws/ardupilot/Tools/ros2/install/ardupilot_msgs/share/ardupilot_msgs/cmake/rosidl_cmake_export_typesupport_targets-extras.cmake
-- Up-to-date: /develop_ws/ardupilot/Tools/ros2/install/ardupilot_msgs/share/ardupilot_msgs/cmake/rosidl_cmake_export_typesupport_libraries-extras.cmake
-- Up-to-date: /develop_ws/ardupilot/Tools/ros2/install/ardupilot_msgs/share/ardupilot_msgs/cmake/ardupilot_msgsConfig.cmake
-- Up-to-date: /develop_ws/ardupilot/Tools/ros2/install/ardupilot_msgs/share/ardupilot_msgs/cmake/ardupilot_msgsConfig-version.cmake
-- Up-to-date: /develop_ws/ardupilot/Tools/ros2/install/ardupilot_msgs/share/ardupilot_msgs/package.xml
