[0.110s] DEBUG:colcon:Command line arguments: ['/usr/bin/colcon', 'build', '--symlink-install']
[0.111s] DEBUG:colcon:Parsed command line arguments: Namespace(log_base=None, log_level=None, verb_name='build', build_base='build', install_base='install', merge_install=False, symlink_install=True, test_result_base=None, continue_on_error=False, executor='parallel', parallel_workers=8, event_handlers=None, ignore_user_meta=False, metas=['./colcon.meta'], base_paths=['.'], packages_ignore=None, packages_ignore_regex=None, paths=None, packages_up_to=None, packages_up_to_regex=None, packages_above=None, packages_above_and_dependencies=None, packages_above_depth=None, packages_select_by_dep=None, packages_skip_by_dep=None, packages_skip_up_to=None, packages_select_build_failed=False, packages_skip_build_finished=False, packages_select_test_failures=False, packages_skip_test_passed=False, packages_select=None, packages_skip=None, packages_select_regex=None, packages_skip_regex=None, packages_start=None, packages_end=None, cmake_args=None, cmake_target=None, cmake_target_skip_unavailable=False, cmake_clean_cache=False, cmake_clean_first=False, cmake_force_configure=False, ament_cmake_args=None, catkin_cmake_args=None, catkin_skip_building_tests=False, mixin_files=None, mixin=None, verb_parser=<colcon_mixin.mixin.mixin_argument.MixinArgumentDecorator object at 0x7b5a4e59c790>, verb_extension=<colcon_core.verb.build.BuildVerb object at 0x7b5a4e78dd20>, main=<bound method BuildVerb.main of <colcon_core.verb.build.BuildVerb object at 0x7b5a4e78dd20>>, mixin_verb=('build',))
[0.300s] Level 1:colcon.colcon_core.package_discovery:discover_packages(colcon_meta) check parameters
[0.301s] INFO:colcon.colcon_metadata.package_discovery.colcon_meta:Using configuration from '/root/.colcon/metadata/default/Gazebo.meta'
[0.302s] INFO:colcon.colcon_metadata.package_discovery.colcon_meta:Using configuration from '/root/.colcon/metadata/default/fastdds.meta'
[0.302s] INFO:colcon.colcon_metadata.package_discovery.colcon_meta:Using configuration from '/root/.colcon/metadata/default/fastrtps.meta'
[0.302s] Level 1:colcon.colcon_core.package_discovery:discover_packages(recursive) check parameters
[0.302s] Level 1:colcon.colcon_core.package_discovery:discover_packages(ignore) check parameters
[0.302s] Level 1:colcon.colcon_core.package_discovery:discover_packages(path) check parameters
[0.302s] Level 1:colcon.colcon_core.package_discovery:discover_packages(colcon_meta) discover
[0.302s] Level 1:colcon.colcon_core.package_discovery:discover_packages(recursive) discover
[0.302s] INFO:colcon.colcon_core.package_discovery:Crawling recursively for packages in '/develop_ws/src/ros2'
[0.302s] Level 1:colcon.colcon_core.package_identification:_identify(.) by extensions ['ignore', 'ignore_ament_install']
[0.303s] Level 1:colcon.colcon_core.package_identification:_identify(.) by extension 'ignore'
[0.303s] Level 1:colcon.colcon_core.package_identification:_identify(.) by extension 'ignore_ament_install'
[0.303s] Level 1:colcon.colcon_core.package_identification:_identify(.) by extensions ['colcon_pkg']
[0.303s] Level 1:colcon.colcon_core.package_identification:_identify(.) by extension 'colcon_pkg'
[0.303s] Level 1:colcon.colcon_core.package_identification:_identify(.) by extensions ['colcon_meta']
[0.303s] Level 1:colcon.colcon_core.package_identification:_identify(.) by extension 'colcon_meta'
[0.303s] Level 1:colcon.colcon_core.package_identification:_identify(.) by extensions ['ros']
[0.303s] Level 1:colcon.colcon_core.package_identification:_identify(.) by extension 'ros'
[0.327s] Level 1:colcon.colcon_core.package_identification:_identify(.) by extensions ['cmake', 'python']
[0.327s] Level 1:colcon.colcon_core.package_identification:_identify(.) by extension 'cmake'
[0.327s] Level 1:colcon.colcon_core.package_identification:_identify(.) by extension 'python'
[0.328s] Level 1:colcon.colcon_core.package_identification:_identify(.) by extensions ['python_setup_py']
[0.328s] Level 1:colcon.colcon_core.package_identification:_identify(.) by extension 'python_setup_py'
[0.328s] Level 1:colcon.colcon_core.package_identification:_identify(ardupilot_dds_tests) by extensions ['ignore', 'ignore_ament_install']
[0.328s] Level 1:colcon.colcon_core.package_identification:_identify(ardupilot_dds_tests) by extension 'ignore'
[0.328s] Level 1:colcon.colcon_core.package_identification:_identify(ardupilot_dds_tests) by extension 'ignore_ament_install'
[0.328s] Level 1:colcon.colcon_core.package_identification:_identify(ardupilot_dds_tests) by extensions ['colcon_pkg']
[0.328s] Level 1:colcon.colcon_core.package_identification:_identify(ardupilot_dds_tests) by extension 'colcon_pkg'
[0.328s] Level 1:colcon.colcon_core.package_identification:_identify(ardupilot_dds_tests) by extensions ['colcon_meta']
[0.328s] Level 1:colcon.colcon_core.package_identification:_identify(ardupilot_dds_tests) by extension 'colcon_meta'
[0.328s] Level 1:colcon.colcon_core.package_identification:_identify(ardupilot_dds_tests) by extensions ['ros']
[0.328s] Level 1:colcon.colcon_core.package_identification:_identify(ardupilot_dds_tests) by extension 'ros'
[0.331s] DEBUG:colcon.colcon_core.package_identification:Package 'ardupilot_dds_tests' with type 'ros.ament_python' and name 'ardupilot_dds_tests'
[0.331s] Level 1:colcon.colcon_core.package_identification:_identify(ardupilot_msgs) by extensions ['ignore', 'ignore_ament_install']
[0.331s] Level 1:colcon.colcon_core.package_identification:_identify(ardupilot_msgs) by extension 'ignore'
[0.331s] Level 1:colcon.colcon_core.package_identification:_identify(ardupilot_msgs) by extension 'ignore_ament_install'
[0.331s] Level 1:colcon.colcon_core.package_identification:_identify(ardupilot_msgs) by extensions ['colcon_pkg']
[0.331s] Level 1:colcon.colcon_core.package_identification:_identify(ardupilot_msgs) by extension 'colcon_pkg'
[0.331s] Level 1:colcon.colcon_core.package_identification:_identify(ardupilot_msgs) by extensions ['colcon_meta']
[0.331s] Level 1:colcon.colcon_core.package_identification:_identify(ardupilot_msgs) by extension 'colcon_meta'
[0.331s] Level 1:colcon.colcon_core.package_identification:_identify(ardupilot_msgs) by extensions ['ros']
[0.331s] Level 1:colcon.colcon_core.package_identification:_identify(ardupilot_msgs) by extension 'ros'
[0.332s] DEBUG:colcon.colcon_core.package_identification:Package 'ardupilot_msgs' with type 'ros.ament_cmake' and name 'ardupilot_msgs'
[0.332s] Level 1:colcon.colcon_core.package_identification:_identify(ardupilot_sitl) by extensions ['ignore', 'ignore_ament_install']
[0.332s] Level 1:colcon.colcon_core.package_identification:_identify(ardupilot_sitl) by extension 'ignore'
[0.332s] Level 1:colcon.colcon_core.package_identification:_identify(ardupilot_sitl) by extension 'ignore_ament_install'
[0.332s] Level 1:colcon.colcon_core.package_identification:_identify(ardupilot_sitl) by extensions ['colcon_pkg']
[0.332s] Level 1:colcon.colcon_core.package_identification:_identify(ardupilot_sitl) by extension 'colcon_pkg'
[0.332s] Level 1:colcon.colcon_core.package_identification:_identify(ardupilot_sitl) by extensions ['colcon_meta']
[0.332s] Level 1:colcon.colcon_core.package_identification:_identify(ardupilot_sitl) by extension 'colcon_meta'
[0.332s] Level 1:colcon.colcon_core.package_identification:_identify(ardupilot_sitl) by extensions ['ros']
[0.332s] Level 1:colcon.colcon_core.package_identification:_identify(ardupilot_sitl) by extension 'ros'
[0.333s] DEBUG:colcon.colcon_core.package_identification:Package 'ardupilot_sitl' with type 'ros.ament_cmake' and name 'ardupilot_sitl'
[0.333s] Level 1:colcon.colcon_core.package_identification:_identify(build) by extensions ['ignore', 'ignore_ament_install']
[0.334s] Level 1:colcon.colcon_core.package_identification:_identify(build) by extension 'ignore'
[0.334s] Level 1:colcon.colcon_core.package_identification:_identify(build) ignored
[0.334s] Level 1:colcon.colcon_core.package_identification:_identify(install) by extensions ['ignore', 'ignore_ament_install']
[0.334s] Level 1:colcon.colcon_core.package_identification:_identify(install) by extension 'ignore'
[0.334s] Level 1:colcon.colcon_core.package_identification:_identify(install) ignored
[0.334s] Level 1:colcon.colcon_core.package_identification:_identify(log) by extensions ['ignore', 'ignore_ament_install']
[0.334s] Level 1:colcon.colcon_core.package_identification:_identify(log) by extension 'ignore'
[0.334s] Level 1:colcon.colcon_core.package_identification:_identify(log) ignored
[0.334s] Level 1:colcon.colcon_core.package_discovery:discover_packages(recursive) using defaults
[0.334s] Level 1:colcon.colcon_core.package_discovery:discover_packages(ignore) discover
[0.334s] Level 1:colcon.colcon_core.package_discovery:discover_packages(ignore) using defaults
[0.334s] Level 1:colcon.colcon_core.package_discovery:discover_packages(path) discover
[0.334s] Level 1:colcon.colcon_core.package_discovery:discover_packages(path) using defaults
[0.352s] Level 5:colcon.colcon_core.verb:set package 'ardupilot_msgs' build argument 'cmake_args' from command line to 'None'
[0.352s] Level 5:colcon.colcon_core.verb:set package 'ardupilot_msgs' build argument 'cmake_target' from command line to 'None'
[0.353s] Level 5:colcon.colcon_core.verb:set package 'ardupilot_msgs' build argument 'cmake_target_skip_unavailable' from command line to 'False'
[0.353s] Level 5:colcon.colcon_core.verb:set package 'ardupilot_msgs' build argument 'cmake_clean_cache' from command line to 'False'
[0.353s] Level 5:colcon.colcon_core.verb:set package 'ardupilot_msgs' build argument 'cmake_clean_first' from command line to 'False'
[0.353s] Level 5:colcon.colcon_core.verb:set package 'ardupilot_msgs' build argument 'cmake_force_configure' from command line to 'False'
[0.353s] Level 5:colcon.colcon_core.verb:set package 'ardupilot_msgs' build argument 'ament_cmake_args' from command line to 'None'
[0.353s] Level 5:colcon.colcon_core.verb:set package 'ardupilot_msgs' build argument 'catkin_cmake_args' from command line to 'None'
[0.353s] Level 5:colcon.colcon_core.verb:set package 'ardupilot_msgs' build argument 'catkin_skip_building_tests' from command line to 'False'
[0.353s] DEBUG:colcon.colcon_core.verb:Building package 'ardupilot_msgs' with the following arguments: {'ament_cmake_args': None, 'build_base': '/develop_ws/src/ros2/build/ardupilot_msgs', 'catkin_cmake_args': None, 'catkin_skip_building_tests': False, 'cmake_args': None, 'cmake_clean_cache': False, 'cmake_clean_first': False, 'cmake_force_configure': False, 'cmake_target': None, 'cmake_target_skip_unavailable': False, 'install_base': '/develop_ws/src/ros2/install/ardupilot_msgs', 'merge_install': False, 'path': '/develop_ws/src/ros2/ardupilot_msgs', 'symlink_install': True, 'test_result_base': None}
[0.353s] Level 5:colcon.colcon_core.verb:set package 'ardupilot_sitl' build argument 'cmake_args' from command line to 'None'
[0.353s] Level 5:colcon.colcon_core.verb:set package 'ardupilot_sitl' build argument 'cmake_target' from command line to 'None'
[0.353s] Level 5:colcon.colcon_core.verb:set package 'ardupilot_sitl' build argument 'cmake_target_skip_unavailable' from command line to 'False'
[0.353s] Level 5:colcon.colcon_core.verb:set package 'ardupilot_sitl' build argument 'cmake_clean_cache' from command line to 'False'
[0.353s] Level 5:colcon.colcon_core.verb:set package 'ardupilot_sitl' build argument 'cmake_clean_first' from command line to 'False'
[0.353s] Level 5:colcon.colcon_core.verb:set package 'ardupilot_sitl' build argument 'cmake_force_configure' from command line to 'False'
[0.353s] Level 5:colcon.colcon_core.verb:set package 'ardupilot_sitl' build argument 'ament_cmake_args' from command line to 'None'
[0.353s] Level 5:colcon.colcon_core.verb:set package 'ardupilot_sitl' build argument 'catkin_cmake_args' from command line to 'None'
[0.353s] Level 5:colcon.colcon_core.verb:set package 'ardupilot_sitl' build argument 'catkin_skip_building_tests' from command line to 'False'
[0.353s] DEBUG:colcon.colcon_core.verb:Building package 'ardupilot_sitl' with the following arguments: {'ament_cmake_args': None, 'build_base': '/develop_ws/src/ros2/build/ardupilot_sitl', 'catkin_cmake_args': None, 'catkin_skip_building_tests': False, 'cmake_args': None, 'cmake_clean_cache': False, 'cmake_clean_first': False, 'cmake_force_configure': False, 'cmake_target': None, 'cmake_target_skip_unavailable': False, 'install_base': '/develop_ws/src/ros2/install/ardupilot_sitl', 'merge_install': False, 'path': '/develop_ws/src/ros2/ardupilot_sitl', 'symlink_install': True, 'test_result_base': None}
[0.354s] Level 5:colcon.colcon_core.verb:set package 'ardupilot_dds_tests' build argument 'cmake_args' from command line to 'None'
[0.354s] Level 5:colcon.colcon_core.verb:set package 'ardupilot_dds_tests' build argument 'cmake_target' from command line to 'None'
[0.354s] Level 5:colcon.colcon_core.verb:set package 'ardupilot_dds_tests' build argument 'cmake_target_skip_unavailable' from command line to 'False'
[0.354s] Level 5:colcon.colcon_core.verb:set package 'ardupilot_dds_tests' build argument 'cmake_clean_cache' from command line to 'False'
[0.354s] Level 5:colcon.colcon_core.verb:set package 'ardupilot_dds_tests' build argument 'cmake_clean_first' from command line to 'False'
[0.354s] Level 5:colcon.colcon_core.verb:set package 'ardupilot_dds_tests' build argument 'cmake_force_configure' from command line to 'False'
[0.354s] Level 5:colcon.colcon_core.verb:set package 'ardupilot_dds_tests' build argument 'ament_cmake_args' from command line to 'None'
[0.354s] Level 5:colcon.colcon_core.verb:set package 'ardupilot_dds_tests' build argument 'catkin_cmake_args' from command line to 'None'
[0.354s] Level 5:colcon.colcon_core.verb:set package 'ardupilot_dds_tests' build argument 'catkin_skip_building_tests' from command line to 'False'
[0.354s] DEBUG:colcon.colcon_core.verb:Building package 'ardupilot_dds_tests' with the following arguments: {'ament_cmake_args': None, 'build_base': '/develop_ws/src/ros2/build/ardupilot_dds_tests', 'catkin_cmake_args': None, 'catkin_skip_building_tests': False, 'cmake_args': None, 'cmake_clean_cache': False, 'cmake_clean_first': False, 'cmake_force_configure': False, 'cmake_target': None, 'cmake_target_skip_unavailable': False, 'install_base': '/develop_ws/src/ros2/install/ardupilot_dds_tests', 'merge_install': False, 'path': '/develop_ws/src/ros2/ardupilot_dds_tests', 'symlink_install': True, 'test_result_base': None}
[0.354s] INFO:colcon.colcon_core.executor:Executing jobs using 'parallel' executor
[0.355s] DEBUG:colcon.colcon_parallel_executor.executor.parallel:run_until_complete
[0.355s] INFO:colcon.colcon_ros.task.ament_cmake.build:Building ROS package in '/develop_ws/src/ros2/ardupilot_msgs' with build type 'ament_cmake'
[0.355s] INFO:colcon.colcon_cmake.task.cmake.build:Building CMake package in '/develop_ws/src/ros2/ardupilot_msgs'
[0.358s] INFO:colcon.colcon_core.plugin_system:Skipping extension 'colcon_core.shell.bat': Not used on non-Windows systems
[0.358s] INFO:colcon.colcon_core.shell:Skip shell extension 'powershell' for command environment: Not usable outside of PowerShell
[0.358s] DEBUG:colcon.colcon_core.shell:Skip shell extension 'dsv' for command environment
[0.368s] DEBUG:colcon.colcon_core.event_handler.log_command:Invoking command in '/develop_ws/src/ros2/build/ardupilot_msgs': CMAKE_PREFIX_PATH=${CMAKE_PREFIX_PATH}:/opt/ros/humble /usr/bin/cmake /develop_ws/src/ros2/ardupilot_msgs -DAMENT_CMAKE_SYMLINK_INSTALL=1 -DCMAKE_INSTALL_PREFIX=/develop_ws/src/ros2/install/ardupilot_msgs
[0.379s] DEBUG:colcon.colcon_core.event_handler.log_command:Invoked command in '/develop_ws/src/ros2/build/ardupilot_msgs' returned '1': CMAKE_PREFIX_PATH=${CMAKE_PREFIX_PATH}:/opt/ros/humble /usr/bin/cmake /develop_ws/src/ros2/ardupilot_msgs -DAMENT_CMAKE_SYMLINK_INSTALL=1 -DCMAKE_INSTALL_PREFIX=/develop_ws/src/ros2/install/ardupilot_msgs
[0.381s] Level 1:colcon.colcon_core.environment:create_environment_scripts_only(ardupilot_msgs)
[0.383s] Level 1:colcon.colcon_core.environment:checking '/develop_ws/src/ros2/install/ardupilot_msgs' for CMake module files
[0.384s] Level 1:colcon.colcon_core.environment:checking '/develop_ws/src/ros2/install/ardupilot_msgs' for CMake config files
[0.385s] Level 1:colcon.colcon_core.shell:create_environment_hook('ardupilot_msgs', 'cmake_prefix_path')
[0.385s] INFO:colcon.colcon_core.shell:Creating environment hook '/develop_ws/src/ros2/install/ardupilot_msgs/share/ardupilot_msgs/hook/cmake_prefix_path.ps1'
[0.385s] INFO:colcon.colcon_core.shell:Creating environment descriptor '/develop_ws/src/ros2/install/ardupilot_msgs/share/ardupilot_msgs/hook/cmake_prefix_path.dsv'
[0.386s] INFO:colcon.colcon_core.shell:Creating environment hook '/develop_ws/src/ros2/install/ardupilot_msgs/share/ardupilot_msgs/hook/cmake_prefix_path.sh'
[0.387s] Level 1:colcon.colcon_core.environment:checking '/develop_ws/src/ros2/install/ardupilot_msgs/lib'
[0.387s] Level 1:colcon.colcon_core.shell:create_environment_hook('ardupilot_msgs', 'ld_library_path_lib')
[0.387s] INFO:colcon.colcon_core.shell:Creating environment hook '/develop_ws/src/ros2/install/ardupilot_msgs/share/ardupilot_msgs/hook/ld_library_path_lib.ps1'
[0.387s] INFO:colcon.colcon_core.shell:Creating environment descriptor '/develop_ws/src/ros2/install/ardupilot_msgs/share/ardupilot_msgs/hook/ld_library_path_lib.dsv'
[0.388s] INFO:colcon.colcon_core.shell:Creating environment hook '/develop_ws/src/ros2/install/ardupilot_msgs/share/ardupilot_msgs/hook/ld_library_path_lib.sh'
[0.388s] Level 1:colcon.colcon_core.environment:checking '/develop_ws/src/ros2/install/ardupilot_msgs/bin'
[0.388s] Level 1:colcon.colcon_core.environment:checking '/develop_ws/src/ros2/install/ardupilot_msgs/lib/pkgconfig/ardupilot_msgs.pc'
[0.389s] Level 1:colcon.colcon_core.environment:checking '/develop_ws/src/ros2/install/ardupilot_msgs/lib/python3.10/site-packages'
[0.390s] Level 1:colcon.colcon_core.environment:checking '/develop_ws/src/ros2/install/ardupilot_msgs/bin'
[0.390s] INFO:colcon.colcon_core.shell:Creating package script '/develop_ws/src/ros2/install/ardupilot_msgs/share/ardupilot_msgs/package.ps1'
[0.391s] INFO:colcon.colcon_core.shell:Creating package descriptor '/develop_ws/src/ros2/install/ardupilot_msgs/share/ardupilot_msgs/package.dsv'
[0.392s] INFO:colcon.colcon_core.shell:Creating package script '/develop_ws/src/ros2/install/ardupilot_msgs/share/ardupilot_msgs/package.sh'
[0.393s] INFO:colcon.colcon_core.shell:Creating package script '/develop_ws/src/ros2/install/ardupilot_msgs/share/ardupilot_msgs/package.bash'
[0.393s] INFO:colcon.colcon_core.shell:Creating package script '/develop_ws/src/ros2/install/ardupilot_msgs/share/ardupilot_msgs/package.zsh'
[0.394s] Level 1:colcon.colcon_core.environment:create_file_with_runtime_dependencies(/develop_ws/src/ros2/install/ardupilot_msgs/share/colcon-core/packages/ardupilot_msgs)
[0.405s] DEBUG:colcon.colcon_parallel_executor.executor.parallel:closing loop
[0.405s] DEBUG:colcon.colcon_parallel_executor.executor.parallel:loop closed
[0.406s] DEBUG:colcon.colcon_parallel_executor.executor.parallel:run_until_complete finished with '1'
[0.406s] DEBUG:colcon.colcon_core.event_reactor:joining thread
[0.413s] INFO:colcon.colcon_core.plugin_system:Skipping extension 'colcon_notification.desktop_notification.notify_send': Could not find 'notify-send'
[0.413s] INFO:colcon.colcon_core.plugin_system:Skipping extension 'colcon_notification.desktop_notification.terminal_notifier': Not used on non-Darwin systems
[0.413s] INFO:colcon.colcon_core.plugin_system:Skipping extension 'colcon_notification.desktop_notification.win32': Not used on non-Windows systems
[0.413s] INFO:colcon.colcon_notification.desktop_notification:Sending desktop notification using 'notify2'
[0.416s] DEBUG:colcon.colcon_notification.desktop_notification.notify2:Failed to initialize notify2: org.freedesktop.DBus.Error.Spawn.ExecFailed: /usr/bin/dbus-launch terminated abnormally without any error message
[0.417s] DEBUG:colcon.colcon_core.event_reactor:joined thread
[0.417s] INFO:colcon.colcon_core.shell:Creating prefix script '/develop_ws/src/ros2/install/local_setup.ps1'
[0.418s] INFO:colcon.colcon_core.shell:Creating prefix util module '/develop_ws/src/ros2/install/_local_setup_util_ps1.py'
[0.420s] INFO:colcon.colcon_core.shell:Creating prefix chain script '/develop_ws/src/ros2/install/setup.ps1'
[0.421s] INFO:colcon.colcon_core.shell:Creating prefix script '/develop_ws/src/ros2/install/local_setup.sh'
[0.422s] INFO:colcon.colcon_core.shell:Creating prefix util module '/develop_ws/src/ros2/install/_local_setup_util_sh.py'
[0.422s] INFO:colcon.colcon_core.shell:Creating prefix chain script '/develop_ws/src/ros2/install/setup.sh'
[0.423s] INFO:colcon.colcon_core.shell:Creating prefix script '/develop_ws/src/ros2/install/local_setup.bash'
[0.424s] INFO:colcon.colcon_core.shell:Creating prefix chain script '/develop_ws/src/ros2/install/setup.bash'
[0.425s] INFO:colcon.colcon_core.shell:Creating prefix script '/develop_ws/src/ros2/install/local_setup.zsh'
[0.425s] INFO:colcon.colcon_core.shell:Creating prefix chain script '/develop_ws/src/ros2/install/setup.zsh'
