[0.115s] DEBUG:colcon:Command line arguments: ['/usr/bin/colcon', 'build', '--packages-select', 'ardupilot_msgs']
[0.115s] DEBUG:colcon:Parsed command line arguments: Namespace(log_base=None, log_level=None, verb_name='build', build_base='build', install_base='install', merge_install=False, symlink_install=False, test_result_base=None, continue_on_error=False, executor='parallel', parallel_workers=8, event_handlers=None, ignore_user_meta=False, metas=['./colcon.meta'], base_paths=['.'], packages_ignore=None, packages_ignore_regex=None, paths=None, packages_up_to=None, packages_up_to_regex=None, packages_above=None, packages_above_and_dependencies=None, packages_above_depth=None, packages_select_by_dep=None, packages_skip_by_dep=None, packages_skip_up_to=None, packages_select_build_failed=False, packages_skip_build_finished=False, packages_select_test_failures=False, packages_skip_test_passed=False, packages_select=['ardupilot_msgs'], packages_skip=None, packages_select_regex=None, packages_skip_regex=None, packages_start=None, packages_end=None, cmake_args=None, cmake_target=None, cmake_target_skip_unavailable=False, cmake_clean_cache=False, cmake_clean_first=False, cmake_force_configure=False, ament_cmake_args=None, catkin_cmake_args=None, catkin_skip_building_tests=False, mixin_files=None, mixin=None, verb_parser=<colcon_mixin.mixin.mixin_argument.MixinArgumentDecorator object at 0x7ea5df8647c0>, verb_extension=<colcon_core.verb.build.BuildVerb object at 0x7ea5dfa51d50>, main=<bound method BuildVerb.main of <colcon_core.verb.build.BuildVerb object at 0x7ea5dfa51d50>>, mixin_verb=('build',))
[0.308s] Level 1:colcon.colcon_core.package_discovery:discover_packages(colcon_meta) check parameters
[0.309s] INFO:colcon.colcon_metadata.package_discovery.colcon_meta:Using configuration from '/root/.colcon/metadata/default/Gazebo.meta'
[0.310s] INFO:colcon.colcon_metadata.package_discovery.colcon_meta:Using configuration from '/root/.colcon/metadata/default/fastdds.meta'
[0.310s] INFO:colcon.colcon_metadata.package_discovery.colcon_meta:Using configuration from '/root/.colcon/metadata/default/fastrtps.meta'
[0.310s] Level 1:colcon.colcon_core.package_discovery:discover_packages(recursive) check parameters
[0.310s] Level 1:colcon.colcon_core.package_discovery:discover_packages(ignore) check parameters
[0.310s] Level 1:colcon.colcon_core.package_discovery:discover_packages(path) check parameters
[0.310s] Level 1:colcon.colcon_core.package_discovery:discover_packages(colcon_meta) discover
[0.310s] Level 1:colcon.colcon_core.package_discovery:discover_packages(recursive) discover
[0.310s] INFO:colcon.colcon_core.package_discovery:Crawling recursively for packages in '/develop_ws/ardupilot/Tools/ros2'
[0.310s] Level 1:colcon.colcon_core.package_identification:_identify(.) by extensions ['ignore', 'ignore_ament_install']
[0.311s] Level 1:colcon.colcon_core.package_identification:_identify(.) by extension 'ignore'
[0.311s] Level 1:colcon.colcon_core.package_identification:_identify(.) by extension 'ignore_ament_install'
[0.311s] Level 1:colcon.colcon_core.package_identification:_identify(.) by extensions ['colcon_pkg']
[0.311s] Level 1:colcon.colcon_core.package_identification:_identify(.) by extension 'colcon_pkg'
[0.311s] Level 1:colcon.colcon_core.package_identification:_identify(.) by extensions ['colcon_meta']
[0.311s] Level 1:colcon.colcon_core.package_identification:_identify(.) by extension 'colcon_meta'
[0.311s] Level 1:colcon.colcon_core.package_identification:_identify(.) by extensions ['ros']
[0.311s] Level 1:colcon.colcon_core.package_identification:_identify(.) by extension 'ros'
[0.334s] Level 1:colcon.colcon_core.package_identification:_identify(.) by extensions ['cmake', 'python']
[0.335s] Level 1:colcon.colcon_core.package_identification:_identify(.) by extension 'cmake'
[0.335s] Level 1:colcon.colcon_core.package_identification:_identify(.) by extension 'python'
[0.335s] Level 1:colcon.colcon_core.package_identification:_identify(.) by extensions ['python_setup_py']
[0.335s] Level 1:colcon.colcon_core.package_identification:_identify(.) by extension 'python_setup_py'
[0.335s] Level 1:colcon.colcon_core.package_identification:_identify(ardupilot_dds_tests) by extensions ['ignore', 'ignore_ament_install']
[0.335s] Level 1:colcon.colcon_core.package_identification:_identify(ardupilot_dds_tests) by extension 'ignore'
[0.335s] Level 1:colcon.colcon_core.package_identification:_identify(ardupilot_dds_tests) by extension 'ignore_ament_install'
[0.335s] Level 1:colcon.colcon_core.package_identification:_identify(ardupilot_dds_tests) by extensions ['colcon_pkg']
[0.335s] Level 1:colcon.colcon_core.package_identification:_identify(ardupilot_dds_tests) by extension 'colcon_pkg'
[0.335s] Level 1:colcon.colcon_core.package_identification:_identify(ardupilot_dds_tests) by extensions ['colcon_meta']
[0.335s] Level 1:colcon.colcon_core.package_identification:_identify(ardupilot_dds_tests) by extension 'colcon_meta'
[0.335s] Level 1:colcon.colcon_core.package_identification:_identify(ardupilot_dds_tests) by extensions ['ros']
[0.335s] Level 1:colcon.colcon_core.package_identification:_identify(ardupilot_dds_tests) by extension 'ros'
[0.340s] DEBUG:colcon.colcon_core.package_identification:Package 'ardupilot_dds_tests' with type 'ros.ament_python' and name 'ardupilot_dds_tests'
[0.340s] Level 1:colcon.colcon_core.package_identification:_identify(ardupilot_msgs) by extensions ['ignore', 'ignore_ament_install']
[0.340s] Level 1:colcon.colcon_core.package_identification:_identify(ardupilot_msgs) by extension 'ignore'
[0.340s] Level 1:colcon.colcon_core.package_identification:_identify(ardupilot_msgs) by extension 'ignore_ament_install'
[0.340s] Level 1:colcon.colcon_core.package_identification:_identify(ardupilot_msgs) by extensions ['colcon_pkg']
[0.340s] Level 1:colcon.colcon_core.package_identification:_identify(ardupilot_msgs) by extension 'colcon_pkg'
[0.340s] Level 1:colcon.colcon_core.package_identification:_identify(ardupilot_msgs) by extensions ['colcon_meta']
[0.340s] Level 1:colcon.colcon_core.package_identification:_identify(ardupilot_msgs) by extension 'colcon_meta'
[0.340s] Level 1:colcon.colcon_core.package_identification:_identify(ardupilot_msgs) by extensions ['ros']
[0.340s] Level 1:colcon.colcon_core.package_identification:_identify(ardupilot_msgs) by extension 'ros'
[0.341s] DEBUG:colcon.colcon_core.package_identification:Package 'ardupilot_msgs' with type 'ros.ament_cmake' and name 'ardupilot_msgs'
[0.341s] Level 1:colcon.colcon_core.package_identification:_identify(ardupilot_sitl) by extensions ['ignore', 'ignore_ament_install']
[0.342s] Level 1:colcon.colcon_core.package_identification:_identify(ardupilot_sitl) by extension 'ignore'
[0.342s] Level 1:colcon.colcon_core.package_identification:_identify(ardupilot_sitl) by extension 'ignore_ament_install'
[0.342s] Level 1:colcon.colcon_core.package_identification:_identify(ardupilot_sitl) by extensions ['colcon_pkg']
[0.342s] Level 1:colcon.colcon_core.package_identification:_identify(ardupilot_sitl) by extension 'colcon_pkg'
[0.342s] Level 1:colcon.colcon_core.package_identification:_identify(ardupilot_sitl) by extensions ['colcon_meta']
[0.342s] Level 1:colcon.colcon_core.package_identification:_identify(ardupilot_sitl) by extension 'colcon_meta'
[0.342s] Level 1:colcon.colcon_core.package_identification:_identify(ardupilot_sitl) by extensions ['ros']
[0.342s] Level 1:colcon.colcon_core.package_identification:_identify(ardupilot_sitl) by extension 'ros'
[0.344s] DEBUG:colcon.colcon_core.package_identification:Package 'ardupilot_sitl' with type 'ros.ament_cmake' and name 'ardupilot_sitl'
[0.344s] Level 1:colcon.colcon_core.package_identification:_identify(build) by extensions ['ignore', 'ignore_ament_install']
[0.344s] Level 1:colcon.colcon_core.package_identification:_identify(build) by extension 'ignore'
[0.344s] Level 1:colcon.colcon_core.package_identification:_identify(build) ignored
[0.345s] Level 1:colcon.colcon_core.package_identification:_identify(install) by extensions ['ignore', 'ignore_ament_install']
[0.345s] Level 1:colcon.colcon_core.package_identification:_identify(install) by extension 'ignore'
[0.345s] Level 1:colcon.colcon_core.package_identification:_identify(install) ignored
[0.345s] Level 1:colcon.colcon_core.package_identification:_identify(log) by extensions ['ignore', 'ignore_ament_install']
[0.345s] Level 1:colcon.colcon_core.package_identification:_identify(log) by extension 'ignore'
[0.345s] Level 1:colcon.colcon_core.package_identification:_identify(log) ignored
[0.345s] Level 1:colcon.colcon_core.package_discovery:discover_packages(recursive) using defaults
[0.345s] Level 1:colcon.colcon_core.package_discovery:discover_packages(ignore) discover
[0.345s] Level 1:colcon.colcon_core.package_discovery:discover_packages(ignore) using defaults
[0.345s] Level 1:colcon.colcon_core.package_discovery:discover_packages(path) discover
[0.345s] Level 1:colcon.colcon_core.package_discovery:discover_packages(path) using defaults
[0.363s] INFO:colcon.colcon_core.package_selection:Skipping not selected package 'ardupilot_sitl' in 'ardupilot_sitl'
[0.363s] INFO:colcon.colcon_core.package_selection:Skipping not selected package 'ardupilot_dds_tests' in 'ardupilot_dds_tests'
[0.364s] Level 5:colcon.colcon_core.verb:set package 'ardupilot_msgs' build argument 'cmake_args' from command line to 'None'
[0.364s] Level 5:colcon.colcon_core.verb:set package 'ardupilot_msgs' build argument 'cmake_target' from command line to 'None'
[0.364s] Level 5:colcon.colcon_core.verb:set package 'ardupilot_msgs' build argument 'cmake_target_skip_unavailable' from command line to 'False'
[0.364s] Level 5:colcon.colcon_core.verb:set package 'ardupilot_msgs' build argument 'cmake_clean_cache' from command line to 'False'
[0.364s] Level 5:colcon.colcon_core.verb:set package 'ardupilot_msgs' build argument 'cmake_clean_first' from command line to 'False'
[0.364s] Level 5:colcon.colcon_core.verb:set package 'ardupilot_msgs' build argument 'cmake_force_configure' from command line to 'False'
[0.364s] Level 5:colcon.colcon_core.verb:set package 'ardupilot_msgs' build argument 'ament_cmake_args' from command line to 'None'
[0.364s] Level 5:colcon.colcon_core.verb:set package 'ardupilot_msgs' build argument 'catkin_cmake_args' from command line to 'None'
[0.364s] Level 5:colcon.colcon_core.verb:set package 'ardupilot_msgs' build argument 'catkin_skip_building_tests' from command line to 'False'
[0.364s] DEBUG:colcon.colcon_core.verb:Building package 'ardupilot_msgs' with the following arguments: {'ament_cmake_args': None, 'build_base': '/develop_ws/ardupilot/Tools/ros2/build/ardupilot_msgs', 'catkin_cmake_args': None, 'catkin_skip_building_tests': False, 'cmake_args': None, 'cmake_clean_cache': False, 'cmake_clean_first': False, 'cmake_force_configure': False, 'cmake_target': None, 'cmake_target_skip_unavailable': False, 'install_base': '/develop_ws/ardupilot/Tools/ros2/install/ardupilot_msgs', 'merge_install': False, 'path': '/develop_ws/ardupilot/Tools/ros2/ardupilot_msgs', 'symlink_install': False, 'test_result_base': None}
[0.364s] INFO:colcon.colcon_core.executor:Executing jobs using 'parallel' executor
[0.365s] DEBUG:colcon.colcon_parallel_executor.executor.parallel:run_until_complete
[0.365s] INFO:colcon.colcon_ros.task.ament_cmake.build:Building ROS package in '/develop_ws/ardupilot/Tools/ros2/ardupilot_msgs' with build type 'ament_cmake'
[0.366s] INFO:colcon.colcon_cmake.task.cmake.build:Building CMake package in '/develop_ws/ardupilot/Tools/ros2/ardupilot_msgs'
[0.368s] INFO:colcon.colcon_core.plugin_system:Skipping extension 'colcon_core.shell.bat': Not used on non-Windows systems
[0.368s] INFO:colcon.colcon_core.shell:Skip shell extension 'powershell' for command environment: Not usable outside of PowerShell
[0.369s] DEBUG:colcon.colcon_core.shell:Skip shell extension 'dsv' for command environment
[0.383s] DEBUG:colcon.colcon_core.event_handler.log_command:Invoking command in '/develop_ws/ardupilot/Tools/ros2/build/ardupilot_msgs': CMAKE_PREFIX_PATH=${CMAKE_PREFIX_PATH}:/opt/ros/humble /usr/bin/cmake --build /develop_ws/ardupilot/Tools/ros2/build/ardupilot_msgs -- -j8 -l8
[11.376s] DEBUG:colcon.colcon_core.event_handler.log_command:Invoked command in '/develop_ws/ardupilot/Tools/ros2/build/ardupilot_msgs' returned '0': CMAKE_PREFIX_PATH=${CMAKE_PREFIX_PATH}:/opt/ros/humble /usr/bin/cmake --build /develop_ws/ardupilot/Tools/ros2/build/ardupilot_msgs -- -j8 -l8
[11.387s] DEBUG:colcon.colcon_core.event_handler.log_command:Invoking command in '/develop_ws/ardupilot/Tools/ros2/build/ardupilot_msgs': CMAKE_PREFIX_PATH=${CMAKE_PREFIX_PATH}:/opt/ros/humble /usr/bin/cmake --install /develop_ws/ardupilot/Tools/ros2/build/ardupilot_msgs
[11.539s] Level 1:colcon.colcon_core.environment:create_environment_scripts_only(ardupilot_msgs)
[11.540s] DEBUG:colcon.colcon_core.event_handler.log_command:Invoked command in '/develop_ws/ardupilot/Tools/ros2/build/ardupilot_msgs' returned '0': CMAKE_PREFIX_PATH=${CMAKE_PREFIX_PATH}:/opt/ros/humble /usr/bin/cmake --install /develop_ws/ardupilot/Tools/ros2/build/ardupilot_msgs
[11.542s] Level 1:colcon.colcon_core.environment:checking '/develop_ws/ardupilot/Tools/ros2/install/ardupilot_msgs' for CMake module files
[11.542s] Level 1:colcon.colcon_core.environment:checking '/develop_ws/ardupilot/Tools/ros2/install/ardupilot_msgs' for CMake config files
[11.543s] Level 1:colcon.colcon_core.shell:create_environment_hook('ardupilot_msgs', 'cmake_prefix_path')
[11.543s] INFO:colcon.colcon_core.shell:Creating environment hook '/develop_ws/ardupilot/Tools/ros2/install/ardupilot_msgs/share/ardupilot_msgs/hook/cmake_prefix_path.ps1'
[11.544s] INFO:colcon.colcon_core.shell:Creating environment descriptor '/develop_ws/ardupilot/Tools/ros2/install/ardupilot_msgs/share/ardupilot_msgs/hook/cmake_prefix_path.dsv'
[11.545s] INFO:colcon.colcon_core.shell:Creating environment hook '/develop_ws/ardupilot/Tools/ros2/install/ardupilot_msgs/share/ardupilot_msgs/hook/cmake_prefix_path.sh'
[11.546s] Level 1:colcon.colcon_core.environment:checking '/develop_ws/ardupilot/Tools/ros2/install/ardupilot_msgs/lib'
[11.546s] Level 1:colcon.colcon_core.shell:create_environment_hook('ardupilot_msgs', 'ld_library_path_lib')
[11.546s] INFO:colcon.colcon_core.shell:Creating environment hook '/develop_ws/ardupilot/Tools/ros2/install/ardupilot_msgs/share/ardupilot_msgs/hook/ld_library_path_lib.ps1'
[11.547s] INFO:colcon.colcon_core.shell:Creating environment descriptor '/develop_ws/ardupilot/Tools/ros2/install/ardupilot_msgs/share/ardupilot_msgs/hook/ld_library_path_lib.dsv'
[11.548s] INFO:colcon.colcon_core.shell:Creating environment hook '/develop_ws/ardupilot/Tools/ros2/install/ardupilot_msgs/share/ardupilot_msgs/hook/ld_library_path_lib.sh'
[11.548s] Level 1:colcon.colcon_core.environment:checking '/develop_ws/ardupilot/Tools/ros2/install/ardupilot_msgs/bin'
[11.548s] Level 1:colcon.colcon_core.environment:checking '/develop_ws/ardupilot/Tools/ros2/install/ardupilot_msgs/lib/pkgconfig/ardupilot_msgs.pc'
[11.549s] Level 1:colcon.colcon_core.environment:checking '/develop_ws/ardupilot/Tools/ros2/install/ardupilot_msgs/lib/python3.10/site-packages'
[11.550s] Level 1:colcon.colcon_core.environment:checking '/develop_ws/ardupilot/Tools/ros2/install/ardupilot_msgs/bin'
[11.550s] INFO:colcon.colcon_core.shell:Creating package script '/develop_ws/ardupilot/Tools/ros2/install/ardupilot_msgs/share/ardupilot_msgs/package.ps1'
[11.551s] INFO:colcon.colcon_core.shell:Creating package descriptor '/develop_ws/ardupilot/Tools/ros2/install/ardupilot_msgs/share/ardupilot_msgs/package.dsv'
[11.552s] INFO:colcon.colcon_core.shell:Creating package script '/develop_ws/ardupilot/Tools/ros2/install/ardupilot_msgs/share/ardupilot_msgs/package.sh'
[11.553s] INFO:colcon.colcon_core.shell:Creating package script '/develop_ws/ardupilot/Tools/ros2/install/ardupilot_msgs/share/ardupilot_msgs/package.bash'
[11.554s] INFO:colcon.colcon_core.shell:Creating package script '/develop_ws/ardupilot/Tools/ros2/install/ardupilot_msgs/share/ardupilot_msgs/package.zsh'
[11.554s] Level 1:colcon.colcon_core.environment:create_file_with_runtime_dependencies(/develop_ws/ardupilot/Tools/ros2/install/ardupilot_msgs/share/colcon-core/packages/ardupilot_msgs)
[11.555s] Level 1:colcon.colcon_core.environment:create_environment_scripts_only(ardupilot_msgs)
[11.555s] Level 1:colcon.colcon_core.environment:checking '/develop_ws/ardupilot/Tools/ros2/install/ardupilot_msgs' for CMake module files
[11.556s] Level 1:colcon.colcon_core.environment:checking '/develop_ws/ardupilot/Tools/ros2/install/ardupilot_msgs' for CMake config files
[11.557s] Level 1:colcon.colcon_core.shell:create_environment_hook('ardupilot_msgs', 'cmake_prefix_path')
[11.557s] INFO:colcon.colcon_core.shell:Creating environment hook '/develop_ws/ardupilot/Tools/ros2/install/ardupilot_msgs/share/ardupilot_msgs/hook/cmake_prefix_path.ps1'
[11.558s] INFO:colcon.colcon_core.shell:Creating environment descriptor '/develop_ws/ardupilot/Tools/ros2/install/ardupilot_msgs/share/ardupilot_msgs/hook/cmake_prefix_path.dsv'
[11.558s] INFO:colcon.colcon_core.shell:Creating environment hook '/develop_ws/ardupilot/Tools/ros2/install/ardupilot_msgs/share/ardupilot_msgs/hook/cmake_prefix_path.sh'
[11.559s] Level 1:colcon.colcon_core.environment:checking '/develop_ws/ardupilot/Tools/ros2/install/ardupilot_msgs/lib'
[11.559s] Level 1:colcon.colcon_core.shell:create_environment_hook('ardupilot_msgs', 'ld_library_path_lib')
[11.559s] INFO:colcon.colcon_core.shell:Creating environment hook '/develop_ws/ardupilot/Tools/ros2/install/ardupilot_msgs/share/ardupilot_msgs/hook/ld_library_path_lib.ps1'
[11.560s] INFO:colcon.colcon_core.shell:Creating environment descriptor '/develop_ws/ardupilot/Tools/ros2/install/ardupilot_msgs/share/ardupilot_msgs/hook/ld_library_path_lib.dsv'
[11.560s] INFO:colcon.colcon_core.shell:Creating environment hook '/develop_ws/ardupilot/Tools/ros2/install/ardupilot_msgs/share/ardupilot_msgs/hook/ld_library_path_lib.sh'
[11.561s] Level 1:colcon.colcon_core.environment:checking '/develop_ws/ardupilot/Tools/ros2/install/ardupilot_msgs/bin'
[11.561s] Level 1:colcon.colcon_core.environment:checking '/develop_ws/ardupilot/Tools/ros2/install/ardupilot_msgs/lib/pkgconfig/ardupilot_msgs.pc'
[11.561s] Level 1:colcon.colcon_core.environment:checking '/develop_ws/ardupilot/Tools/ros2/install/ardupilot_msgs/lib/python3.10/site-packages'
[11.561s] Level 1:colcon.colcon_core.environment:checking '/develop_ws/ardupilot/Tools/ros2/install/ardupilot_msgs/bin'
[11.562s] INFO:colcon.colcon_core.shell:Creating package script '/develop_ws/ardupilot/Tools/ros2/install/ardupilot_msgs/share/ardupilot_msgs/package.ps1'
[11.562s] INFO:colcon.colcon_core.shell:Creating package descriptor '/develop_ws/ardupilot/Tools/ros2/install/ardupilot_msgs/share/ardupilot_msgs/package.dsv'
[11.563s] INFO:colcon.colcon_core.shell:Creating package script '/develop_ws/ardupilot/Tools/ros2/install/ardupilot_msgs/share/ardupilot_msgs/package.sh'
[11.563s] INFO:colcon.colcon_core.shell:Creating package script '/develop_ws/ardupilot/Tools/ros2/install/ardupilot_msgs/share/ardupilot_msgs/package.bash'
[11.564s] INFO:colcon.colcon_core.shell:Creating package script '/develop_ws/ardupilot/Tools/ros2/install/ardupilot_msgs/share/ardupilot_msgs/package.zsh'
[11.564s] Level 1:colcon.colcon_core.environment:create_file_with_runtime_dependencies(/develop_ws/ardupilot/Tools/ros2/install/ardupilot_msgs/share/colcon-core/packages/ardupilot_msgs)
[11.564s] DEBUG:colcon.colcon_parallel_executor.executor.parallel:closing loop
[11.565s] DEBUG:colcon.colcon_parallel_executor.executor.parallel:loop closed
[11.565s] DEBUG:colcon.colcon_parallel_executor.executor.parallel:run_until_complete finished with '0'
[11.566s] DEBUG:colcon.colcon_core.event_reactor:joining thread
[11.571s] INFO:colcon.colcon_core.plugin_system:Skipping extension 'colcon_notification.desktop_notification.notify_send': Could not find 'notify-send'
[11.572s] INFO:colcon.colcon_core.plugin_system:Skipping extension 'colcon_notification.desktop_notification.terminal_notifier': Not used on non-Darwin systems
[11.572s] INFO:colcon.colcon_core.plugin_system:Skipping extension 'colcon_notification.desktop_notification.win32': Not used on non-Windows systems
[11.572s] INFO:colcon.colcon_notification.desktop_notification:Sending desktop notification using 'notify2'
[11.575s] DEBUG:colcon.colcon_notification.desktop_notification.notify2:Failed to initialize notify2: org.freedesktop.DBus.Error.Spawn.ExecFailed: /usr/bin/dbus-launch terminated abnormally without any error message
[11.575s] DEBUG:colcon.colcon_core.event_reactor:joined thread
[11.576s] INFO:colcon.colcon_core.shell:Creating prefix script '/develop_ws/ardupilot/Tools/ros2/install/local_setup.ps1'
[11.577s] INFO:colcon.colcon_core.shell:Creating prefix util module '/develop_ws/ardupilot/Tools/ros2/install/_local_setup_util_ps1.py'
[11.579s] INFO:colcon.colcon_core.shell:Creating prefix chain script '/develop_ws/ardupilot/Tools/ros2/install/setup.ps1'
[11.580s] INFO:colcon.colcon_core.shell:Creating prefix script '/develop_ws/ardupilot/Tools/ros2/install/local_setup.sh'
[11.581s] INFO:colcon.colcon_core.shell:Creating prefix util module '/develop_ws/ardupilot/Tools/ros2/install/_local_setup_util_sh.py'
[11.582s] INFO:colcon.colcon_core.shell:Creating prefix chain script '/develop_ws/ardupilot/Tools/ros2/install/setup.sh'
[11.583s] INFO:colcon.colcon_core.shell:Creating prefix script '/develop_ws/ardupilot/Tools/ros2/install/local_setup.bash'
[11.584s] INFO:colcon.colcon_core.shell:Creating prefix chain script '/develop_ws/ardupilot/Tools/ros2/install/setup.bash'
[11.586s] INFO:colcon.colcon_core.shell:Creating prefix script '/develop_ws/ardupilot/Tools/ros2/install/local_setup.zsh'
[11.586s] INFO:colcon.colcon_core.shell:Creating prefix chain script '/develop_ws/ardupilot/Tools/ros2/install/setup.zsh'
